2021-04-26 10:06:45.782 [restartedMain] DEBUG com.submit.WorkuploadApplication - Running with Spring Boot v2.1.4.RELEASE, Spring v5.1.6.RELEASE
2021-04-26 10:11:16.611 [http-nio-8080-exec-2] DEBUG com.submit.dao.studentMapper.selectByPrimaryKey - ==>  Preparing: select studentno, name, pinyin, password from student where studentno = ? 
2021-04-26 10:11:16.711 [http-nio-8080-exec-2] DEBUG com.submit.dao.studentMapper.selectByPrimaryKey - ==> Parameters: 10170917(String)
2021-04-26 10:11:16.732 [http-nio-8080-exec-2] DEBUG com.submit.dao.studentMapper.selectByPrimaryKey - <==      Total: 1
2021-04-26 10:11:17.348 [http-nio-8080-exec-3] DEBUG com.submit.dao.studentMapper.selectByPrimaryKey - ==>  Preparing: select studentno, name, pinyin, password from student where studentno = ? 
2021-04-26 10:11:17.349 [http-nio-8080-exec-3] DEBUG com.submit.dao.studentMapper.selectByPrimaryKey - ==> Parameters: 10170917(String)
2021-04-26 10:11:17.351 [http-nio-8080-exec-3] DEBUG com.submit.dao.studentMapper.selectByPrimaryKey - <==      Total: 1
2021-04-26 10:11:17.353 [http-nio-8080-exec-3] DEBUG c.s.dao.teachclassMapper.getteacherclassbystuid - ==>  Preparing: SELECT * from teachclass WHERE ID in (SELECT classID FROM studentclass WHERE studentno=?) GROUP BY coursename,ID ORDER BY coursesemester DESC 
2021-04-26 10:11:17.357 [http-nio-8080-exec-3] DEBUG c.s.dao.teachclassMapper.getteacherclassbystuid - ==> Parameters: 10170917(String)
2021-04-26 10:11:17.364 [http-nio-8080-exec-3] DEBUG c.s.dao.teachclassMapper.getteacherclassbystuid - <==      Total: 1
2021-04-26 10:11:23.133 [http-nio-8080-exec-4] DEBUG com.submit.dao.studentMapper.selectByPrimaryKey - ==>  Preparing: select studentno, name, pinyin, password from student where studentno = ? 
2021-04-26 10:11:23.133 [http-nio-8080-exec-4] DEBUG com.submit.dao.studentMapper.selectByPrimaryKey - ==> Parameters: 10170917(String)
2021-04-26 10:11:23.135 [http-nio-8080-exec-4] DEBUG com.submit.dao.studentMapper.selectByPrimaryKey - <==      Total: 1
2021-04-26 10:11:23.137 [http-nio-8080-exec-4] DEBUG com.submit.dao.jobMapper.getjobbyteachclassid - ==>  Preparing: select * from job where teachclassid=? order by createTime desc 
2021-04-26 10:11:23.139 [http-nio-8080-exec-4] DEBUG com.submit.dao.jobMapper.getjobbyteachclassid - ==> Parameters: 2(Integer)
2021-04-26 10:11:23.197 [http-nio-8080-exec-4] DEBUG com.submit.dao.jobMapper.getjobbyteachclassid - <==      Total: 2
2021-04-26 10:11:25.751 [http-nio-8080-exec-5] DEBUG com.submit.dao.studentMapper.selectByPrimaryKey - ==>  Preparing: select studentno, name, pinyin, password from student where studentno = ? 
2021-04-26 10:11:25.752 [http-nio-8080-exec-5] DEBUG com.submit.dao.studentMapper.selectByPrimaryKey - ==> Parameters: 10170917(String)
2021-04-26 10:11:25.753 [http-nio-8080-exec-5] DEBUG com.submit.dao.studentMapper.selectByPrimaryKey - <==      Total: 1
2021-04-26 10:11:25.754 [http-nio-8080-exec-5] DEBUG com.submit.dao.questionMapper.selectbyjobid - ==>  Preparing: SELECT * FROM question WHERE idjob = ? 
2021-04-26 10:11:25.755 [http-nio-8080-exec-5] DEBUG com.submit.dao.questionMapper.selectbyjobid - ==> Parameters: 5(Integer)
2021-04-26 10:11:25.760 [http-nio-8080-exec-5] DEBUG com.submit.dao.questionMapper.selectbyjobid - <==      Total: 3
2021-04-26 10:11:28.921 [http-nio-8080-exec-6] DEBUG com.submit.dao.studentMapper.selectByPrimaryKey - ==>  Preparing: select studentno, name, pinyin, password from student where studentno = ? 
2021-04-26 10:11:28.921 [http-nio-8080-exec-6] DEBUG com.submit.dao.studentMapper.selectByPrimaryKey - ==> Parameters: 10170917(String)
2021-04-26 10:11:28.923 [http-nio-8080-exec-6] DEBUG com.submit.dao.studentMapper.selectByPrimaryKey - <==      Total: 1
2021-04-26 10:11:28.924 [http-nio-8080-exec-6] DEBUG com.submit.dao.questionMapper.selectonesqustion - ==>  Preparing: SELECT * FROM question LEFT JOIN answer ON question.idquestion = answer.idquestion AND answer.studentno = ? WHERE question.idquestion = ? 
2021-04-26 10:11:28.928 [http-nio-8080-exec-6] DEBUG com.submit.dao.questionMapper.selectonesqustion - ==> Parameters: 10170917(String), 2(Integer)
2021-04-26 10:11:28.931 [http-nio-8080-exec-6] DEBUG com.submit.dao.questionMapper.selectonesqustion - <==      Total: 1
2021-04-26 10:11:31.174 [http-nio-8080-exec-7] DEBUG com.submit.dao.studentMapper.selectByPrimaryKey - ==>  Preparing: select studentno, name, pinyin, password from student where studentno = ? 
2021-04-26 10:11:31.174 [http-nio-8080-exec-7] DEBUG com.submit.dao.studentMapper.selectByPrimaryKey - ==> Parameters: 10170917(String)
2021-04-26 10:11:31.175 [http-nio-8080-exec-7] DEBUG com.submit.dao.studentMapper.selectByPrimaryKey - <==      Total: 1
2021-04-26 10:11:31.176 [http-nio-8080-exec-7] DEBUG com.submit.dao.questionMapper.selectonesqustion - ==>  Preparing: SELECT * FROM question LEFT JOIN answer ON question.idquestion = answer.idquestion AND answer.studentno = ? WHERE question.idquestion = ? 
2021-04-26 10:11:31.176 [http-nio-8080-exec-7] DEBUG com.submit.dao.questionMapper.selectonesqustion - ==> Parameters: 10170917(String), 1(Integer)
2021-04-26 10:11:31.178 [http-nio-8080-exec-7] DEBUG com.submit.dao.questionMapper.selectonesqustion - <==      Total: 1
2021-04-26 10:11:33.538 [http-nio-8080-exec-8] DEBUG com.submit.dao.studentMapper.selectByPrimaryKey - ==>  Preparing: select studentno, name, pinyin, password from student where studentno = ? 
2021-04-26 10:11:33.538 [http-nio-8080-exec-8] DEBUG com.submit.dao.studentMapper.selectByPrimaryKey - ==> Parameters: 10170917(String)
2021-04-26 10:11:33.539 [http-nio-8080-exec-8] DEBUG com.submit.dao.studentMapper.selectByPrimaryKey - <==      Total: 1
2021-04-26 10:11:33.540 [http-nio-8080-exec-8] DEBUG com.submit.dao.questionMapper.selectonesqustion - ==>  Preparing: SELECT * FROM question LEFT JOIN answer ON question.idquestion = answer.idquestion AND answer.studentno = ? WHERE question.idquestion = ? 
2021-04-26 10:11:33.540 [http-nio-8080-exec-8] DEBUG com.submit.dao.questionMapper.selectonesqustion - ==> Parameters: 10170917(String), 3(Integer)
2021-04-26 10:11:33.542 [http-nio-8080-exec-8] DEBUG com.submit.dao.questionMapper.selectonesqustion - <==      Total: 1
2021-04-26 10:11:43.577 [http-nio-8080-exec-9] DEBUG com.submit.dao.studentMapper.selectByPrimaryKey - ==>  Preparing: select studentno, name, pinyin, password from student where studentno = ? 
2021-04-26 10:11:43.577 [http-nio-8080-exec-9] DEBUG com.submit.dao.studentMapper.selectByPrimaryKey - ==> Parameters: 10170917(String)
2021-04-26 10:11:43.579 [http-nio-8080-exec-9] DEBUG com.submit.dao.studentMapper.selectByPrimaryKey - <==      Total: 1
2021-04-26 10:11:43.579 [http-nio-8080-exec-9] DEBUG com.submit.dao.questionMapper.selectbyjobid - ==>  Preparing: SELECT * FROM question WHERE idjob = ? 
2021-04-26 10:11:43.580 [http-nio-8080-exec-9] DEBUG com.submit.dao.questionMapper.selectbyjobid - ==> Parameters: 5(Integer)
2021-04-26 10:11:43.581 [http-nio-8080-exec-9] DEBUG com.submit.dao.questionMapper.selectbyjobid - <==      Total: 3
2021-04-26 10:12:02.420 [http-nio-8080-exec-10] DEBUG com.submit.dao.studentMapper.selectByPrimaryKey - ==>  Preparing: select studentno, name, pinyin, password from student where studentno = ? 
2021-04-26 10:12:02.420 [http-nio-8080-exec-10] DEBUG com.submit.dao.studentMapper.selectByPrimaryKey - ==> Parameters: 10170917(String)
2021-04-26 10:12:02.423 [http-nio-8080-exec-10] DEBUG com.submit.dao.studentMapper.selectByPrimaryKey - <==      Total: 1
2021-04-26 10:12:02.424 [http-nio-8080-exec-10] DEBUG com.submit.dao.questionMapper.selectbyjobid - ==>  Preparing: SELECT * FROM question WHERE idjob = ? 
2021-04-26 10:12:02.424 [http-nio-8080-exec-10] DEBUG com.submit.dao.questionMapper.selectbyjobid - ==> Parameters: 5(Integer)
2021-04-26 10:12:02.427 [http-nio-8080-exec-10] DEBUG com.submit.dao.questionMapper.selectbyjobid - <==      Total: 3
2021-04-26 10:12:06.703 [http-nio-8080-exec-1] DEBUG com.submit.dao.studentMapper.selectByPrimaryKey - ==>  Preparing: select studentno, name, pinyin, password from student where studentno = ? 
2021-04-26 10:12:06.703 [http-nio-8080-exec-1] DEBUG com.submit.dao.studentMapper.selectByPrimaryKey - ==> Parameters: 10170917(String)
2021-04-26 10:12:06.704 [http-nio-8080-exec-1] DEBUG com.submit.dao.studentMapper.selectByPrimaryKey - <==      Total: 1
2021-04-26 10:12:06.705 [http-nio-8080-exec-1] DEBUG com.submit.dao.questionMapper.selectonesqustion - ==>  Preparing: SELECT * FROM question LEFT JOIN answer ON question.idquestion = answer.idquestion AND answer.studentno = ? WHERE question.idquestion = ? 
2021-04-26 10:12:06.705 [http-nio-8080-exec-1] DEBUG com.submit.dao.questionMapper.selectonesqustion - ==> Parameters: 10170917(String), 2(Integer)
2021-04-26 10:12:06.706 [http-nio-8080-exec-1] DEBUG com.submit.dao.questionMapper.selectonesqustion - <==      Total: 1
2021-04-26 10:12:10.512 [http-nio-8080-exec-2] DEBUG com.submit.dao.studentMapper.selectByPrimaryKey - ==>  Preparing: select studentno, name, pinyin, password from student where studentno = ? 
2021-04-26 10:12:10.513 [http-nio-8080-exec-2] DEBUG com.submit.dao.studentMapper.selectByPrimaryKey - ==> Parameters: 10170917(String)
2021-04-26 10:12:10.514 [http-nio-8080-exec-2] DEBUG com.submit.dao.studentMapper.selectByPrimaryKey - <==      Total: 1
2021-04-26 10:12:10.516 [http-nio-8080-exec-2] DEBUG com.submit.dao.questionMapper.selectonesqustion - ==>  Preparing: SELECT * FROM question LEFT JOIN answer ON question.idquestion = answer.idquestion AND answer.studentno = ? WHERE question.idquestion = ? 
2021-04-26 10:12:10.516 [http-nio-8080-exec-2] DEBUG com.submit.dao.questionMapper.selectonesqustion - ==> Parameters: 10170917(String), 1(Integer)
2021-04-26 10:12:10.517 [http-nio-8080-exec-2] DEBUG com.submit.dao.questionMapper.selectonesqustion - <==      Total: 1
2021-04-26 10:12:10.876 [http-nio-8080-exec-3] DEBUG com.submit.dao.studentMapper.selectByPrimaryKey - ==>  Preparing: select studentno, name, pinyin, password from student where studentno = ? 
2021-04-26 10:12:10.876 [http-nio-8080-exec-3] DEBUG com.submit.dao.studentMapper.selectByPrimaryKey - ==> Parameters: 10170917(String)
2021-04-26 10:12:10.877 [http-nio-8080-exec-3] DEBUG com.submit.dao.studentMapper.selectByPrimaryKey - <==      Total: 1
2021-04-26 10:12:10.878 [http-nio-8080-exec-3] DEBUG com.submit.dao.questionMapper.selectonesqustion - ==>  Preparing: SELECT * FROM question LEFT JOIN answer ON question.idquestion = answer.idquestion AND answer.studentno = ? WHERE question.idquestion = ? 
2021-04-26 10:12:10.878 [http-nio-8080-exec-3] DEBUG com.submit.dao.questionMapper.selectonesqustion - ==> Parameters: 10170917(String), 1(Integer)
2021-04-26 10:12:10.879 [http-nio-8080-exec-3] DEBUG com.submit.dao.questionMapper.selectonesqustion - <==      Total: 1
2021-04-26 10:17:22.398 [http-nio-8080-exec-5] DEBUG com.submit.dao.studentMapper.selectByPrimaryKey - ==>  Preparing: select studentno, name, pinyin, password from student where studentno = ? 
2021-04-26 10:17:22.398 [http-nio-8080-exec-5] DEBUG com.submit.dao.studentMapper.selectByPrimaryKey - ==> Parameters: 10170917(String)
2021-04-26 10:17:22.399 [http-nio-8080-exec-5] DEBUG com.submit.dao.studentMapper.selectByPrimaryKey - <==      Total: 1
2021-04-26 10:17:22.400 [http-nio-8080-exec-5] DEBUG com.submit.dao.questionMapper.selectbyjobid - ==>  Preparing: SELECT * FROM question WHERE idjob = ? 
2021-04-26 10:17:22.400 [http-nio-8080-exec-5] DEBUG com.submit.dao.questionMapper.selectbyjobid - ==> Parameters: 5(Integer)
2021-04-26 10:17:22.402 [http-nio-8080-exec-5] DEBUG com.submit.dao.questionMapper.selectbyjobid - <==      Total: 3
2021-04-26 10:17:25.322 [http-nio-8080-exec-6] DEBUG com.submit.dao.studentMapper.selectByPrimaryKey - ==>  Preparing: select studentno, name, pinyin, password from student where studentno = ? 
2021-04-26 10:17:25.322 [http-nio-8080-exec-6] DEBUG com.submit.dao.studentMapper.selectByPrimaryKey - ==> Parameters: 10170917(String)
2021-04-26 10:17:25.323 [http-nio-8080-exec-6] DEBUG com.submit.dao.studentMapper.selectByPrimaryKey - <==      Total: 1
2021-04-26 10:17:25.324 [http-nio-8080-exec-6] DEBUG com.submit.dao.questionMapper.selectonesqustion - ==>  Preparing: SELECT * FROM question LEFT JOIN answer ON question.idquestion = answer.idquestion AND answer.studentno = ? WHERE question.idquestion = ? 
2021-04-26 10:17:25.324 [http-nio-8080-exec-6] DEBUG com.submit.dao.questionMapper.selectonesqustion - ==> Parameters: 10170917(String), 3(Integer)
2021-04-26 10:17:25.325 [http-nio-8080-exec-6] DEBUG com.submit.dao.questionMapper.selectonesqustion - <==      Total: 1
2021-04-26 10:17:44.634 [http-nio-8080-exec-7] DEBUG com.submit.dao.studentMapper.selectByPrimaryKey - ==>  Preparing: select studentno, name, pinyin, password from student where studentno = ? 
2021-04-26 10:17:44.634 [http-nio-8080-exec-7] DEBUG com.submit.dao.studentMapper.selectByPrimaryKey - ==> Parameters: 10170917(String)
2021-04-26 10:17:44.635 [http-nio-8080-exec-7] DEBUG com.submit.dao.studentMapper.selectByPrimaryKey - <==      Total: 1
2021-04-26 10:17:44.636 [http-nio-8080-exec-7] DEBUG com.submit.dao.questionMapper.selectonesqustion - ==>  Preparing: SELECT * FROM question LEFT JOIN answer ON question.idquestion = answer.idquestion AND answer.studentno = ? WHERE question.idquestion = ? 
2021-04-26 10:17:44.636 [http-nio-8080-exec-7] DEBUG com.submit.dao.questionMapper.selectonesqustion - ==> Parameters: 10170917(String), 3(Integer)
2021-04-26 10:17:44.638 [http-nio-8080-exec-7] DEBUG com.submit.dao.questionMapper.selectonesqustion - <==      Total: 1
2021-04-26 10:20:04.896 [http-nio-8080-exec-9] DEBUG com.submit.dao.studentMapper.selectByPrimaryKey - ==>  Preparing: select studentno, name, pinyin, password from student where studentno = ? 
2021-04-26 10:20:04.897 [http-nio-8080-exec-9] DEBUG com.submit.dao.studentMapper.selectByPrimaryKey - ==> Parameters: 10170917(String)
2021-04-26 10:20:04.899 [http-nio-8080-exec-9] DEBUG com.submit.dao.studentMapper.selectByPrimaryKey - <==      Total: 1
2021-04-26 10:20:04.900 [http-nio-8080-exec-9] DEBUG com.submit.dao.questionMapper.selectbyjobid - ==>  Preparing: SELECT * FROM question WHERE idjob = ? 
2021-04-26 10:20:04.900 [http-nio-8080-exec-9] DEBUG com.submit.dao.questionMapper.selectbyjobid - ==> Parameters: 5(Integer)
2021-04-26 10:20:04.902 [http-nio-8080-exec-9] DEBUG com.submit.dao.questionMapper.selectbyjobid - <==      Total: 3
2021-04-26 10:20:04.907 [http-nio-8080-exec-9] DEBUG com.submit.dao.studentMapper.selectByPrimaryKey - ==>  Preparing: select studentno, name, pinyin, password from student where studentno = ? 
2021-04-26 10:20:04.907 [http-nio-8080-exec-9] DEBUG com.submit.dao.studentMapper.selectByPrimaryKey - ==> Parameters: 10170917(String)
2021-04-26 10:20:04.908 [http-nio-8080-exec-9] DEBUG com.submit.dao.studentMapper.selectByPrimaryKey - <==      Total: 1
2021-04-26 10:20:04.909 [http-nio-8080-exec-9] DEBUG com.submit.dao.questionMapper.selectbyjobid - ==>  Preparing: SELECT * FROM question WHERE idjob = ? 
2021-04-26 10:20:04.909 [http-nio-8080-exec-9] DEBUG com.submit.dao.questionMapper.selectbyjobid - ==> Parameters: 5(Integer)
2021-04-26 10:20:04.912 [http-nio-8080-exec-9] DEBUG com.submit.dao.questionMapper.selectbyjobid - <==      Total: 3
2021-04-26 10:20:05.062 [http-nio-8080-exec-1] DEBUG com.submit.dao.studentMapper.selectByPrimaryKey - ==>  Preparing: select studentno, name, pinyin, password from student where studentno = ? 
2021-04-26 10:20:05.062 [http-nio-8080-exec-1] DEBUG com.submit.dao.studentMapper.selectByPrimaryKey - ==> Parameters: 10170917(String)
2021-04-26 10:20:05.064 [http-nio-8080-exec-1] DEBUG com.submit.dao.studentMapper.selectByPrimaryKey - <==      Total: 1
2021-04-26 10:20:05.065 [http-nio-8080-exec-1] DEBUG c.s.dao.teachclassMapper.getteacherclassbystuid - ==>  Preparing: SELECT * from teachclass WHERE ID in (SELECT classID FROM studentclass WHERE studentno=?) GROUP BY coursename,ID ORDER BY coursesemester DESC 
2021-04-26 10:20:05.065 [http-nio-8080-exec-1] DEBUG c.s.dao.teachclassMapper.getteacherclassbystuid - ==> Parameters: 10170917(String)
2021-04-26 10:20:05.066 [http-nio-8080-exec-1] DEBUG c.s.dao.teachclassMapper.getteacherclassbystuid - <==      Total: 1
2021-04-26 10:20:05.284 [http-nio-8080-exec-2] DEBUG com.submit.dao.studentMapper.selectByPrimaryKey - ==>  Preparing: select studentno, name, pinyin, password from student where studentno = ? 
2021-04-26 10:20:05.285 [http-nio-8080-exec-2] DEBUG com.submit.dao.studentMapper.selectByPrimaryKey - ==> Parameters: 10170917(String)
2021-04-26 10:20:05.286 [http-nio-8080-exec-2] DEBUG com.submit.dao.studentMapper.selectByPrimaryKey - <==      Total: 1
2021-04-26 10:20:05.286 [http-nio-8080-exec-2] DEBUG c.s.dao.teachclassMapper.getteacherclassbystuid - ==>  Preparing: SELECT * from teachclass WHERE ID in (SELECT classID FROM studentclass WHERE studentno=?) GROUP BY coursename,ID ORDER BY coursesemester DESC 
2021-04-26 10:20:05.286 [http-nio-8080-exec-2] DEBUG c.s.dao.teachclassMapper.getteacherclassbystuid - ==> Parameters: 10170917(String)
2021-04-26 10:20:05.288 [http-nio-8080-exec-2] DEBUG c.s.dao.teachclassMapper.getteacherclassbystuid - <==      Total: 1
2021-04-26 10:20:08.895 [http-nio-8080-exec-3] DEBUG com.submit.dao.studentMapper.selectByPrimaryKey - ==>  Preparing: select studentno, name, pinyin, password from student where studentno = ? 
2021-04-26 10:20:08.895 [http-nio-8080-exec-3] DEBUG com.submit.dao.studentMapper.selectByPrimaryKey - ==> Parameters: 10170917(String)
2021-04-26 10:20:08.896 [http-nio-8080-exec-3] DEBUG com.submit.dao.studentMapper.selectByPrimaryKey - <==      Total: 1
2021-04-26 10:20:08.897 [http-nio-8080-exec-3] DEBUG com.submit.dao.questionMapper.selectonesqustion - ==>  Preparing: SELECT * FROM question LEFT JOIN answer ON question.idquestion = answer.idquestion AND answer.studentno = ? WHERE question.idquestion = ? 
2021-04-26 10:20:08.897 [http-nio-8080-exec-3] DEBUG com.submit.dao.questionMapper.selectonesqustion - ==> Parameters: 10170917(String), 3(Integer)
2021-04-26 10:20:08.898 [http-nio-8080-exec-3] DEBUG com.submit.dao.questionMapper.selectonesqustion - <==      Total: 1
2021-04-26 15:44:03.097 [restartedMain] DEBUG com.submit.WorkuploadApplication - Running with Spring Boot v2.1.4.RELEASE, Spring v5.1.6.RELEASE
2021-04-26 16:00:49.042 [restartedMain] DEBUG com.submit.WorkuploadApplication - Running with Spring Boot v2.1.4.RELEASE, Spring v5.1.6.RELEASE
2021-04-26 16:03:39.373 [http-nio-8080-exec-2] DEBUG com.submit.dao.studentMapper.selectByPrimaryKey - ==>  Preparing: select studentno, name, pinyin, password from student where studentno = ? 
2021-04-26 16:03:39.488 [http-nio-8080-exec-2] DEBUG com.submit.dao.studentMapper.selectByPrimaryKey - ==> Parameters: 10170917(String)
2021-04-26 16:03:39.532 [http-nio-8080-exec-2] DEBUG com.submit.dao.studentMapper.selectByPrimaryKey - <==      Total: 1
2021-04-26 16:03:39.866 [http-nio-8080-exec-3] DEBUG com.submit.dao.studentMapper.selectByPrimaryKey - ==>  Preparing: select studentno, name, pinyin, password from student where studentno = ? 
2021-04-26 16:03:39.866 [http-nio-8080-exec-3] DEBUG com.submit.dao.studentMapper.selectByPrimaryKey - ==> Parameters: 10170917(String)
2021-04-26 16:03:39.867 [http-nio-8080-exec-3] DEBUG com.submit.dao.studentMapper.selectByPrimaryKey - <==      Total: 1
2021-04-26 16:03:39.870 [http-nio-8080-exec-3] DEBUG c.s.dao.teachclassMapper.getteacherclassbystuid - ==>  Preparing: SELECT * from teachclass WHERE ID in (SELECT classID FROM studentclass WHERE studentno=?) GROUP BY coursename,ID ORDER BY coursesemester DESC 
2021-04-26 16:03:39.875 [http-nio-8080-exec-3] DEBUG c.s.dao.teachclassMapper.getteacherclassbystuid - ==> Parameters: 10170917(String)
2021-04-26 16:03:39.895 [http-nio-8080-exec-3] DEBUG c.s.dao.teachclassMapper.getteacherclassbystuid - <==      Total: 1
2021-04-26 16:03:48.568 [http-nio-8080-exec-4] DEBUG com.submit.dao.studentMapper.selectByPrimaryKey - ==>  Preparing: select studentno, name, pinyin, password from student where studentno = ? 
2021-04-26 16:03:48.569 [http-nio-8080-exec-4] DEBUG com.submit.dao.studentMapper.selectByPrimaryKey - ==> Parameters: 10170917(String)
2021-04-26 16:03:48.570 [http-nio-8080-exec-4] DEBUG com.submit.dao.studentMapper.selectByPrimaryKey - <==      Total: 1
2021-04-26 16:03:48.572 [http-nio-8080-exec-4] DEBUG com.submit.dao.jobMapper.getstudentjob - ==>  Preparing: SELECT * FROM job LEFT JOIN jobstatus ON job.ID = jobstatus.idjob and jobstatus.studentno = 10170917 WHERE teachclassid = 2 
2021-04-26 16:03:48.576 [http-nio-8080-exec-4] DEBUG com.submit.dao.jobMapper.getstudentjob - ==> Parameters: 
2021-04-26 16:03:48.600 [http-nio-8080-exec-4] DEBUG com.submit.dao.jobMapper.getstudentjob - <==      Total: 2
2021-04-26 16:07:38.674 [http-nio-8080-exec-6] DEBUG com.submit.dao.studentMapper.selectByPrimaryKey - ==>  Preparing: select studentno, name, pinyin, password from student where studentno = ? 
2021-04-26 16:07:38.675 [http-nio-8080-exec-6] DEBUG com.submit.dao.studentMapper.selectByPrimaryKey - ==> Parameters: 10170917(String)
2021-04-26 16:07:38.677 [http-nio-8080-exec-6] DEBUG com.submit.dao.studentMapper.selectByPrimaryKey - <==      Total: 1
2021-04-26 16:07:38.678 [http-nio-8080-exec-6] DEBUG c.s.dao.teachclassMapper.getteacherclassbystuid - ==>  Preparing: SELECT * from teachclass WHERE ID in (SELECT classID FROM studentclass WHERE studentno=?) GROUP BY coursename,ID ORDER BY coursesemester DESC 
2021-04-26 16:07:38.678 [http-nio-8080-exec-6] DEBUG c.s.dao.teachclassMapper.getteacherclassbystuid - ==> Parameters: 10170917(String)
2021-04-26 16:07:38.683 [http-nio-8080-exec-6] DEBUG c.s.dao.teachclassMapper.getteacherclassbystuid - <==      Total: 1
2021-04-26 16:07:44.774 [http-nio-8080-exec-7] DEBUG com.submit.dao.studentMapper.selectByPrimaryKey - ==>  Preparing: select studentno, name, pinyin, password from student where studentno = ? 
2021-04-26 16:07:44.774 [http-nio-8080-exec-7] DEBUG com.submit.dao.studentMapper.selectByPrimaryKey - ==> Parameters: 10170917(String)
2021-04-26 16:07:44.776 [http-nio-8080-exec-7] DEBUG com.submit.dao.studentMapper.selectByPrimaryKey - <==      Total: 1
2021-04-26 16:07:44.777 [http-nio-8080-exec-7] DEBUG com.submit.dao.jobMapper.getstudentjob - ==>  Preparing: SELECT * FROM job LEFT JOIN jobstatus ON job.ID = jobstatus.idjob and jobstatus.studentno = 10170917 WHERE teachclassid = 2 
2021-04-26 16:07:44.777 [http-nio-8080-exec-7] DEBUG com.submit.dao.jobMapper.getstudentjob - ==> Parameters: 
2021-04-26 16:07:44.780 [http-nio-8080-exec-7] DEBUG com.submit.dao.jobMapper.getstudentjob - <==      Total: 2
2021-04-26 16:08:40.502 [http-nio-8080-exec-10] DEBUG com.submit.dao.studentMapper.selectByPrimaryKey - ==>  Preparing: select studentno, name, pinyin, password from student where studentno = ? 
2021-04-26 16:08:40.502 [http-nio-8080-exec-10] DEBUG com.submit.dao.studentMapper.selectByPrimaryKey - ==> Parameters: 10170917(String)
2021-04-26 16:08:40.503 [http-nio-8080-exec-10] DEBUG com.submit.dao.studentMapper.selectByPrimaryKey - <==      Total: 1
2021-04-26 16:08:40.504 [http-nio-8080-exec-10] DEBUG c.s.dao.teachclassMapper.getteacherclassbystuid - ==>  Preparing: SELECT * from teachclass WHERE ID in (SELECT classID FROM studentclass WHERE studentno=?) GROUP BY coursename,ID ORDER BY coursesemester DESC 
2021-04-26 16:08:40.505 [http-nio-8080-exec-10] DEBUG c.s.dao.teachclassMapper.getteacherclassbystuid - ==> Parameters: 10170917(String)
2021-04-26 16:08:40.506 [http-nio-8080-exec-10] DEBUG c.s.dao.teachclassMapper.getteacherclassbystuid - <==      Total: 1
2021-04-26 16:08:45.340 [http-nio-8080-exec-9] DEBUG com.submit.dao.studentMapper.selectByPrimaryKey - ==>  Preparing: select studentno, name, pinyin, password from student where studentno = ? 
2021-04-26 16:08:45.340 [http-nio-8080-exec-9] DEBUG com.submit.dao.studentMapper.selectByPrimaryKey - ==> Parameters: 10170917(String)
2021-04-26 16:08:45.341 [http-nio-8080-exec-9] DEBUG com.submit.dao.studentMapper.selectByPrimaryKey - <==      Total: 1
2021-04-26 16:08:45.342 [http-nio-8080-exec-9] DEBUG com.submit.dao.jobMapper.getstudentjob - ==>  Preparing: SELECT * FROM job LEFT JOIN jobstatus ON job.ID = jobstatus.idjob and jobstatus.studentno = 10170917 WHERE teachclassid = 2 
2021-04-26 16:08:45.342 [http-nio-8080-exec-9] DEBUG com.submit.dao.jobMapper.getstudentjob - ==> Parameters: 
2021-04-26 16:08:45.345 [http-nio-8080-exec-9] DEBUG com.submit.dao.jobMapper.getstudentjob - <==      Total: 2
2021-04-26 16:11:01.766 [http-nio-8080-exec-2] DEBUG com.submit.dao.studentMapper.selectByPrimaryKey - ==>  Preparing: select studentno, name, pinyin, password from student where studentno = ? 
2021-04-26 16:11:01.766 [http-nio-8080-exec-2] DEBUG com.submit.dao.studentMapper.selectByPrimaryKey - ==> Parameters: 10170917(String)
2021-04-26 16:11:01.768 [http-nio-8080-exec-2] DEBUG com.submit.dao.studentMapper.selectByPrimaryKey - <==      Total: 1
2021-04-26 16:11:01.769 [http-nio-8080-exec-2] DEBUG c.s.dao.teachclassMapper.getteacherclassbystuid - ==>  Preparing: SELECT * from teachclass WHERE ID in (SELECT classID FROM studentclass WHERE studentno=?) GROUP BY coursename,ID ORDER BY coursesemester DESC 
2021-04-26 16:11:01.769 [http-nio-8080-exec-2] DEBUG c.s.dao.teachclassMapper.getteacherclassbystuid - ==> Parameters: 10170917(String)
2021-04-26 16:11:01.773 [http-nio-8080-exec-2] DEBUG c.s.dao.teachclassMapper.getteacherclassbystuid - <==      Total: 1
2021-04-26 16:11:06.468 [http-nio-8080-exec-3] DEBUG com.submit.dao.studentMapper.selectByPrimaryKey - ==>  Preparing: select studentno, name, pinyin, password from student where studentno = ? 
2021-04-26 16:11:06.469 [http-nio-8080-exec-3] DEBUG com.submit.dao.studentMapper.selectByPrimaryKey - ==> Parameters: 10170917(String)
2021-04-26 16:11:06.471 [http-nio-8080-exec-3] DEBUG com.submit.dao.studentMapper.selectByPrimaryKey - <==      Total: 1
2021-04-26 16:11:06.473 [http-nio-8080-exec-3] DEBUG com.submit.dao.jobMapper.getstudentjob - ==>  Preparing: SELECT * FROM job LEFT JOIN jobstatus ON job.ID = jobstatus.idjob and jobstatus.studentno = 10170917 WHERE teachclassid = 2 
2021-04-26 16:11:06.473 [http-nio-8080-exec-3] DEBUG com.submit.dao.jobMapper.getstudentjob - ==> Parameters: 
2021-04-26 16:11:06.475 [http-nio-8080-exec-3] DEBUG com.submit.dao.jobMapper.getstudentjob - <==      Total: 2
2021-04-26 16:12:38.149 [http-nio-8080-exec-5] DEBUG com.submit.dao.studentMapper.selectByPrimaryKey - ==>  Preparing: select studentno, name, pinyin, password from student where studentno = ? 
2021-04-26 16:12:38.149 [http-nio-8080-exec-5] DEBUG com.submit.dao.studentMapper.selectByPrimaryKey - ==> Parameters: 10170917(String)
2021-04-26 16:12:38.150 [http-nio-8080-exec-5] DEBUG com.submit.dao.studentMapper.selectByPrimaryKey - <==      Total: 1
2021-04-26 16:12:38.151 [http-nio-8080-exec-5] DEBUG c.s.dao.teachclassMapper.getteacherclassbystuid - ==>  Preparing: SELECT * from teachclass WHERE ID in (SELECT classID FROM studentclass WHERE studentno=?) GROUP BY coursename,ID ORDER BY coursesemester DESC 
2021-04-26 16:12:38.151 [http-nio-8080-exec-5] DEBUG c.s.dao.teachclassMapper.getteacherclassbystuid - ==> Parameters: 10170917(String)
2021-04-26 16:12:38.152 [http-nio-8080-exec-5] DEBUG c.s.dao.teachclassMapper.getteacherclassbystuid - <==      Total: 1
2021-04-26 16:12:42.428 [http-nio-8080-exec-6] DEBUG com.submit.dao.studentMapper.selectByPrimaryKey - ==>  Preparing: select studentno, name, pinyin, password from student where studentno = ? 
2021-04-26 16:12:42.428 [http-nio-8080-exec-6] DEBUG com.submit.dao.studentMapper.selectByPrimaryKey - ==> Parameters: 10170917(String)
2021-04-26 16:12:42.430 [http-nio-8080-exec-6] DEBUG com.submit.dao.studentMapper.selectByPrimaryKey - <==      Total: 1
2021-04-26 16:12:42.432 [http-nio-8080-exec-6] DEBUG com.submit.dao.jobMapper.getstudentjob - ==>  Preparing: SELECT * FROM job LEFT JOIN jobstatus ON job.ID = jobstatus.idjob and jobstatus.studentno = 10170917 WHERE teachclassid = 2 
2021-04-26 16:12:42.433 [http-nio-8080-exec-6] DEBUG com.submit.dao.jobMapper.getstudentjob - ==> Parameters: 
2021-04-26 16:12:42.435 [http-nio-8080-exec-6] DEBUG com.submit.dao.jobMapper.getstudentjob - <==      Total: 2
2021-04-26 16:17:26.187 [http-nio-8080-exec-8] DEBUG com.submit.dao.studentMapper.selectByPrimaryKey - ==>  Preparing: select studentno, name, pinyin, password from student where studentno = ? 
2021-04-26 16:17:26.187 [http-nio-8080-exec-8] DEBUG com.submit.dao.studentMapper.selectByPrimaryKey - ==> Parameters: 10170917(String)
2021-04-26 16:17:26.189 [http-nio-8080-exec-8] DEBUG com.submit.dao.studentMapper.selectByPrimaryKey - <==      Total: 1
2021-04-26 16:17:26.189 [http-nio-8080-exec-8] DEBUG c.s.dao.teachclassMapper.getteacherclassbystuid - ==>  Preparing: SELECT * from teachclass WHERE ID in (SELECT classID FROM studentclass WHERE studentno=?) GROUP BY coursename,ID ORDER BY coursesemester DESC 
2021-04-26 16:17:26.189 [http-nio-8080-exec-8] DEBUG c.s.dao.teachclassMapper.getteacherclassbystuid - ==> Parameters: 10170917(String)
2021-04-26 16:17:26.191 [http-nio-8080-exec-8] DEBUG c.s.dao.teachclassMapper.getteacherclassbystuid - <==      Total: 1
2021-04-26 16:17:37.539 [http-nio-8080-exec-10] DEBUG com.submit.dao.studentMapper.selectByPrimaryKey - ==>  Preparing: select studentno, name, pinyin, password from student where studentno = ? 
2021-04-26 16:17:37.539 [http-nio-8080-exec-10] DEBUG com.submit.dao.studentMapper.selectByPrimaryKey - ==> Parameters: 10170917(String)
2021-04-26 16:17:37.540 [http-nio-8080-exec-10] DEBUG com.submit.dao.studentMapper.selectByPrimaryKey - <==      Total: 1
2021-04-26 16:17:37.541 [http-nio-8080-exec-10] DEBUG com.submit.dao.jobMapper.getstudentjob - ==>  Preparing: SELECT * FROM job LEFT JOIN jobstatus ON job.ID = jobstatus.idjob and jobstatus.studentno = 10170917 WHERE teachclassid = 2 
2021-04-26 16:17:37.541 [http-nio-8080-exec-10] DEBUG com.submit.dao.jobMapper.getstudentjob - ==> Parameters: 
2021-04-26 16:17:37.543 [http-nio-8080-exec-10] DEBUG com.submit.dao.jobMapper.getstudentjob - <==      Total: 2
2021-04-26 16:20:26.522 [http-nio-8080-exec-1] DEBUG com.submit.dao.studentMapper.selectByPrimaryKey - ==>  Preparing: select studentno, name, pinyin, password from student where studentno = ? 
2021-04-26 16:20:26.522 [http-nio-8080-exec-1] DEBUG com.submit.dao.studentMapper.selectByPrimaryKey - ==> Parameters: 10170917(String)
2021-04-26 16:20:26.523 [http-nio-8080-exec-1] DEBUG com.submit.dao.studentMapper.selectByPrimaryKey - <==      Total: 1
2021-04-26 16:20:26.524 [http-nio-8080-exec-1] DEBUG c.s.dao.teachclassMapper.getteacherclassbystuid - ==>  Preparing: SELECT * from teachclass WHERE ID in (SELECT classID FROM studentclass WHERE studentno=?) GROUP BY coursename,ID ORDER BY coursesemester DESC 
2021-04-26 16:20:26.524 [http-nio-8080-exec-1] DEBUG c.s.dao.teachclassMapper.getteacherclassbystuid - ==> Parameters: 10170917(String)
2021-04-26 16:20:26.527 [http-nio-8080-exec-1] DEBUG c.s.dao.teachclassMapper.getteacherclassbystuid - <==      Total: 1
2021-04-26 16:20:30.973 [http-nio-8080-exec-2] DEBUG com.submit.dao.studentMapper.selectByPrimaryKey - ==>  Preparing: select studentno, name, pinyin, password from student where studentno = ? 
2021-04-26 16:20:30.974 [http-nio-8080-exec-2] DEBUG com.submit.dao.studentMapper.selectByPrimaryKey - ==> Parameters: 10170917(String)
2021-04-26 16:20:30.974 [http-nio-8080-exec-2] DEBUG com.submit.dao.studentMapper.selectByPrimaryKey - <==      Total: 1
2021-04-26 16:20:30.975 [http-nio-8080-exec-2] DEBUG com.submit.dao.jobMapper.getstudentjob - ==>  Preparing: SELECT * FROM job LEFT JOIN jobstatus ON job.ID = jobstatus.idjob and jobstatus.studentno = 10170917 WHERE teachclassid = 2 
2021-04-26 16:20:30.975 [http-nio-8080-exec-2] DEBUG com.submit.dao.jobMapper.getstudentjob - ==> Parameters: 
2021-04-26 16:20:30.977 [http-nio-8080-exec-2] DEBUG com.submit.dao.jobMapper.getstudentjob - <==      Total: 2
2021-04-26 16:21:39.600 [http-nio-8080-exec-4] DEBUG com.submit.dao.studentMapper.selectByPrimaryKey - ==>  Preparing: select studentno, name, pinyin, password from student where studentno = ? 
2021-04-26 16:21:39.600 [http-nio-8080-exec-4] DEBUG com.submit.dao.studentMapper.selectByPrimaryKey - ==> Parameters: 10170917(String)
2021-04-26 16:21:39.602 [http-nio-8080-exec-4] DEBUG com.submit.dao.studentMapper.selectByPrimaryKey - <==      Total: 1
2021-04-26 16:21:39.603 [http-nio-8080-exec-4] DEBUG c.s.dao.teachclassMapper.getteacherclassbystuid - ==>  Preparing: SELECT * from teachclass WHERE ID in (SELECT classID FROM studentclass WHERE studentno=?) GROUP BY coursename,ID ORDER BY coursesemester DESC 
2021-04-26 16:21:39.603 [http-nio-8080-exec-4] DEBUG c.s.dao.teachclassMapper.getteacherclassbystuid - ==> Parameters: 10170917(String)
2021-04-26 16:21:39.604 [http-nio-8080-exec-4] DEBUG c.s.dao.teachclassMapper.getteacherclassbystuid - <==      Total: 1
2021-04-26 16:22:16.007 [http-nio-8080-exec-5] DEBUG com.submit.dao.studentMapper.selectByPrimaryKey - ==>  Preparing: select studentno, name, pinyin, password from student where studentno = ? 
2021-04-26 16:22:16.008 [http-nio-8080-exec-5] DEBUG com.submit.dao.studentMapper.selectByPrimaryKey - ==> Parameters: 10170917(String)
2021-04-26 16:22:16.009 [http-nio-8080-exec-5] DEBUG com.submit.dao.studentMapper.selectByPrimaryKey - <==      Total: 1
2021-04-26 16:22:16.010 [http-nio-8080-exec-5] DEBUG com.submit.dao.jobMapper.getstudentjob - ==>  Preparing: SELECT * FROM job LEFT JOIN jobstatus ON job.ID = jobstatus.idjob and jobstatus.studentno = 10170917 WHERE teachclassid = 2 
2021-04-26 16:22:16.010 [http-nio-8080-exec-5] DEBUG com.submit.dao.jobMapper.getstudentjob - ==> Parameters: 
2021-04-26 16:22:16.012 [http-nio-8080-exec-5] DEBUG com.submit.dao.jobMapper.getstudentjob - <==      Total: 2
2021-04-26 16:23:06.982 [http-nio-8080-exec-7] DEBUG com.submit.dao.studentMapper.selectByPrimaryKey - ==>  Preparing: select studentno, name, pinyin, password from student where studentno = ? 
2021-04-26 16:23:06.982 [http-nio-8080-exec-7] DEBUG com.submit.dao.studentMapper.selectByPrimaryKey - ==> Parameters: 10170917(String)
2021-04-26 16:23:06.984 [http-nio-8080-exec-7] DEBUG com.submit.dao.studentMapper.selectByPrimaryKey - <==      Total: 1
2021-04-26 16:23:06.984 [http-nio-8080-exec-7] DEBUG c.s.dao.teachclassMapper.getteacherclassbystuid - ==>  Preparing: SELECT * from teachclass WHERE ID in (SELECT classID FROM studentclass WHERE studentno=?) GROUP BY coursename,ID ORDER BY coursesemester DESC 
2021-04-26 16:23:06.984 [http-nio-8080-exec-7] DEBUG c.s.dao.teachclassMapper.getteacherclassbystuid - ==> Parameters: 10170917(String)
2021-04-26 16:23:06.986 [http-nio-8080-exec-7] DEBUG c.s.dao.teachclassMapper.getteacherclassbystuid - <==      Total: 1
2021-04-26 16:23:11.796 [http-nio-8080-exec-8] DEBUG com.submit.dao.studentMapper.selectByPrimaryKey - ==>  Preparing: select studentno, name, pinyin, password from student where studentno = ? 
2021-04-26 16:23:11.796 [http-nio-8080-exec-8] DEBUG com.submit.dao.studentMapper.selectByPrimaryKey - ==> Parameters: 10170917(String)
2021-04-26 16:23:11.798 [http-nio-8080-exec-8] DEBUG com.submit.dao.studentMapper.selectByPrimaryKey - <==      Total: 1
2021-04-26 16:23:11.800 [http-nio-8080-exec-8] DEBUG com.submit.dao.jobMapper.getstudentjob - ==>  Preparing: SELECT * FROM job LEFT JOIN jobstatus ON job.ID = jobstatus.idjob and jobstatus.studentno = 10170917 WHERE teachclassid = 2 
2021-04-26 16:23:11.801 [http-nio-8080-exec-8] DEBUG com.submit.dao.jobMapper.getstudentjob - ==> Parameters: 
2021-04-26 16:23:11.804 [http-nio-8080-exec-8] DEBUG com.submit.dao.jobMapper.getstudentjob - <==      Total: 2
2021-04-26 16:30:00.703 [restartedMain] DEBUG com.submit.WorkuploadApplication - Running with Spring Boot v2.1.4.RELEASE, Spring v5.1.6.RELEASE
2021-04-26 16:33:20.696 [http-nio-8080-exec-1] DEBUG com.submit.dao.studentMapper.selectByPrimaryKey - ==>  Preparing: select studentno, name, pinyin, password from student where studentno = ? 
2021-04-26 16:33:20.791 [http-nio-8080-exec-1] DEBUG com.submit.dao.studentMapper.selectByPrimaryKey - ==> Parameters: 10170917(String)
2021-04-26 16:33:20.816 [http-nio-8080-exec-1] DEBUG com.submit.dao.studentMapper.selectByPrimaryKey - <==      Total: 1
2021-04-26 16:33:20.829 [http-nio-8080-exec-1] DEBUG c.s.dao.teachclassMapper.getteacherclassbystuid - ==>  Preparing: SELECT * from teachclass WHERE ID in (SELECT classID FROM studentclass WHERE studentno=?) GROUP BY coursename,ID ORDER BY coursesemester DESC 
2021-04-26 16:33:20.832 [http-nio-8080-exec-1] DEBUG c.s.dao.teachclassMapper.getteacherclassbystuid - ==> Parameters: 10170917(String)
2021-04-26 16:33:20.838 [http-nio-8080-exec-1] DEBUG c.s.dao.teachclassMapper.getteacherclassbystuid - <==      Total: 1
2021-04-26 16:33:32.191 [http-nio-8080-exec-2] DEBUG com.submit.dao.studentMapper.selectByPrimaryKey - ==>  Preparing: select studentno, name, pinyin, password from student where studentno = ? 
2021-04-26 16:33:32.192 [http-nio-8080-exec-2] DEBUG com.submit.dao.studentMapper.selectByPrimaryKey - ==> Parameters: 10170917(String)
2021-04-26 16:33:32.194 [http-nio-8080-exec-2] DEBUG com.submit.dao.studentMapper.selectByPrimaryKey - <==      Total: 1
2021-04-26 16:33:32.198 [http-nio-8080-exec-2] DEBUG com.submit.dao.jobMapper.getstudentjob - ==>  Preparing: SELECT ID as id,teachclassid,no,title,duedate,type,note,DATE_FORMAT(createTime,'%Y-%m-%d %h:%m:%s') as createtime,count,idjob,studentno,status FROM job LEFT JOIN jobstatus ON job.ID = jobstatus.idjob and jobstatus.studentno = 10170917 WHERE teachclassid = 2 
2021-04-26 16:33:32.207 [http-nio-8080-exec-2] DEBUG com.submit.dao.jobMapper.getstudentjob - ==> Parameters: 
2021-04-26 16:33:32.211 [http-nio-8080-exec-2] DEBUG com.submit.dao.jobMapper.getstudentjob - <==      Total: 2
2021-04-26 16:34:04.772 [http-nio-8080-exec-3] DEBUG com.submit.dao.studentMapper.selectByPrimaryKey - ==>  Preparing: select studentno, name, pinyin, password from student where studentno = ? 
2021-04-26 16:34:04.773 [http-nio-8080-exec-3] DEBUG com.submit.dao.studentMapper.selectByPrimaryKey - ==> Parameters: 10170917(String)
2021-04-26 16:34:04.775 [http-nio-8080-exec-3] DEBUG com.submit.dao.studentMapper.selectByPrimaryKey - <==      Total: 1
2021-04-26 16:34:04.776 [http-nio-8080-exec-3] DEBUG com.submit.dao.questionMapper.selectbyjobid - ==>  Preparing: SELECT * FROM question WHERE idjob = ? 
2021-04-26 16:34:04.777 [http-nio-8080-exec-3] DEBUG com.submit.dao.questionMapper.selectbyjobid - ==> Parameters: 6(Integer)
2021-04-26 16:34:04.783 [http-nio-8080-exec-3] DEBUG com.submit.dao.questionMapper.selectbyjobid - <==      Total: 0
2021-04-26 16:34:23.440 [http-nio-8080-exec-4] DEBUG com.submit.dao.studentMapper.selectByPrimaryKey - ==>  Preparing: select studentno, name, pinyin, password from student where studentno = ? 
2021-04-26 16:34:23.440 [http-nio-8080-exec-4] DEBUG com.submit.dao.studentMapper.selectByPrimaryKey - ==> Parameters: 10170917(String)
2021-04-26 16:34:23.442 [http-nio-8080-exec-4] DEBUG com.submit.dao.studentMapper.selectByPrimaryKey - <==      Total: 1
2021-04-26 16:34:23.442 [http-nio-8080-exec-4] DEBUG com.submit.dao.questionMapper.selectbyjobid - ==>  Preparing: SELECT * FROM question WHERE idjob = ? 
2021-04-26 16:34:23.443 [http-nio-8080-exec-4] DEBUG com.submit.dao.questionMapper.selectbyjobid - ==> Parameters: 5(Integer)
2021-04-26 16:34:23.445 [http-nio-8080-exec-4] DEBUG com.submit.dao.questionMapper.selectbyjobid - <==      Total: 3
2021-04-26 16:35:40.299 [restartedMain] DEBUG com.submit.WorkuploadApplication - Running with Spring Boot v2.1.4.RELEASE, Spring v5.1.6.RELEASE
2021-04-26 16:35:55.797 [http-nio-8080-exec-1] DEBUG com.submit.dao.studentMapper.selectByPrimaryKey - ==>  Preparing: select studentno, name, pinyin, password from student where studentno = ? 
2021-04-26 16:35:55.926 [http-nio-8080-exec-1] DEBUG com.submit.dao.studentMapper.selectByPrimaryKey - ==> Parameters: 10170917(String)
2021-04-26 16:35:55.964 [http-nio-8080-exec-1] DEBUG com.submit.dao.studentMapper.selectByPrimaryKey - <==      Total: 1
2021-04-26 16:35:55.981 [http-nio-8080-exec-1] DEBUG com.submit.dao.questionMapper.selectbyjobid - ==>  Preparing: SELECT * FROM question WHERE idjob = ? 
2021-04-26 16:35:55.983 [http-nio-8080-exec-1] DEBUG com.submit.dao.questionMapper.selectbyjobid - ==> Parameters: 5(Integer)
2021-04-26 16:35:55.991 [http-nio-8080-exec-1] DEBUG com.submit.dao.questionMapper.selectbyjobid - <==      Total: 3
2021-04-26 16:35:58.733 [http-nio-8080-exec-2] DEBUG com.submit.dao.studentMapper.selectByPrimaryKey - ==>  Preparing: select studentno, name, pinyin, password from student where studentno = ? 
2021-04-26 16:35:58.734 [http-nio-8080-exec-2] DEBUG com.submit.dao.studentMapper.selectByPrimaryKey - ==> Parameters: 10170917(String)
2021-04-26 16:35:58.735 [http-nio-8080-exec-2] DEBUG com.submit.dao.studentMapper.selectByPrimaryKey - <==      Total: 1
2021-04-26 16:35:58.737 [http-nio-8080-exec-2] DEBUG com.submit.dao.questionMapper.selectonesqustion - ==>  Preparing: SELECT * FROM question LEFT JOIN answer ON question.idquestion = answer.idquestion AND answer.studentno = ? WHERE question.idquestion = ? 
2021-04-26 16:35:58.739 [http-nio-8080-exec-2] DEBUG com.submit.dao.questionMapper.selectonesqustion - ==> Parameters: 10170917(String), 2(Integer)
2021-04-26 16:35:58.746 [http-nio-8080-exec-2] DEBUG com.submit.dao.questionMapper.selectonesqustion - <==      Total: 1
2021-04-26 16:36:01.257 [http-nio-8080-exec-3] DEBUG com.submit.dao.studentMapper.selectByPrimaryKey - ==>  Preparing: select studentno, name, pinyin, password from student where studentno = ? 
2021-04-26 16:36:01.257 [http-nio-8080-exec-3] DEBUG com.submit.dao.studentMapper.selectByPrimaryKey - ==> Parameters: 10170917(String)
2021-04-26 16:36:01.259 [http-nio-8080-exec-3] DEBUG com.submit.dao.studentMapper.selectByPrimaryKey - <==      Total: 1
2021-04-26 16:36:01.260 [http-nio-8080-exec-3] DEBUG com.submit.dao.questionMapper.selectonesqustion - ==>  Preparing: SELECT * FROM question LEFT JOIN answer ON question.idquestion = answer.idquestion AND answer.studentno = ? WHERE question.idquestion = ? 
2021-04-26 16:36:01.261 [http-nio-8080-exec-3] DEBUG com.submit.dao.questionMapper.selectonesqustion - ==> Parameters: 10170917(String), 3(Integer)
2021-04-26 16:36:01.265 [http-nio-8080-exec-3] DEBUG com.submit.dao.questionMapper.selectonesqustion - <==      Total: 1
2021-04-26 16:36:17.684 [http-nio-8080-exec-5] DEBUG com.submit.dao.studentMapper.selectByPrimaryKey - ==>  Preparing: select studentno, name, pinyin, password from student where studentno = ? 
2021-04-26 16:36:17.685 [http-nio-8080-exec-5] DEBUG com.submit.dao.studentMapper.selectByPrimaryKey - ==> Parameters: 10170917(String)
2021-04-26 16:36:17.686 [http-nio-8080-exec-5] DEBUG com.submit.dao.studentMapper.selectByPrimaryKey - <==      Total: 1
2021-04-26 16:36:17.687 [http-nio-8080-exec-5] DEBUG c.s.dao.teachclassMapper.getteacherclassbystuid - ==>  Preparing: SELECT * from teachclass WHERE ID in (SELECT classID FROM studentclass WHERE studentno=?) GROUP BY coursename,ID ORDER BY coursesemester DESC 
2021-04-26 16:36:17.690 [http-nio-8080-exec-5] DEBUG c.s.dao.teachclassMapper.getteacherclassbystuid - ==> Parameters: 10170917(String)
2021-04-26 16:36:17.698 [http-nio-8080-exec-5] DEBUG c.s.dao.teachclassMapper.getteacherclassbystuid - <==      Total: 1
2021-04-26 16:36:23.335 [http-nio-8080-exec-6] DEBUG com.submit.dao.studentMapper.selectByPrimaryKey - ==>  Preparing: select studentno, name, pinyin, password from student where studentno = ? 
2021-04-26 16:36:23.335 [http-nio-8080-exec-6] DEBUG com.submit.dao.studentMapper.selectByPrimaryKey - ==> Parameters: 10170917(String)
2021-04-26 16:36:23.337 [http-nio-8080-exec-6] DEBUG com.submit.dao.studentMapper.selectByPrimaryKey - <==      Total: 1
2021-04-26 16:36:23.338 [http-nio-8080-exec-6] DEBUG com.submit.dao.jobMapper.getstudentjob - ==>  Preparing: SELECT ID as id,teachclassid,no,title,duedate,type,note,DATE_FORMAT(createTime,'%Y-%m-%d %h:%m:%s') as createtime,count,idjob,studentno,status FROM job LEFT JOIN jobstatus ON job.ID = jobstatus.idjob and jobstatus.studentno = ? WHERE teachclassid = ? ORDER BY b.ID DESC 
2021-04-26 16:36:23.342 [http-nio-8080-exec-6] DEBUG com.submit.dao.jobMapper.getstudentjob - ==> Parameters: 10170917(String), 2(Integer)
2021-04-26 16:37:05.639 [restartedMain] DEBUG com.submit.WorkuploadApplication - Running with Spring Boot v2.1.4.RELEASE, Spring v5.1.6.RELEASE
2021-04-26 16:37:14.566 [http-nio-8080-exec-1] DEBUG com.submit.dao.studentMapper.selectByPrimaryKey - ==>  Preparing: select studentno, name, pinyin, password from student where studentno = ? 
2021-04-26 16:37:14.657 [http-nio-8080-exec-1] DEBUG com.submit.dao.studentMapper.selectByPrimaryKey - ==> Parameters: 10170917(String)
2021-04-26 16:37:14.715 [http-nio-8080-exec-1] DEBUG com.submit.dao.studentMapper.selectByPrimaryKey - <==      Total: 1
2021-04-26 16:37:14.727 [http-nio-8080-exec-1] DEBUG c.s.dao.teachclassMapper.getteacherclassbystuid - ==>  Preparing: SELECT * from teachclass WHERE ID in (SELECT classID FROM studentclass WHERE studentno=?) GROUP BY coursename,ID ORDER BY coursesemester DESC 
2021-04-26 16:37:14.730 [http-nio-8080-exec-1] DEBUG c.s.dao.teachclassMapper.getteacherclassbystuid - ==> Parameters: 10170917(String)
2021-04-26 16:37:14.746 [http-nio-8080-exec-1] DEBUG c.s.dao.teachclassMapper.getteacherclassbystuid - <==      Total: 1
2021-04-26 16:37:19.827 [http-nio-8080-exec-2] DEBUG com.submit.dao.studentMapper.selectByPrimaryKey - ==>  Preparing: select studentno, name, pinyin, password from student where studentno = ? 
2021-04-26 16:37:19.828 [http-nio-8080-exec-2] DEBUG com.submit.dao.studentMapper.selectByPrimaryKey - ==> Parameters: 10170917(String)
2021-04-26 16:37:19.829 [http-nio-8080-exec-2] DEBUG com.submit.dao.studentMapper.selectByPrimaryKey - <==      Total: 1
2021-04-26 16:37:19.834 [http-nio-8080-exec-2] DEBUG com.submit.dao.jobMapper.getstudentjob - ==>  Preparing: SELECT ID as id,teachclassid,no,title,duedate,type,note,DATE_FORMAT(createTime,'%Y-%m-%d %h:%m:%s') as createtime,count,idjob,studentno,status FROM job LEFT JOIN jobstatus ON job.ID = jobstatus.idjob and jobstatus.studentno = ? WHERE teachclassid = ? ORDER BY no DESC 
2021-04-26 16:37:19.839 [http-nio-8080-exec-2] DEBUG com.submit.dao.jobMapper.getstudentjob - ==> Parameters: 10170917(String), 2(Integer)
2021-04-26 16:37:19.844 [http-nio-8080-exec-2] DEBUG com.submit.dao.jobMapper.getstudentjob - <==      Total: 2
2021-04-26 16:39:41.454 [http-nio-8080-exec-4] DEBUG com.submit.dao.studentMapper.selectByPrimaryKey - ==>  Preparing: select studentno, name, pinyin, password from student where studentno = ? 
2021-04-26 16:39:41.455 [http-nio-8080-exec-4] DEBUG com.submit.dao.studentMapper.selectByPrimaryKey - ==> Parameters: 10170917(String)
2021-04-26 16:39:41.457 [http-nio-8080-exec-4] DEBUG com.submit.dao.studentMapper.selectByPrimaryKey - <==      Total: 1
2021-04-26 16:39:41.458 [http-nio-8080-exec-4] DEBUG c.s.dao.teachclassMapper.getteacherclassbystuid - ==>  Preparing: SELECT * from teachclass WHERE ID in (SELECT classID FROM studentclass WHERE studentno=?) GROUP BY coursename,ID ORDER BY coursesemester DESC 
2021-04-26 16:39:41.458 [http-nio-8080-exec-4] DEBUG c.s.dao.teachclassMapper.getteacherclassbystuid - ==> Parameters: 10170917(String)
2021-04-26 16:39:41.460 [http-nio-8080-exec-4] DEBUG c.s.dao.teachclassMapper.getteacherclassbystuid - <==      Total: 1
2021-04-26 16:40:11.398 [http-nio-8080-exec-5] DEBUG com.submit.dao.studentMapper.selectByPrimaryKey - ==>  Preparing: select studentno, name, pinyin, password from student where studentno = ? 
2021-04-26 16:40:11.399 [http-nio-8080-exec-5] DEBUG com.submit.dao.studentMapper.selectByPrimaryKey - ==> Parameters: 10170917(String)
2021-04-26 16:40:11.401 [http-nio-8080-exec-5] DEBUG com.submit.dao.studentMapper.selectByPrimaryKey - <==      Total: 1
2021-04-26 16:40:11.402 [http-nio-8080-exec-5] DEBUG com.submit.dao.jobMapper.getstudentjob - ==>  Preparing: SELECT ID as id,teachclassid,no,title,duedate,type,note,DATE_FORMAT(createTime,'%Y-%m-%d %h:%m:%s') as createtime,count,idjob,studentno,status FROM job LEFT JOIN jobstatus ON job.ID = jobstatus.idjob and jobstatus.studentno = ? WHERE teachclassid = ? ORDER BY no DESC 
2021-04-26 16:40:11.402 [http-nio-8080-exec-5] DEBUG com.submit.dao.jobMapper.getstudentjob - ==> Parameters: 10170917(String), 2(Integer)
2021-04-26 16:40:11.408 [http-nio-8080-exec-5] DEBUG com.submit.dao.jobMapper.getstudentjob - <==      Total: 2
2021-04-26 16:40:12.755 [http-nio-8080-exec-6] DEBUG com.submit.dao.studentMapper.selectByPrimaryKey - ==>  Preparing: select studentno, name, pinyin, password from student where studentno = ? 
2021-04-26 16:40:12.756 [http-nio-8080-exec-6] DEBUG com.submit.dao.studentMapper.selectByPrimaryKey - ==> Parameters: 10170917(String)
2021-04-26 16:40:12.757 [http-nio-8080-exec-6] DEBUG com.submit.dao.studentMapper.selectByPrimaryKey - <==      Total: 1
2021-04-26 16:40:12.758 [http-nio-8080-exec-6] DEBUG com.submit.dao.questionMapper.selectbyjobid - ==>  Preparing: SELECT * FROM question WHERE idjob = ? 
2021-04-26 16:40:12.759 [http-nio-8080-exec-6] DEBUG com.submit.dao.questionMapper.selectbyjobid - ==> Parameters: 5(Integer)
2021-04-26 16:40:12.765 [http-nio-8080-exec-6] DEBUG com.submit.dao.questionMapper.selectbyjobid - <==      Total: 3
2021-04-26 16:40:17.225 [http-nio-8080-exec-7] DEBUG com.submit.dao.studentMapper.selectByPrimaryKey - ==>  Preparing: select studentno, name, pinyin, password from student where studentno = ? 
2021-04-26 16:40:17.225 [http-nio-8080-exec-7] DEBUG com.submit.dao.studentMapper.selectByPrimaryKey - ==> Parameters: 10170917(String)
2021-04-26 16:40:17.226 [http-nio-8080-exec-7] DEBUG com.submit.dao.studentMapper.selectByPrimaryKey - <==      Total: 1
2021-04-26 16:40:17.227 [http-nio-8080-exec-7] DEBUG com.submit.dao.questionMapper.selectonesqustion - ==>  Preparing: SELECT * FROM question LEFT JOIN answer ON question.idquestion = answer.idquestion AND answer.studentno = ? WHERE question.idquestion = ? 
2021-04-26 16:40:17.228 [http-nio-8080-exec-7] DEBUG com.submit.dao.questionMapper.selectonesqustion - ==> Parameters: 10170917(String), 2(Integer)
2021-04-26 16:40:17.233 [http-nio-8080-exec-7] DEBUG com.submit.dao.questionMapper.selectonesqustion - <==      Total: 1
2021-04-26 16:40:19.878 [http-nio-8080-exec-8] DEBUG com.submit.dao.studentMapper.selectByPrimaryKey - ==>  Preparing: select studentno, name, pinyin, password from student where studentno = ? 
2021-04-26 16:40:19.878 [http-nio-8080-exec-8] DEBUG com.submit.dao.studentMapper.selectByPrimaryKey - ==> Parameters: 10170917(String)
2021-04-26 16:40:19.880 [http-nio-8080-exec-8] DEBUG com.submit.dao.studentMapper.selectByPrimaryKey - <==      Total: 1
2021-04-26 16:40:19.880 [http-nio-8080-exec-8] DEBUG com.submit.dao.questionMapper.selectonesqustion - ==>  Preparing: SELECT * FROM question LEFT JOIN answer ON question.idquestion = answer.idquestion AND answer.studentno = ? WHERE question.idquestion = ? 
2021-04-26 16:40:19.881 [http-nio-8080-exec-8] DEBUG com.submit.dao.questionMapper.selectonesqustion - ==> Parameters: 10170917(String), 1(Integer)
2021-04-26 16:40:19.882 [http-nio-8080-exec-8] DEBUG com.submit.dao.questionMapper.selectonesqustion - <==      Total: 1
2021-04-26 16:40:54.670 [http-nio-8080-exec-9] DEBUG com.submit.dao.studentMapper.selectByPrimaryKey - ==>  Preparing: select studentno, name, pinyin, password from student where studentno = ? 
2021-04-26 16:40:54.670 [http-nio-8080-exec-9] DEBUG com.submit.dao.studentMapper.selectByPrimaryKey - ==> Parameters: 10170917(String)
2021-04-26 16:40:54.671 [http-nio-8080-exec-9] DEBUG com.submit.dao.studentMapper.selectByPrimaryKey - <==      Total: 1
2021-04-26 16:40:54.672 [http-nio-8080-exec-9] DEBUG com.submit.dao.questionMapper.selectbyjobid - ==>  Preparing: SELECT * FROM question WHERE idjob = ? 
2021-04-26 16:40:54.673 [http-nio-8080-exec-9] DEBUG com.submit.dao.questionMapper.selectbyjobid - ==> Parameters: 5(Integer)
2021-04-26 16:40:54.676 [http-nio-8080-exec-9] DEBUG com.submit.dao.questionMapper.selectbyjobid - <==      Total: 3
2021-04-26 16:41:59.832 [http-nio-8080-exec-1] DEBUG com.submit.dao.studentMapper.selectByPrimaryKey - ==>  Preparing: select studentno, name, pinyin, password from student where studentno = ? 
2021-04-26 16:41:59.832 [http-nio-8080-exec-1] DEBUG com.submit.dao.studentMapper.selectByPrimaryKey - ==> Parameters: 10170917(String)
2021-04-26 16:41:59.833 [http-nio-8080-exec-1] DEBUG com.submit.dao.studentMapper.selectByPrimaryKey - <==      Total: 1
2021-04-26 16:41:59.834 [http-nio-8080-exec-1] DEBUG c.s.dao.teachclassMapper.getteacherclassbystuid - ==>  Preparing: SELECT * from teachclass WHERE ID in (SELECT classID FROM studentclass WHERE studentno=?) GROUP BY coursename,ID ORDER BY coursesemester DESC 
2021-04-26 16:41:59.835 [http-nio-8080-exec-1] DEBUG c.s.dao.teachclassMapper.getteacherclassbystuid - ==> Parameters: 10170917(String)
2021-04-26 16:41:59.836 [http-nio-8080-exec-1] DEBUG c.s.dao.teachclassMapper.getteacherclassbystuid - <==      Total: 1
2021-04-26 16:42:07.474 [http-nio-8080-exec-2] DEBUG com.submit.dao.studentMapper.selectByPrimaryKey - ==>  Preparing: select studentno, name, pinyin, password from student where studentno = ? 
2021-04-26 16:42:07.475 [http-nio-8080-exec-2] DEBUG com.submit.dao.studentMapper.selectByPrimaryKey - ==> Parameters: 10170917(String)
2021-04-26 16:42:07.476 [http-nio-8080-exec-2] DEBUG com.submit.dao.studentMapper.selectByPrimaryKey - <==      Total: 1
2021-04-26 16:42:07.477 [http-nio-8080-exec-2] DEBUG com.submit.dao.jobMapper.getstudentjob - ==>  Preparing: SELECT ID as id,teachclassid,no,title,duedate,type,note,DATE_FORMAT(createTime,'%Y-%m-%d %h:%m:%s') as createtime,count,idjob,studentno,status FROM job LEFT JOIN jobstatus ON job.ID = jobstatus.idjob and jobstatus.studentno = ? WHERE teachclassid = ? ORDER BY no DESC 
2021-04-26 16:42:07.477 [http-nio-8080-exec-2] DEBUG com.submit.dao.jobMapper.getstudentjob - ==> Parameters: 10170917(String), 2(Integer)
2021-04-26 16:42:07.479 [http-nio-8080-exec-2] DEBUG com.submit.dao.jobMapper.getstudentjob - <==      Total: 2
2021-04-26 16:42:10.703 [http-nio-8080-exec-3] DEBUG com.submit.dao.studentMapper.selectByPrimaryKey - ==>  Preparing: select studentno, name, pinyin, password from student where studentno = ? 
2021-04-26 16:42:10.703 [http-nio-8080-exec-3] DEBUG com.submit.dao.studentMapper.selectByPrimaryKey - ==> Parameters: 10170917(String)
2021-04-26 16:42:10.704 [http-nio-8080-exec-3] DEBUG com.submit.dao.studentMapper.selectByPrimaryKey - <==      Total: 1
2021-04-26 16:42:10.705 [http-nio-8080-exec-3] DEBUG com.submit.dao.questionMapper.selectbyjobid - ==>  Preparing: SELECT * FROM question WHERE idjob = ? 
2021-04-26 16:42:10.705 [http-nio-8080-exec-3] DEBUG com.submit.dao.questionMapper.selectbyjobid - ==> Parameters: 5(Integer)
2021-04-26 16:42:10.707 [http-nio-8080-exec-3] DEBUG com.submit.dao.questionMapper.selectbyjobid - <==      Total: 3
2021-04-26 16:44:13.691 [http-nio-8080-exec-5] DEBUG com.submit.dao.studentMapper.selectByPrimaryKey - ==>  Preparing: select studentno, name, pinyin, password from student where studentno = ? 
2021-04-26 16:44:13.691 [http-nio-8080-exec-5] DEBUG com.submit.dao.studentMapper.selectByPrimaryKey - ==> Parameters: 10170917(String)
2021-04-26 16:44:13.693 [http-nio-8080-exec-5] DEBUG com.submit.dao.studentMapper.selectByPrimaryKey - <==      Total: 1
2021-04-26 16:44:13.694 [http-nio-8080-exec-5] DEBUG c.s.dao.teachclassMapper.getteacherclassbystuid - ==>  Preparing: SELECT * from teachclass WHERE ID in (SELECT classID FROM studentclass WHERE studentno=?) GROUP BY coursename,ID ORDER BY coursesemester DESC 
2021-04-26 16:44:13.694 [http-nio-8080-exec-5] DEBUG c.s.dao.teachclassMapper.getteacherclassbystuid - ==> Parameters: 10170917(String)
2021-04-26 16:44:13.696 [http-nio-8080-exec-5] DEBUG c.s.dao.teachclassMapper.getteacherclassbystuid - <==      Total: 1
2021-04-26 16:44:17.980 [http-nio-8080-exec-6] DEBUG com.submit.dao.studentMapper.selectByPrimaryKey - ==>  Preparing: select studentno, name, pinyin, password from student where studentno = ? 
2021-04-26 16:44:17.980 [http-nio-8080-exec-6] DEBUG com.submit.dao.studentMapper.selectByPrimaryKey - ==> Parameters: 10170917(String)
2021-04-26 16:44:17.982 [http-nio-8080-exec-6] DEBUG com.submit.dao.studentMapper.selectByPrimaryKey - <==      Total: 1
2021-04-26 16:44:17.983 [http-nio-8080-exec-6] DEBUG com.submit.dao.jobMapper.getstudentjob - ==>  Preparing: SELECT ID as id,teachclassid,no,title,duedate,type,note,DATE_FORMAT(createTime,'%Y-%m-%d %h:%m:%s') as createtime,count,idjob,studentno,status FROM job LEFT JOIN jobstatus ON job.ID = jobstatus.idjob and jobstatus.studentno = ? WHERE teachclassid = ? ORDER BY no DESC 
2021-04-26 16:44:17.983 [http-nio-8080-exec-6] DEBUG com.submit.dao.jobMapper.getstudentjob - ==> Parameters: 10170917(String), 2(Integer)
2021-04-26 16:44:17.986 [http-nio-8080-exec-6] DEBUG com.submit.dao.jobMapper.getstudentjob - <==      Total: 2
2021-04-26 16:44:19.785 [http-nio-8080-exec-7] DEBUG com.submit.dao.studentMapper.selectByPrimaryKey - ==>  Preparing: select studentno, name, pinyin, password from student where studentno = ? 
2021-04-26 16:44:19.785 [http-nio-8080-exec-7] DEBUG com.submit.dao.studentMapper.selectByPrimaryKey - ==> Parameters: 10170917(String)
2021-04-26 16:44:19.788 [http-nio-8080-exec-7] DEBUG com.submit.dao.studentMapper.selectByPrimaryKey - <==      Total: 1
2021-04-26 16:44:19.788 [http-nio-8080-exec-7] DEBUG com.submit.dao.questionMapper.selectbyjobid - ==>  Preparing: SELECT * FROM question WHERE idjob = ? 
2021-04-26 16:44:19.789 [http-nio-8080-exec-7] DEBUG com.submit.dao.questionMapper.selectbyjobid - ==> Parameters: 5(Integer)
2021-04-26 16:44:19.790 [http-nio-8080-exec-7] DEBUG com.submit.dao.questionMapper.selectbyjobid - <==      Total: 3
2021-04-26 16:44:24.566 [http-nio-8080-exec-8] DEBUG com.submit.dao.studentMapper.selectByPrimaryKey - ==>  Preparing: select studentno, name, pinyin, password from student where studentno = ? 
2021-04-26 16:44:24.566 [http-nio-8080-exec-8] DEBUG com.submit.dao.studentMapper.selectByPrimaryKey - ==> Parameters: 10170917(String)
2021-04-26 16:44:24.567 [http-nio-8080-exec-8] DEBUG com.submit.dao.studentMapper.selectByPrimaryKey - <==      Total: 1
2021-04-26 16:44:24.568 [http-nio-8080-exec-8] DEBUG com.submit.dao.questionMapper.selectonesqustion - ==>  Preparing: SELECT * FROM question LEFT JOIN answer ON question.idquestion = answer.idquestion AND answer.studentno = ? WHERE question.idquestion = ? 
2021-04-26 16:44:24.568 [http-nio-8080-exec-8] DEBUG com.submit.dao.questionMapper.selectonesqustion - ==> Parameters: 10170917(String), 2(Integer)
2021-04-26 16:44:24.569 [http-nio-8080-exec-8] DEBUG com.submit.dao.questionMapper.selectonesqustion - <==      Total: 1
2021-04-26 16:46:39.493 [http-nio-8080-exec-10] DEBUG com.submit.dao.studentMapper.selectByPrimaryKey - ==>  Preparing: select studentno, name, pinyin, password from student where studentno = ? 
2021-04-26 16:46:39.494 [http-nio-8080-exec-10] DEBUG com.submit.dao.studentMapper.selectByPrimaryKey - ==> Parameters: 10170917(String)
2021-04-26 16:46:39.496 [http-nio-8080-exec-10] DEBUG com.submit.dao.studentMapper.selectByPrimaryKey - <==      Total: 1
2021-04-26 16:46:39.497 [http-nio-8080-exec-10] DEBUG c.s.dao.teachclassMapper.getteacherclassbystuid - ==>  Preparing: SELECT * from teachclass WHERE ID in (SELECT classID FROM studentclass WHERE studentno=?) GROUP BY coursename,ID ORDER BY coursesemester DESC 
2021-04-26 16:46:39.497 [http-nio-8080-exec-10] DEBUG c.s.dao.teachclassMapper.getteacherclassbystuid - ==> Parameters: 10170917(String)
2021-04-26 16:46:39.498 [http-nio-8080-exec-10] DEBUG c.s.dao.teachclassMapper.getteacherclassbystuid - <==      Total: 1
2021-04-26 16:46:45.503 [http-nio-8080-exec-1] DEBUG com.submit.dao.studentMapper.selectByPrimaryKey - ==>  Preparing: select studentno, name, pinyin, password from student where studentno = ? 
2021-04-26 16:46:45.503 [http-nio-8080-exec-1] DEBUG com.submit.dao.studentMapper.selectByPrimaryKey - ==> Parameters: 10170917(String)
2021-04-26 16:46:45.506 [http-nio-8080-exec-1] DEBUG com.submit.dao.studentMapper.selectByPrimaryKey - <==      Total: 1
2021-04-26 16:46:45.507 [http-nio-8080-exec-1] DEBUG com.submit.dao.jobMapper.getstudentjob - ==>  Preparing: SELECT ID as id,teachclassid,no,title,duedate,type,note,DATE_FORMAT(createTime,'%Y-%m-%d %h:%m:%s') as createtime,count,idjob,studentno,status FROM job LEFT JOIN jobstatus ON job.ID = jobstatus.idjob and jobstatus.studentno = ? WHERE teachclassid = ? ORDER BY no DESC 
2021-04-26 16:46:45.508 [http-nio-8080-exec-1] DEBUG com.submit.dao.jobMapper.getstudentjob - ==> Parameters: 10170917(String), 2(Integer)
2021-04-26 16:46:45.510 [http-nio-8080-exec-1] DEBUG com.submit.dao.jobMapper.getstudentjob - <==      Total: 2
2021-04-26 16:46:49.394 [http-nio-8080-exec-2] DEBUG com.submit.dao.studentMapper.selectByPrimaryKey - ==>  Preparing: select studentno, name, pinyin, password from student where studentno = ? 
2021-04-26 16:46:49.394 [http-nio-8080-exec-2] DEBUG com.submit.dao.studentMapper.selectByPrimaryKey - ==> Parameters: 10170917(String)
2021-04-26 16:46:49.395 [http-nio-8080-exec-2] DEBUG com.submit.dao.studentMapper.selectByPrimaryKey - <==      Total: 1
2021-04-26 16:46:49.396 [http-nio-8080-exec-2] DEBUG com.submit.dao.questionMapper.selectbyjobid - ==>  Preparing: SELECT * FROM question WHERE idjob = ? 
2021-04-26 16:46:49.396 [http-nio-8080-exec-2] DEBUG com.submit.dao.questionMapper.selectbyjobid - ==> Parameters: 5(Integer)
2021-04-26 16:46:49.397 [http-nio-8080-exec-2] DEBUG com.submit.dao.questionMapper.selectbyjobid - <==      Total: 3
2021-04-26 16:46:53.271 [http-nio-8080-exec-3] DEBUG com.submit.dao.studentMapper.selectByPrimaryKey - ==>  Preparing: select studentno, name, pinyin, password from student where studentno = ? 
2021-04-26 16:46:53.271 [http-nio-8080-exec-3] DEBUG com.submit.dao.studentMapper.selectByPrimaryKey - ==> Parameters: 10170917(String)
2021-04-26 16:46:53.273 [http-nio-8080-exec-3] DEBUG com.submit.dao.studentMapper.selectByPrimaryKey - <==      Total: 1
2021-04-26 16:46:53.273 [http-nio-8080-exec-3] DEBUG com.submit.dao.questionMapper.selectonesqustion - ==>  Preparing: SELECT * FROM question LEFT JOIN answer ON question.idquestion = answer.idquestion AND answer.studentno = ? WHERE question.idquestion = ? 
2021-04-26 16:46:53.273 [http-nio-8080-exec-3] DEBUG com.submit.dao.questionMapper.selectonesqustion - ==> Parameters: 10170917(String), 2(Integer)
2021-04-26 16:46:53.275 [http-nio-8080-exec-3] DEBUG com.submit.dao.questionMapper.selectonesqustion - <==      Total: 1
2021-04-26 16:46:56.427 [http-nio-8080-exec-4] DEBUG com.submit.dao.studentMapper.selectByPrimaryKey - ==>  Preparing: select studentno, name, pinyin, password from student where studentno = ? 
2021-04-26 16:46:56.428 [http-nio-8080-exec-4] DEBUG com.submit.dao.studentMapper.selectByPrimaryKey - ==> Parameters: 10170917(String)
2021-04-26 16:46:56.429 [http-nio-8080-exec-4] DEBUG com.submit.dao.studentMapper.selectByPrimaryKey - <==      Total: 1
2021-04-26 16:46:56.429 [http-nio-8080-exec-4] DEBUG com.submit.dao.questionMapper.selectonesqustion - ==>  Preparing: SELECT * FROM question LEFT JOIN answer ON question.idquestion = answer.idquestion AND answer.studentno = ? WHERE question.idquestion = ? 
2021-04-26 16:46:56.430 [http-nio-8080-exec-4] DEBUG com.submit.dao.questionMapper.selectonesqustion - ==> Parameters: 10170917(String), 3(Integer)
2021-04-26 16:46:56.431 [http-nio-8080-exec-4] DEBUG com.submit.dao.questionMapper.selectonesqustion - <==      Total: 1
2021-04-26 16:47:07.809 [http-nio-8080-exec-6] DEBUG com.submit.dao.studentMapper.selectByPrimaryKey - ==>  Preparing: select studentno, name, pinyin, password from student where studentno = ? 
2021-04-26 16:47:07.809 [http-nio-8080-exec-6] DEBUG com.submit.dao.studentMapper.selectByPrimaryKey - ==> Parameters: 10170917(String)
2021-04-26 16:47:07.810 [http-nio-8080-exec-6] DEBUG com.submit.dao.studentMapper.selectByPrimaryKey - <==      Total: 1
2021-04-26 16:47:07.811 [http-nio-8080-exec-6] DEBUG c.s.dao.teachclassMapper.getteacherclassbystuid - ==>  Preparing: SELECT * from teachclass WHERE ID in (SELECT classID FROM studentclass WHERE studentno=?) GROUP BY coursename,ID ORDER BY coursesemester DESC 
2021-04-26 16:47:07.811 [http-nio-8080-exec-6] DEBUG c.s.dao.teachclassMapper.getteacherclassbystuid - ==> Parameters: 10170917(String)
2021-04-26 16:47:07.813 [http-nio-8080-exec-6] DEBUG c.s.dao.teachclassMapper.getteacherclassbystuid - <==      Total: 1
2021-04-26 16:47:13.627 [http-nio-8080-exec-7] DEBUG com.submit.dao.studentMapper.selectByPrimaryKey - ==>  Preparing: select studentno, name, pinyin, password from student where studentno = ? 
2021-04-26 16:47:13.627 [http-nio-8080-exec-7] DEBUG com.submit.dao.studentMapper.selectByPrimaryKey - ==> Parameters: 10170917(String)
2021-04-26 16:47:13.628 [http-nio-8080-exec-7] DEBUG com.submit.dao.studentMapper.selectByPrimaryKey - <==      Total: 1
2021-04-26 16:47:13.629 [http-nio-8080-exec-7] DEBUG com.submit.dao.jobMapper.getstudentjob - ==>  Preparing: SELECT ID as id,teachclassid,no,title,duedate,type,note,DATE_FORMAT(createTime,'%Y-%m-%d %h:%m:%s') as createtime,count,idjob,studentno,status FROM job LEFT JOIN jobstatus ON job.ID = jobstatus.idjob and jobstatus.studentno = ? WHERE teachclassid = ? ORDER BY no DESC 
2021-04-26 16:47:13.630 [http-nio-8080-exec-7] DEBUG com.submit.dao.jobMapper.getstudentjob - ==> Parameters: 10170917(String), 2(Integer)
2021-04-26 16:47:13.631 [http-nio-8080-exec-7] DEBUG com.submit.dao.jobMapper.getstudentjob - <==      Total: 2
2021-04-26 16:47:14.926 [http-nio-8080-exec-8] DEBUG com.submit.dao.studentMapper.selectByPrimaryKey - ==>  Preparing: select studentno, name, pinyin, password from student where studentno = ? 
2021-04-26 16:47:14.926 [http-nio-8080-exec-8] DEBUG com.submit.dao.studentMapper.selectByPrimaryKey - ==> Parameters: 10170917(String)
2021-04-26 16:47:14.926 [http-nio-8080-exec-8] DEBUG com.submit.dao.studentMapper.selectByPrimaryKey - <==      Total: 1
2021-04-26 16:47:14.928 [http-nio-8080-exec-8] DEBUG com.submit.dao.questionMapper.selectbyjobid - ==>  Preparing: SELECT * FROM question WHERE idjob = ? 
2021-04-26 16:47:14.928 [http-nio-8080-exec-8] DEBUG com.submit.dao.questionMapper.selectbyjobid - ==> Parameters: 5(Integer)
2021-04-26 16:47:14.929 [http-nio-8080-exec-8] DEBUG com.submit.dao.questionMapper.selectbyjobid - <==      Total: 3
2021-04-26 16:47:18.925 [http-nio-8080-exec-9] DEBUG com.submit.dao.studentMapper.selectByPrimaryKey - ==>  Preparing: select studentno, name, pinyin, password from student where studentno = ? 
2021-04-26 16:47:18.925 [http-nio-8080-exec-9] DEBUG com.submit.dao.studentMapper.selectByPrimaryKey - ==> Parameters: 10170917(String)
2021-04-26 16:47:18.926 [http-nio-8080-exec-9] DEBUG com.submit.dao.studentMapper.selectByPrimaryKey - <==      Total: 1
2021-04-26 16:47:18.927 [http-nio-8080-exec-9] DEBUG com.submit.dao.questionMapper.selectonesqustion - ==>  Preparing: SELECT * FROM question LEFT JOIN answer ON question.idquestion = answer.idquestion AND answer.studentno = ? WHERE question.idquestion = ? 
2021-04-26 16:47:18.927 [http-nio-8080-exec-9] DEBUG com.submit.dao.questionMapper.selectonesqustion - ==> Parameters: 10170917(String), 1(Integer)
2021-04-26 16:47:18.928 [http-nio-8080-exec-9] DEBUG com.submit.dao.questionMapper.selectonesqustion - <==      Total: 1
2021-04-26 16:47:22.346 [http-nio-8080-exec-10] DEBUG com.submit.dao.studentMapper.selectByPrimaryKey - ==>  Preparing: select studentno, name, pinyin, password from student where studentno = ? 
2021-04-26 16:47:22.347 [http-nio-8080-exec-10] DEBUG com.submit.dao.studentMapper.selectByPrimaryKey - ==> Parameters: 10170917(String)
2021-04-26 16:47:22.348 [http-nio-8080-exec-10] DEBUG com.submit.dao.studentMapper.selectByPrimaryKey - <==      Total: 1
2021-04-26 16:47:22.349 [http-nio-8080-exec-10] DEBUG com.submit.dao.questionMapper.selectonesqustion - ==>  Preparing: SELECT * FROM question LEFT JOIN answer ON question.idquestion = answer.idquestion AND answer.studentno = ? WHERE question.idquestion = ? 
2021-04-26 16:47:22.349 [http-nio-8080-exec-10] DEBUG com.submit.dao.questionMapper.selectonesqustion - ==> Parameters: 10170917(String), 2(Integer)
2021-04-26 16:47:22.350 [http-nio-8080-exec-10] DEBUG com.submit.dao.questionMapper.selectonesqustion - <==      Total: 1
2021-04-26 16:47:24.600 [http-nio-8080-exec-1] DEBUG com.submit.dao.studentMapper.selectByPrimaryKey - ==>  Preparing: select studentno, name, pinyin, password from student where studentno = ? 
2021-04-26 16:47:24.600 [http-nio-8080-exec-1] DEBUG com.submit.dao.studentMapper.selectByPrimaryKey - ==> Parameters: 10170917(String)
2021-04-26 16:47:24.601 [http-nio-8080-exec-1] DEBUG com.submit.dao.studentMapper.selectByPrimaryKey - <==      Total: 1
2021-04-26 16:47:24.602 [http-nio-8080-exec-1] DEBUG com.submit.dao.questionMapper.selectonesqustion - ==>  Preparing: SELECT * FROM question LEFT JOIN answer ON question.idquestion = answer.idquestion AND answer.studentno = ? WHERE question.idquestion = ? 
2021-04-26 16:47:24.602 [http-nio-8080-exec-1] DEBUG com.submit.dao.questionMapper.selectonesqustion - ==> Parameters: 10170917(String), 3(Integer)
2021-04-26 16:47:24.604 [http-nio-8080-exec-1] DEBUG com.submit.dao.questionMapper.selectonesqustion - <==      Total: 1
2021-04-26 16:49:33.926 [http-nio-8080-exec-3] DEBUG com.submit.dao.studentMapper.selectByPrimaryKey - ==>  Preparing: select studentno, name, pinyin, password from student where studentno = ? 
2021-04-26 16:49:33.927 [http-nio-8080-exec-3] DEBUG com.submit.dao.studentMapper.selectByPrimaryKey - ==> Parameters: 10170917(String)
2021-04-26 16:49:33.930 [http-nio-8080-exec-3] DEBUG com.submit.dao.studentMapper.selectByPrimaryKey - <==      Total: 1
2021-04-26 16:49:33.930 [http-nio-8080-exec-3] DEBUG com.submit.dao.questionMapper.selectbyjobid - ==>  Preparing: SELECT * FROM question WHERE idjob = ? 
2021-04-26 16:49:33.931 [http-nio-8080-exec-3] DEBUG com.submit.dao.questionMapper.selectbyjobid - ==> Parameters: 6(Integer)
2021-04-26 16:49:33.932 [http-nio-8080-exec-3] DEBUG com.submit.dao.questionMapper.selectbyjobid - <==      Total: 1
2021-04-26 16:49:36.845 [http-nio-8080-exec-4] DEBUG com.submit.dao.studentMapper.selectByPrimaryKey - ==>  Preparing: select studentno, name, pinyin, password from student where studentno = ? 
2021-04-26 16:49:36.845 [http-nio-8080-exec-4] DEBUG com.submit.dao.studentMapper.selectByPrimaryKey - ==> Parameters: 10170917(String)
2021-04-26 16:49:36.846 [http-nio-8080-exec-4] DEBUG com.submit.dao.studentMapper.selectByPrimaryKey - <==      Total: 1
2021-04-26 16:49:36.846 [http-nio-8080-exec-4] DEBUG com.submit.dao.questionMapper.selectonesqustion - ==>  Preparing: SELECT * FROM question LEFT JOIN answer ON question.idquestion = answer.idquestion AND answer.studentno = ? WHERE question.idquestion = ? 
2021-04-26 16:49:36.847 [http-nio-8080-exec-4] DEBUG com.submit.dao.questionMapper.selectonesqustion - ==> Parameters: 10170917(String), 4(Integer)
2021-04-26 16:49:36.848 [http-nio-8080-exec-4] DEBUG com.submit.dao.questionMapper.selectonesqustion - <==      Total: 1
2021-04-26 16:49:45.288 [http-nio-8080-exec-5] DEBUG com.submit.dao.studentMapper.selectByPrimaryKey - ==>  Preparing: select studentno, name, pinyin, password from student where studentno = ? 
2021-04-26 16:49:45.289 [http-nio-8080-exec-5] DEBUG com.submit.dao.studentMapper.selectByPrimaryKey - ==> Parameters: 10170917(String)
2021-04-26 16:49:45.290 [http-nio-8080-exec-5] DEBUG com.submit.dao.studentMapper.selectByPrimaryKey - <==      Total: 1
2021-04-26 16:49:45.291 [http-nio-8080-exec-5] DEBUG com.submit.dao.questionMapper.selectbyjobid - ==>  Preparing: SELECT * FROM question WHERE idjob = ? 
2021-04-26 16:49:45.291 [http-nio-8080-exec-5] DEBUG com.submit.dao.questionMapper.selectbyjobid - ==> Parameters: 6(Integer)
2021-04-26 16:49:45.292 [http-nio-8080-exec-5] DEBUG com.submit.dao.questionMapper.selectbyjobid - <==      Total: 1
2021-04-26 16:49:49.462 [http-nio-8080-exec-6] DEBUG com.submit.dao.studentMapper.selectByPrimaryKey - ==>  Preparing: select studentno, name, pinyin, password from student where studentno = ? 
2021-04-26 16:49:49.462 [http-nio-8080-exec-6] DEBUG com.submit.dao.studentMapper.selectByPrimaryKey - ==> Parameters: 10170917(String)
2021-04-26 16:49:49.463 [http-nio-8080-exec-6] DEBUG com.submit.dao.studentMapper.selectByPrimaryKey - <==      Total: 1
2021-04-26 16:49:49.463 [http-nio-8080-exec-6] DEBUG com.submit.dao.questionMapper.selectonesqustion - ==>  Preparing: SELECT * FROM question LEFT JOIN answer ON question.idquestion = answer.idquestion AND answer.studentno = ? WHERE question.idquestion = ? 
2021-04-26 16:49:49.463 [http-nio-8080-exec-6] DEBUG com.submit.dao.questionMapper.selectonesqustion - ==> Parameters: 10170917(String), 4(Integer)
2021-04-26 16:49:49.465 [http-nio-8080-exec-6] DEBUG com.submit.dao.questionMapper.selectonesqustion - <==      Total: 1
2021-04-26 16:58:30.669 [http-nio-8080-exec-8] DEBUG com.submit.dao.studentMapper.selectByPrimaryKey - ==>  Preparing: select studentno, name, pinyin, password from student where studentno = ? 
2021-04-26 16:58:30.669 [http-nio-8080-exec-8] DEBUG com.submit.dao.studentMapper.selectByPrimaryKey - ==> Parameters: 10170917(String)
2021-04-26 16:58:30.670 [http-nio-8080-exec-8] DEBUG com.submit.dao.studentMapper.selectByPrimaryKey - <==      Total: 1
2021-04-26 16:58:30.671 [http-nio-8080-exec-8] DEBUG c.s.dao.teachclassMapper.getteacherclassbystuid - ==>  Preparing: SELECT * from teachclass WHERE ID in (SELECT classID FROM studentclass WHERE studentno=?) GROUP BY coursename,ID ORDER BY coursesemester DESC 
2021-04-26 16:58:30.671 [http-nio-8080-exec-8] DEBUG c.s.dao.teachclassMapper.getteacherclassbystuid - ==> Parameters: 10170917(String)
2021-04-26 16:58:30.676 [http-nio-8080-exec-8] DEBUG c.s.dao.teachclassMapper.getteacherclassbystuid - <==      Total: 1
