2021-04-22 00:01:04.610 [restartedMain] DEBUG com.submit.WorkuploadApplication - Running with Spring Boot v2.1.4.RELEASE, Spring v5.1.6.RELEASE
2021-04-22 15:54:16.409 [restartedMain] DEBUG com.submit.WorkuploadApplication - Running with Spring Boot v2.1.4.RELEASE, Spring v5.1.6.RELEASE
2021-04-22 16:03:57.844 [restartedMain] DEBUG com.submit.WorkuploadApplication - Running with Spring Boot v2.1.4.RELEASE, Spring v5.1.6.RELEASE
2021-04-22 16:05:01.375 [http-nio-8080-exec-1] DEBUG com.submit.dao.studentMapper.selectByPrimaryKey - ==>  Preparing: select studentno, name, pinyin, password from student where studentno = ? 
2021-04-22 16:05:01.489 [http-nio-8080-exec-1] DEBUG com.submit.dao.studentMapper.selectByPrimaryKey - ==> Parameters: null
2021-04-22 16:05:01.522 [http-nio-8080-exec-1] DEBUG com.submit.dao.studentMapper.selectByPrimaryKey - <==      Total: 0
2021-04-22 16:15:28.448 [restartedMain] DEBUG com.submit.WorkuploadApplication - Running with Spring Boot v2.1.4.RELEASE, Spring v5.1.6.RELEASE
2021-04-22 16:18:04.052 [http-nio-8080-exec-1] DEBUG com.submit.dao.studentMapper.selectByPrimaryKey - ==>  Preparing: select studentno, name, pinyin, password from student where studentno = ? 
2021-04-22 16:18:04.158 [http-nio-8080-exec-1] DEBUG com.submit.dao.studentMapper.selectByPrimaryKey - ==> Parameters: null
2021-04-22 16:18:04.192 [http-nio-8080-exec-1] DEBUG com.submit.dao.studentMapper.selectByPrimaryKey - <==      Total: 0
2021-04-22 16:20:43.507 [http-nio-8080-exec-4] DEBUG com.submit.dao.studentMapper.selectByPrimaryKey - ==>  Preparing: select studentno, name, pinyin, password from student where studentno = ? 
2021-04-22 16:20:43.508 [http-nio-8080-exec-4] DEBUG com.submit.dao.studentMapper.selectByPrimaryKey - ==> Parameters: 10170917(String)
2021-04-22 16:20:43.515 [http-nio-8080-exec-4] DEBUG com.submit.dao.studentMapper.selectByPrimaryKey - <==      Total: 1
2021-04-22 16:21:35.604 [http-nio-8080-exec-5] DEBUG com.submit.dao.studentMapper.selectByPrimaryKey - ==>  Preparing: select studentno, name, pinyin, password from student where studentno = ? 
2021-04-22 16:21:35.604 [http-nio-8080-exec-5] DEBUG com.submit.dao.studentMapper.selectByPrimaryKey - ==> Parameters: 10170917(String)
2021-04-22 16:21:35.607 [http-nio-8080-exec-5] DEBUG com.submit.dao.studentMapper.selectByPrimaryKey - <==      Total: 1
2021-04-22 16:25:00.816 [restartedMain] DEBUG com.submit.WorkuploadApplication - Running with Spring Boot v2.1.4.RELEASE, Spring v5.1.6.RELEASE
2021-04-22 16:25:36.592 [http-nio-8080-exec-2] DEBUG com.submit.dao.studentMapper.selectByPrimaryKey - ==>  Preparing: select studentno, name, pinyin, password from student where studentno = ? 
2021-04-22 16:25:36.707 [http-nio-8080-exec-2] DEBUG com.submit.dao.studentMapper.selectByPrimaryKey - ==> Parameters: 10170917(String)
2021-04-22 16:25:36.735 [http-nio-8080-exec-2] DEBUG com.submit.dao.studentMapper.selectByPrimaryKey - <==      Total: 1
2021-04-22 16:25:49.254 [http-nio-8080-exec-3] DEBUG com.submit.dao.studentMapper.selectByPrimaryKey - ==>  Preparing: select studentno, name, pinyin, password from student where studentno = ? 
2021-04-22 16:25:49.256 [http-nio-8080-exec-3] DEBUG com.submit.dao.studentMapper.selectByPrimaryKey - ==> Parameters: null
2021-04-22 16:25:49.258 [http-nio-8080-exec-3] DEBUG com.submit.dao.studentMapper.selectByPrimaryKey - <==      Total: 0
2021-04-22 16:29:09.629 [http-nio-8080-exec-6] DEBUG com.submit.dao.studentMapper.selectByPrimaryKey - ==>  Preparing: select studentno, name, pinyin, password from student where studentno = ? 
2021-04-22 16:29:09.629 [http-nio-8080-exec-6] DEBUG com.submit.dao.studentMapper.selectByPrimaryKey - ==> Parameters: null
2021-04-22 16:29:09.630 [http-nio-8080-exec-6] DEBUG com.submit.dao.studentMapper.selectByPrimaryKey - <==      Total: 0
2021-04-22 16:31:18.850 [http-nio-8080-exec-8] DEBUG com.submit.dao.studentMapper.selectByPrimaryKey - ==>  Preparing: select studentno, name, pinyin, password from student where studentno = ? 
2021-04-22 16:31:18.850 [http-nio-8080-exec-8] DEBUG com.submit.dao.studentMapper.selectByPrimaryKey - ==> Parameters: null
2021-04-22 16:31:18.851 [http-nio-8080-exec-8] DEBUG com.submit.dao.studentMapper.selectByPrimaryKey - <==      Total: 0
2021-04-22 16:34:43.153 [http-nio-8080-exec-10] DEBUG com.submit.dao.studentMapper.selectByPrimaryKey - ==>  Preparing: select studentno, name, pinyin, password from student where studentno = ? 
2021-04-22 16:34:43.153 [http-nio-8080-exec-10] DEBUG com.submit.dao.studentMapper.selectByPrimaryKey - ==> Parameters: null
2021-04-22 16:34:43.155 [http-nio-8080-exec-10] DEBUG com.submit.dao.studentMapper.selectByPrimaryKey - <==      Total: 0
2021-04-22 16:45:21.126 [http-nio-8080-exec-2] DEBUG com.submit.dao.studentMapper.selectByPrimaryKey - ==>  Preparing: select studentno, name, pinyin, password from student where studentno = ? 
2021-04-22 16:45:21.127 [http-nio-8080-exec-2] DEBUG com.submit.dao.studentMapper.selectByPrimaryKey - ==> Parameters: null
2021-04-22 16:45:21.128 [http-nio-8080-exec-2] DEBUG com.submit.dao.studentMapper.selectByPrimaryKey - <==      Total: 0
2021-04-22 18:32:03.186 [http-nio-8080-exec-4] DEBUG com.submit.dao.studentMapper.selectByPrimaryKey - ==>  Preparing: select studentno, name, pinyin, password from student where studentno = ? 
2021-04-22 18:32:03.186 [http-nio-8080-exec-4] DEBUG com.submit.dao.studentMapper.selectByPrimaryKey - ==> Parameters: null
2021-04-22 18:32:03.188 [http-nio-8080-exec-4] DEBUG com.submit.dao.studentMapper.selectByPrimaryKey - <==      Total: 0
2021-04-22 18:54:08.189 [restartedMain] DEBUG com.submit.WorkuploadApplication - Running with Spring Boot v2.1.4.RELEASE, Spring v5.1.6.RELEASE
2021-04-22 18:56:12.856 [restartedMain] DEBUG com.submit.WorkuploadApplication - Running with Spring Boot v2.1.4.RELEASE, Spring v5.1.6.RELEASE
2021-04-22 18:56:24.576 [http-nio-8080-exec-1] DEBUG com.submit.dao.studentMapper.selectByPrimaryKey - ==>  Preparing: select studentno, name, pinyin, password from student where studentno = ? 
2021-04-22 18:56:24.689 [http-nio-8080-exec-1] DEBUG com.submit.dao.studentMapper.selectByPrimaryKey - ==> Parameters: null
2021-04-22 18:56:24.712 [http-nio-8080-exec-1] DEBUG com.submit.dao.studentMapper.selectByPrimaryKey - <==      Total: 0
2021-04-22 18:57:20.346 [http-nio-8080-exec-2] DEBUG com.submit.dao.studentMapper.selectByPrimaryKey - ==>  Preparing: select studentno, name, pinyin, password from student where studentno = ? 
2021-04-22 18:57:20.347 [http-nio-8080-exec-2] DEBUG com.submit.dao.studentMapper.selectByPrimaryKey - ==> Parameters: null
2021-04-22 18:57:20.348 [http-nio-8080-exec-2] DEBUG com.submit.dao.studentMapper.selectByPrimaryKey - <==      Total: 0
2021-04-22 18:57:36.124 [http-nio-8080-exec-4] DEBUG com.submit.dao.studentMapper.selectByPrimaryKey - ==>  Preparing: select studentno, name, pinyin, password from student where studentno = ? 
2021-04-22 18:57:36.125 [http-nio-8080-exec-4] DEBUG com.submit.dao.studentMapper.selectByPrimaryKey - ==> Parameters: 10170917(String)
2021-04-22 18:57:36.129 [http-nio-8080-exec-4] DEBUG com.submit.dao.studentMapper.selectByPrimaryKey - <==      Total: 1
2021-04-22 20:02:25.109 [http-nio-8080-exec-7] DEBUG com.submit.dao.studentMapper.selectByPrimaryKey - ==>  Preparing: select studentno, name, pinyin, password from student where studentno = ? 
2021-04-22 20:02:25.110 [http-nio-8080-exec-7] DEBUG com.submit.dao.studentMapper.selectByPrimaryKey - ==> Parameters: 10170917(String)
2021-04-22 20:02:25.111 [http-nio-8080-exec-7] DEBUG com.submit.dao.studentMapper.selectByPrimaryKey - <==      Total: 1
2021-04-22 20:03:55.307 [http-nio-8080-exec-9] DEBUG com.submit.dao.studentMapper.selectByPrimaryKey - ==>  Preparing: select studentno, name, pinyin, password from student where studentno = ? 
2021-04-22 20:03:55.307 [http-nio-8080-exec-9] DEBUG com.submit.dao.studentMapper.selectByPrimaryKey - ==> Parameters: 10170917(String)
2021-04-22 20:03:55.310 [http-nio-8080-exec-9] DEBUG com.submit.dao.studentMapper.selectByPrimaryKey - <==      Total: 1
2021-04-22 20:07:02.544 [http-nio-8080-exec-1] DEBUG com.submit.dao.studentMapper.selectByPrimaryKey - ==>  Preparing: select studentno, name, pinyin, password from student where studentno = ? 
2021-04-22 20:07:02.545 [http-nio-8080-exec-1] DEBUG com.submit.dao.studentMapper.selectByPrimaryKey - ==> Parameters: 10170917(String)
2021-04-22 20:07:02.546 [http-nio-8080-exec-1] DEBUG com.submit.dao.studentMapper.selectByPrimaryKey - <==      Total: 1
2021-04-22 20:07:15.926 [http-nio-8080-exec-2] DEBUG com.submit.dao.studentMapper.selectByPrimaryKey - ==>  Preparing: select studentno, name, pinyin, password from student where studentno = ? 
2021-04-22 20:07:15.926 [http-nio-8080-exec-2] DEBUG com.submit.dao.studentMapper.selectByPrimaryKey - ==> Parameters: 10170917(String)
2021-04-22 20:07:15.928 [http-nio-8080-exec-2] DEBUG com.submit.dao.studentMapper.selectByPrimaryKey - <==      Total: 1
2021-04-22 21:49:30.998 [restartedMain] DEBUG com.submit.WorkuploadApplication - Running with Spring Boot v2.1.4.RELEASE, Spring v5.1.6.RELEASE
2021-04-22 21:55:26.175 [http-nio-8080-exec-4] DEBUG com.submit.dao.studentMapper.selectByPrimaryKey - ==>  Preparing: select studentno, name, pinyin, password from student where studentno = ? 
2021-04-22 21:55:26.288 [http-nio-8080-exec-4] DEBUG com.submit.dao.studentMapper.selectByPrimaryKey - ==> Parameters: 10170917(String)
2021-04-22 21:55:26.313 [http-nio-8080-exec-4] DEBUG com.submit.dao.studentMapper.selectByPrimaryKey - <==      Total: 1
2021-04-22 22:08:39.259 [restartedMain] DEBUG com.submit.WorkuploadApplication - Running with Spring Boot v2.1.4.RELEASE, Spring v5.1.6.RELEASE
2021-04-22 22:13:37.408 [restartedMain] DEBUG com.submit.WorkuploadApplication - Running with Spring Boot v2.1.4.RELEASE, Spring v5.1.6.RELEASE
2021-04-22 22:15:11.576 [restartedMain] DEBUG com.submit.WorkuploadApplication - Running with Spring Boot v2.1.4.RELEASE, Spring v5.1.6.RELEASE
2021-04-22 22:20:05.075 [http-nio-8080-exec-6] DEBUG com.submit.dao.studentMapper.selectByPrimaryKey - ==>  Preparing: select studentno, name, pinyin, password from student where studentno = ? 
2021-04-22 22:20:05.192 [http-nio-8080-exec-6] DEBUG com.submit.dao.studentMapper.selectByPrimaryKey - ==> Parameters: 10170917(String)
2021-04-22 22:20:05.217 [http-nio-8080-exec-6] DEBUG com.submit.dao.studentMapper.selectByPrimaryKey - <==      Total: 1
2021-04-22 22:33:26.303 [http-nio-8080-exec-2] DEBUG com.submit.dao.studentMapper.selectByPrimaryKey - ==>  Preparing: select studentno, name, pinyin, password from student where studentno = ? 
2021-04-22 22:33:26.304 [http-nio-8080-exec-2] DEBUG com.submit.dao.studentMapper.selectByPrimaryKey - ==> Parameters: 10170917(String)
2021-04-22 22:33:26.307 [http-nio-8080-exec-2] DEBUG com.submit.dao.studentMapper.selectByPrimaryKey - <==      Total: 1
2021-04-22 22:42:03.889 [restartedMain] DEBUG com.submit.WorkuploadApplication - Running with Spring Boot v2.1.4.RELEASE, Spring v5.1.6.RELEASE
2021-04-22 22:43:55.804 [restartedMain] DEBUG com.submit.WorkuploadApplication - Running with Spring Boot v2.1.4.RELEASE, Spring v5.1.6.RELEASE
2021-04-22 22:44:04.374 [http-nio-8080-exec-1] DEBUG com.submit.dao.jobMapper.gettaskdetail - ==>  Preparing: SELECT DATE_FORMAT(b.createTime,'%Y-%m-%d %h:%m:%s') as time,b.*, c.coursename FROM job b ,teachclass c WHERE b.teachclassid in (SELECT a.classID FROM studentclass a WHERE a.studentno=162210702234) AND c.ID=b.teachclassid ORDER BY b.ID DESC 
2021-04-22 22:44:04.511 [http-nio-8080-exec-1] DEBUG com.submit.dao.jobMapper.gettaskdetail - ==> Parameters: 
2021-04-22 22:44:04.548 [http-nio-8080-exec-1] DEBUG com.submit.dao.jobMapper.gettaskdetail - <==      Total: 0
2021-04-22 22:47:45.449 [restartedMain] DEBUG com.submit.WorkuploadApplication - Running with Spring Boot v2.1.4.RELEASE, Spring v5.1.6.RELEASE
2021-04-22 23:00:26.212 [restartedMain] DEBUG com.submit.WorkuploadApplication - Running with Spring Boot v2.1.4.RELEASE, Spring v5.1.6.RELEASE
2021-04-22 23:00:46.598 [http-nio-8080-exec-1] DEBUG com.submit.dao.studentMapper.selectByPrimaryKey - ==>  Preparing: select studentno, name, pinyin, password from student where studentno = ? 
2021-04-22 23:00:46.691 [http-nio-8080-exec-1] DEBUG com.submit.dao.studentMapper.selectByPrimaryKey - ==> Parameters: 10170917(String)
2021-04-22 23:00:46.719 [http-nio-8080-exec-1] DEBUG com.submit.dao.studentMapper.selectByPrimaryKey - <==      Total: 1
2021-04-22 23:07:08.670 [http-nio-8080-exec-7] DEBUG com.submit.dao.studentMapper.selectByPrimaryKey - ==>  Preparing: select studentno, name, pinyin, password from student where studentno = ? 
2021-04-22 23:07:08.670 [http-nio-8080-exec-7] DEBUG com.submit.dao.studentMapper.selectByPrimaryKey - ==> Parameters: 10170917(String)
2021-04-22 23:07:08.673 [http-nio-8080-exec-7] DEBUG com.submit.dao.studentMapper.selectByPrimaryKey - <==      Total: 1
2021-04-22 23:07:09.142 [http-nio-8080-exec-8] DEBUG com.submit.dao.studentMapper.selectByPrimaryKey - ==>  Preparing: select studentno, name, pinyin, password from student where studentno = ? 
2021-04-22 23:07:09.142 [http-nio-8080-exec-8] DEBUG com.submit.dao.studentMapper.selectByPrimaryKey - ==> Parameters: 10170917(String)
2021-04-22 23:07:09.143 [http-nio-8080-exec-8] DEBUG com.submit.dao.studentMapper.selectByPrimaryKey - <==      Total: 1
2021-04-22 23:07:09.147 [http-nio-8080-exec-8] DEBUG com.submit.dao.jobMapper.gettaskdetail - ==>  Preparing: SELECT DATE_FORMAT(b.createTime,'%Y-%m-%d %h:%m:%s') as time,b.*, c.coursename FROM job b ,teachclass c WHERE b.teachclassid in (SELECT a.classID FROM studentclass a WHERE a.studentno=162210702234) AND c.ID=b.teachclassid ORDER BY b.ID DESC 
2021-04-22 23:07:09.157 [http-nio-8080-exec-8] DEBUG com.submit.dao.jobMapper.gettaskdetail - ==> Parameters: 
2021-04-22 23:07:09.164 [http-nio-8080-exec-8] DEBUG com.submit.dao.jobMapper.gettaskdetail - <==      Total: 0
2021-04-22 23:09:50.640 [restartedMain] DEBUG com.submit.WorkuploadApplication - Running with Spring Boot v2.1.4.RELEASE, Spring v5.1.6.RELEASE
2021-04-22 23:10:09.699 [http-nio-8080-exec-1] DEBUG com.submit.dao.studentMapper.selectByPrimaryKey - ==>  Preparing: select studentno, name, pinyin, password from student where studentno = ? 
2021-04-22 23:10:09.793 [http-nio-8080-exec-1] DEBUG com.submit.dao.studentMapper.selectByPrimaryKey - ==> Parameters: 10170917(String)
2021-04-22 23:10:09.818 [http-nio-8080-exec-1] DEBUG com.submit.dao.studentMapper.selectByPrimaryKey - <==      Total: 1
2021-04-22 23:10:10.396 [http-nio-8080-exec-3] DEBUG com.submit.dao.studentMapper.selectByPrimaryKey - ==>  Preparing: select studentno, name, pinyin, password from student where studentno = ? 
2021-04-22 23:10:10.396 [http-nio-8080-exec-3] DEBUG com.submit.dao.studentMapper.selectByPrimaryKey - ==> Parameters: 10170917(String)
2021-04-22 23:10:10.399 [http-nio-8080-exec-3] DEBUG com.submit.dao.studentMapper.selectByPrimaryKey - <==      Total: 1
2021-04-22 23:10:10.402 [http-nio-8080-exec-3] DEBUG com.submit.dao.jobMapper.gettaskdetail - ==>  Preparing: SELECT DATE_FORMAT(b.createTime,'%Y-%m-%d %h:%m:%s') as time,b.*, c.coursename FROM job b ,teachclass c WHERE b.teachclassid in (SELECT a.classID FROM studentclass a WHERE a.studentno=?) AND c.ID=b.teachclassid ORDER BY b.ID DESC 
2021-04-22 23:10:10.411 [http-nio-8080-exec-3] DEBUG com.submit.dao.jobMapper.gettaskdetail - ==> Parameters: 10170917(String)
2021-04-22 23:10:10.464 [http-nio-8080-exec-3] DEBUG com.submit.dao.jobMapper.gettaskdetail - <==      Total: 2
2021-04-22 23:12:15.062 [restartedMain] DEBUG com.submit.WorkuploadApplication - Running with Spring Boot v2.1.4.RELEASE, Spring v5.1.6.RELEASE
2021-04-22 23:13:48.440 [http-nio-8080-exec-1] DEBUG com.submit.dao.studentMapper.selectByPrimaryKey - ==>  Preparing: select studentno, name, pinyin, password from student where studentno = ? 
2021-04-22 23:13:48.533 [http-nio-8080-exec-1] DEBUG com.submit.dao.studentMapper.selectByPrimaryKey - ==> Parameters: 10170917(String)
2021-04-22 23:13:48.560 [http-nio-8080-exec-1] DEBUG com.submit.dao.studentMapper.selectByPrimaryKey - <==      Total: 1
2021-04-22 23:13:49.107 [http-nio-8080-exec-2] DEBUG com.submit.dao.studentMapper.selectByPrimaryKey - ==>  Preparing: select studentno, name, pinyin, password from student where studentno = ? 
2021-04-22 23:13:49.108 [http-nio-8080-exec-2] DEBUG com.submit.dao.studentMapper.selectByPrimaryKey - ==> Parameters: 10170917(String)
2021-04-22 23:13:49.110 [http-nio-8080-exec-2] DEBUG com.submit.dao.studentMapper.selectByPrimaryKey - <==      Total: 1
2021-04-22 23:13:49.113 [http-nio-8080-exec-2] DEBUG com.submit.dao.jobMapper.gettaskdetail - ==>  Preparing: SELECT DATE_FORMAT(b.createTime,'%Y-%m-%d %h:%m:%s') as time,b.*, c.coursename FROM job b ,teachclass c WHERE b.teachclassid in (SELECT a.classID FROM studentclass a WHERE a.studentno=10170917) AND c.ID=b.teachclassid ORDER BY b.ID DESC 
2021-04-22 23:13:49.122 [http-nio-8080-exec-2] DEBUG com.submit.dao.jobMapper.gettaskdetail - ==> Parameters: 
2021-04-22 23:13:49.127 [http-nio-8080-exec-2] DEBUG com.submit.dao.jobMapper.gettaskdetail - <==      Total: 2
2021-04-22 23:16:12.934 [restartedMain] DEBUG com.submit.WorkuploadApplication - Running with Spring Boot v2.1.4.RELEASE, Spring v5.1.6.RELEASE
2021-04-22 23:16:29.831 [http-nio-8080-exec-1] DEBUG com.submit.dao.studentMapper.selectByPrimaryKey - ==>  Preparing: select studentno, name, pinyin, password from student where studentno = ? 
2021-04-22 23:16:29.935 [http-nio-8080-exec-1] DEBUG com.submit.dao.studentMapper.selectByPrimaryKey - ==> Parameters: 10170917(String)
2021-04-22 23:16:29.960 [http-nio-8080-exec-1] DEBUG com.submit.dao.studentMapper.selectByPrimaryKey - <==      Total: 1
2021-04-22 23:16:30.542 [http-nio-8080-exec-2] DEBUG com.submit.dao.studentMapper.selectByPrimaryKey - ==>  Preparing: select studentno, name, pinyin, password from student where studentno = ? 
2021-04-22 23:16:30.542 [http-nio-8080-exec-2] DEBUG com.submit.dao.studentMapper.selectByPrimaryKey - ==> Parameters: 10170917(String)
2021-04-22 23:16:30.543 [http-nio-8080-exec-2] DEBUG com.submit.dao.studentMapper.selectByPrimaryKey - <==      Total: 1
2021-04-22 23:16:30.546 [http-nio-8080-exec-2] DEBUG com.submit.dao.jobMapper.gettaskdetail - ==>  Preparing: SELECT DATE_FORMAT(b.createTime,'%Y-%m-%d %h:%m:%s') as time,b.*, c.coursename FROM job b ,teachclass c WHERE b.teachclassid in (SELECT a.classID FROM studentclass a WHERE a.studentno=10170917) AND c.ID=b.teachclassid ORDER BY b.ID DESC 
2021-04-22 23:16:30.551 [http-nio-8080-exec-2] DEBUG com.submit.dao.jobMapper.gettaskdetail - ==> Parameters: 
2021-04-22 23:16:30.563 [http-nio-8080-exec-2] DEBUG com.submit.dao.jobMapper.gettaskdetail - <==      Total: 2
2021-04-22 23:17:29.210 [restartedMain] DEBUG com.submit.WorkuploadApplication - Running with Spring Boot v2.1.4.RELEASE, Spring v5.1.6.RELEASE
2021-04-22 23:17:35.063 [http-nio-8080-exec-1] DEBUG com.submit.dao.studentMapper.selectByPrimaryKey - ==>  Preparing: select studentno, name, pinyin, password from student where studentno = ? 
2021-04-22 23:17:35.166 [http-nio-8080-exec-1] DEBUG com.submit.dao.studentMapper.selectByPrimaryKey - ==> Parameters: 10170917(String)
2021-04-22 23:17:35.218 [http-nio-8080-exec-1] DEBUG com.submit.dao.studentMapper.selectByPrimaryKey - <==      Total: 1
2021-04-22 23:17:35.905 [http-nio-8080-exec-2] DEBUG com.submit.dao.studentMapper.selectByPrimaryKey - ==>  Preparing: select studentno, name, pinyin, password from student where studentno = ? 
2021-04-22 23:17:35.905 [http-nio-8080-exec-2] DEBUG com.submit.dao.studentMapper.selectByPrimaryKey - ==> Parameters: 10170917(String)
2021-04-22 23:17:35.907 [http-nio-8080-exec-2] DEBUG com.submit.dao.studentMapper.selectByPrimaryKey - <==      Total: 1
2021-04-22 23:17:35.910 [http-nio-8080-exec-2] DEBUG com.submit.dao.jobMapper.gettaskdetail - ==>  Preparing: SELECT DATE_FORMAT(b.createTime,'%Y-%m-%d %h:%m:%s') as time,b.*, c.coursename FROM job b ,teachclass c WHERE b.teachclassid in (SELECT a.classID FROM studentclass a WHERE a.studentno=10170917) AND c.ID=b.teachclassid ORDER BY b.ID DESC 
2021-04-22 23:17:35.919 [http-nio-8080-exec-2] DEBUG com.submit.dao.jobMapper.gettaskdetail - ==> Parameters: 
2021-04-22 23:17:35.926 [http-nio-8080-exec-2] DEBUG com.submit.dao.jobMapper.gettaskdetail - <==      Total: 2
2021-04-22 23:19:05.486 [restartedMain] DEBUG com.submit.WorkuploadApplication - Running with Spring Boot v2.1.4.RELEASE, Spring v5.1.6.RELEASE
2021-04-22 23:19:31.166 [http-nio-8080-exec-1] DEBUG com.submit.dao.studentMapper.selectByPrimaryKey - ==>  Preparing: select studentno, name, pinyin, password from student where studentno = ? 
2021-04-22 23:19:31.268 [http-nio-8080-exec-1] DEBUG com.submit.dao.studentMapper.selectByPrimaryKey - ==> Parameters: 10170917(String)
2021-04-22 23:19:31.294 [http-nio-8080-exec-1] DEBUG com.submit.dao.studentMapper.selectByPrimaryKey - <==      Total: 1
2021-04-22 23:19:31.827 [http-nio-8080-exec-2] DEBUG com.submit.dao.studentMapper.selectByPrimaryKey - ==>  Preparing: select studentno, name, pinyin, password from student where studentno = ? 
2021-04-22 23:19:31.827 [http-nio-8080-exec-2] DEBUG com.submit.dao.studentMapper.selectByPrimaryKey - ==> Parameters: 10170917(String)
2021-04-22 23:19:31.829 [http-nio-8080-exec-2] DEBUG com.submit.dao.studentMapper.selectByPrimaryKey - <==      Total: 1
2021-04-22 23:19:31.832 [http-nio-8080-exec-2] DEBUG com.submit.dao.jobMapper.gettaskdetail - ==>  Preparing: SELECT DATE_FORMAT(b.createTime,'%Y-%m-%d %h:%m:%s') as time,b.*, c.coursename FROM job b ,teachclass c WHERE b.teachclassid in (SELECT a.classID FROM studentclass a WHERE a.studentno=10170917) AND c.ID=b.teachclassid ORDER BY b.ID DESC 
2021-04-22 23:19:31.842 [http-nio-8080-exec-2] DEBUG com.submit.dao.jobMapper.gettaskdetail - ==> Parameters: 
2021-04-22 23:19:31.851 [http-nio-8080-exec-2] DEBUG com.submit.dao.jobMapper.gettaskdetail - <==      Total: 2
2021-04-22 23:21:13.698 [restartedMain] DEBUG com.submit.WorkuploadApplication - Running with Spring Boot v2.1.4.RELEASE, Spring v5.1.6.RELEASE
2021-04-22 23:21:23.008 [http-nio-8080-exec-1] DEBUG com.submit.dao.studentMapper.selectByPrimaryKey - ==>  Preparing: select studentno, name, pinyin, password from student where studentno = ? 
2021-04-22 23:21:23.099 [http-nio-8080-exec-1] DEBUG com.submit.dao.studentMapper.selectByPrimaryKey - ==> Parameters: 10170917(String)
2021-04-22 23:21:23.125 [http-nio-8080-exec-1] DEBUG com.submit.dao.studentMapper.selectByPrimaryKey - <==      Total: 1
2021-04-22 23:21:23.683 [http-nio-8080-exec-2] DEBUG com.submit.dao.studentMapper.selectByPrimaryKey - ==>  Preparing: select studentno, name, pinyin, password from student where studentno = ? 
2021-04-22 23:21:23.684 [http-nio-8080-exec-2] DEBUG com.submit.dao.studentMapper.selectByPrimaryKey - ==> Parameters: 10170917(String)
2021-04-22 23:21:23.689 [http-nio-8080-exec-2] DEBUG com.submit.dao.studentMapper.selectByPrimaryKey - <==      Total: 1
2021-04-22 23:21:23.692 [http-nio-8080-exec-2] DEBUG com.submit.dao.jobMapper.gettaskdetail - ==>  Preparing: SELECT DATE_FORMAT(b.createTime,'%Y-%m-%d %h:%m:%s') as time,b.*, c.coursename FROM job b ,teachclass c WHERE b.teachclassid in (SELECT a.classID FROM studentclass a WHERE a.studentno=10170917) AND c.ID=b.teachclassid ORDER BY b.ID DESC 
2021-04-22 23:21:23.700 [http-nio-8080-exec-2] DEBUG com.submit.dao.jobMapper.gettaskdetail - ==> Parameters: 
2021-04-22 23:21:23.709 [http-nio-8080-exec-2] DEBUG com.submit.dao.jobMapper.gettaskdetail - <==      Total: 2
2021-04-22 23:24:41.837 [restartedMain] DEBUG com.submit.WorkuploadApplication - Running with Spring Boot v2.1.4.RELEASE, Spring v5.1.6.RELEASE
2021-04-22 23:24:49.939 [http-nio-8080-exec-1] DEBUG com.submit.dao.studentMapper.selectByPrimaryKey - ==>  Preparing: select studentno, name, pinyin, password from student where studentno = ? 
2021-04-22 23:24:50.032 [http-nio-8080-exec-1] DEBUG com.submit.dao.studentMapper.selectByPrimaryKey - ==> Parameters: 10170917(String)
2021-04-22 23:24:50.057 [http-nio-8080-exec-1] DEBUG com.submit.dao.studentMapper.selectByPrimaryKey - <==      Total: 1
2021-04-22 23:24:50.483 [http-nio-8080-exec-2] DEBUG com.submit.dao.studentMapper.selectByPrimaryKey - ==>  Preparing: select studentno, name, pinyin, password from student where studentno = ? 
2021-04-22 23:24:50.484 [http-nio-8080-exec-2] DEBUG com.submit.dao.studentMapper.selectByPrimaryKey - ==> Parameters: 10170917(String)
2021-04-22 23:24:50.486 [http-nio-8080-exec-2] DEBUG com.submit.dao.studentMapper.selectByPrimaryKey - <==      Total: 1
2021-04-22 23:24:50.489 [http-nio-8080-exec-2] DEBUG com.submit.dao.jobMapper.gettaskdetail - ==>  Preparing: SELECT DATE_FORMAT(b.createTime,'%Y-%m-%d %h:%m:%s') as time,b.*, c.coursename FROM job b ,teachclass c WHERE b.teachclassid in (SELECT a.classID FROM studentclass a WHERE a.studentno=10170917) AND c.ID=b.teachclassid ORDER BY b.ID DESC 
2021-04-22 23:24:50.495 [http-nio-8080-exec-2] DEBUG com.submit.dao.jobMapper.gettaskdetail - ==> Parameters: 
2021-04-22 23:24:50.504 [http-nio-8080-exec-2] DEBUG com.submit.dao.jobMapper.gettaskdetail - <==      Total: 2
2021-04-22 23:25:11.308 [restartedMain] DEBUG com.submit.WorkuploadApplication - Running with Spring Boot v2.1.4.RELEASE, Spring v5.1.6.RELEASE
2021-04-22 23:25:27.021 [http-nio-8080-exec-1] DEBUG com.submit.dao.studentMapper.selectByPrimaryKey - ==>  Preparing: select studentno, name, pinyin, password from student where studentno = ? 
2021-04-22 23:25:27.114 [http-nio-8080-exec-1] DEBUG com.submit.dao.studentMapper.selectByPrimaryKey - ==> Parameters: 10170917(String)
2021-04-22 23:25:27.140 [http-nio-8080-exec-1] DEBUG com.submit.dao.studentMapper.selectByPrimaryKey - <==      Total: 1
2021-04-22 23:25:27.506 [http-nio-8080-exec-2] DEBUG com.submit.dao.studentMapper.selectByPrimaryKey - ==>  Preparing: select studentno, name, pinyin, password from student where studentno = ? 
2021-04-22 23:25:27.507 [http-nio-8080-exec-2] DEBUG com.submit.dao.studentMapper.selectByPrimaryKey - ==> Parameters: 10170917(String)
2021-04-22 23:25:27.508 [http-nio-8080-exec-2] DEBUG com.submit.dao.studentMapper.selectByPrimaryKey - <==      Total: 1
2021-04-22 23:25:27.510 [http-nio-8080-exec-2] DEBUG com.submit.dao.jobMapper.gettaskdetail - ==>  Preparing: SELECT DATE_FORMAT(b.createTime,'%Y-%m-%d %h:%m:%s') as time,b.*, c.coursename FROM job b ,teachclass c WHERE b.teachclassid in (SELECT a.classID FROM studentclass a WHERE a.studentno=10170917) AND c.ID=b.teachclassid ORDER BY b.ID DESC 
2021-04-22 23:25:27.516 [http-nio-8080-exec-2] DEBUG com.submit.dao.jobMapper.gettaskdetail - ==> Parameters: 
2021-04-22 23:25:27.521 [http-nio-8080-exec-2] DEBUG com.submit.dao.jobMapper.gettaskdetail - <==      Total: 2
2021-04-22 23:26:27.692 [restartedMain] DEBUG com.submit.WorkuploadApplication - Running with Spring Boot v2.1.4.RELEASE, Spring v5.1.6.RELEASE
2021-04-22 23:26:45.653 [http-nio-8080-exec-1] DEBUG com.submit.dao.studentMapper.selectByPrimaryKey - ==>  Preparing: select studentno, name, pinyin, password from student where studentno = ? 
2021-04-22 23:26:45.760 [http-nio-8080-exec-1] DEBUG com.submit.dao.studentMapper.selectByPrimaryKey - ==> Parameters: 10170917(String)
2021-04-22 23:26:45.788 [http-nio-8080-exec-1] DEBUG com.submit.dao.studentMapper.selectByPrimaryKey - <==      Total: 1
2021-04-22 23:26:46.169 [http-nio-8080-exec-2] DEBUG com.submit.dao.studentMapper.selectByPrimaryKey - ==>  Preparing: select studentno, name, pinyin, password from student where studentno = ? 
2021-04-22 23:26:46.169 [http-nio-8080-exec-2] DEBUG com.submit.dao.studentMapper.selectByPrimaryKey - ==> Parameters: 10170917(String)
2021-04-22 23:26:46.171 [http-nio-8080-exec-2] DEBUG com.submit.dao.studentMapper.selectByPrimaryKey - <==      Total: 1
2021-04-22 23:26:46.174 [http-nio-8080-exec-2] DEBUG com.submit.dao.jobMapper.gettaskdetail - ==>  Preparing: SELECT DATE_FORMAT(b.createTime,'%Y-%m-%d %h:%m:%s') as time,b.*, c.coursename FROM job b ,teachclass c WHERE b.teachclassid in (SELECT a.classID FROM studentclass a WHERE a.studentno=10170917) AND c.ID=b.teachclassid ORDER BY b.ID DESC 
2021-04-22 23:26:46.190 [http-nio-8080-exec-2] DEBUG com.submit.dao.jobMapper.gettaskdetail - ==> Parameters: 
2021-04-22 23:26:46.199 [http-nio-8080-exec-2] DEBUG com.submit.dao.jobMapper.gettaskdetail - <==      Total: 2
2021-04-22 23:30:55.060 [http-nio-8080-exec-6] DEBUG com.submit.dao.studentMapper.selectByPrimaryKey - ==>  Preparing: select studentno, name, pinyin, password from student where studentno = ? 
2021-04-22 23:30:55.060 [http-nio-8080-exec-6] DEBUG com.submit.dao.studentMapper.selectByPrimaryKey - ==> Parameters: 10170917(String)
2021-04-22 23:30:55.061 [http-nio-8080-exec-6] DEBUG com.submit.dao.studentMapper.selectByPrimaryKey - <==      Total: 1
2021-04-22 23:30:55.350 [http-nio-8080-exec-7] DEBUG com.submit.dao.studentMapper.selectByPrimaryKey - ==>  Preparing: select studentno, name, pinyin, password from student where studentno = ? 
2021-04-22 23:30:55.350 [http-nio-8080-exec-7] DEBUG com.submit.dao.studentMapper.selectByPrimaryKey - ==> Parameters: 10170917(String)
2021-04-22 23:30:55.352 [http-nio-8080-exec-7] DEBUG com.submit.dao.studentMapper.selectByPrimaryKey - <==      Total: 1
2021-04-22 23:30:55.352 [http-nio-8080-exec-7] DEBUG com.submit.dao.jobMapper.gettaskdetail - ==>  Preparing: SELECT DATE_FORMAT(b.createTime,'%Y-%m-%d %h:%m:%s') as time,b.*, c.coursename FROM job b ,teachclass c WHERE b.teachclassid in (SELECT a.classID FROM studentclass a WHERE a.studentno=10170917) AND c.ID=b.teachclassid ORDER BY b.ID DESC 
2021-04-22 23:30:55.352 [http-nio-8080-exec-7] DEBUG com.submit.dao.jobMapper.gettaskdetail - ==> Parameters: 
2021-04-22 23:30:55.357 [http-nio-8080-exec-7] DEBUG com.submit.dao.jobMapper.gettaskdetail - <==      Total: 2
2021-04-22 23:34:52.194 [http-nio-8080-exec-10] DEBUG com.submit.dao.studentMapper.selectByPrimaryKey - ==>  Preparing: select studentno, name, pinyin, password from student where studentno = ? 
2021-04-22 23:34:52.195 [http-nio-8080-exec-10] DEBUG com.submit.dao.studentMapper.selectByPrimaryKey - ==> Parameters: 10170917(String)
2021-04-22 23:34:52.197 [http-nio-8080-exec-10] DEBUG com.submit.dao.studentMapper.selectByPrimaryKey - <==      Total: 1
2021-04-22 23:34:52.500 [http-nio-8080-exec-1] DEBUG com.submit.dao.studentMapper.selectByPrimaryKey - ==>  Preparing: select studentno, name, pinyin, password from student where studentno = ? 
2021-04-22 23:34:52.500 [http-nio-8080-exec-1] DEBUG com.submit.dao.studentMapper.selectByPrimaryKey - ==> Parameters: 10170917(String)
2021-04-22 23:34:52.501 [http-nio-8080-exec-1] DEBUG com.submit.dao.studentMapper.selectByPrimaryKey - <==      Total: 1
2021-04-22 23:34:52.502 [http-nio-8080-exec-1] DEBUG com.submit.dao.jobMapper.gettaskdetail - ==>  Preparing: SELECT DATE_FORMAT(b.createTime,'%Y-%m-%d %h:%m:%s') as time,b.*, c.coursename FROM job b ,teachclass c WHERE b.teachclassid in (SELECT a.classID FROM studentclass a WHERE a.studentno=10170917) AND c.ID=b.teachclassid ORDER BY b.ID DESC 
2021-04-22 23:34:52.502 [http-nio-8080-exec-1] DEBUG com.submit.dao.jobMapper.gettaskdetail - ==> Parameters: 
2021-04-22 23:34:52.505 [http-nio-8080-exec-1] DEBUG com.submit.dao.jobMapper.gettaskdetail - <==      Total: 2
2021-04-22 23:40:06.917 [http-nio-8080-exec-4] DEBUG com.submit.dao.studentMapper.selectByPrimaryKey - ==>  Preparing: select studentno, name, pinyin, password from student where studentno = ? 
2021-04-22 23:40:06.917 [http-nio-8080-exec-4] DEBUG com.submit.dao.studentMapper.selectByPrimaryKey - ==> Parameters: 10170917(String)
2021-04-22 23:40:06.919 [http-nio-8080-exec-4] DEBUG com.submit.dao.studentMapper.selectByPrimaryKey - <==      Total: 1
2021-04-22 23:40:07.364 [http-nio-8080-exec-5] DEBUG com.submit.dao.studentMapper.selectByPrimaryKey - ==>  Preparing: select studentno, name, pinyin, password from student where studentno = ? 
2021-04-22 23:40:07.365 [http-nio-8080-exec-5] DEBUG com.submit.dao.studentMapper.selectByPrimaryKey - ==> Parameters: 10170917(String)
2021-04-22 23:40:07.366 [http-nio-8080-exec-5] DEBUG com.submit.dao.studentMapper.selectByPrimaryKey - <==      Total: 1
2021-04-22 23:40:07.367 [http-nio-8080-exec-5] DEBUG com.submit.dao.jobMapper.gettaskdetail - ==>  Preparing: SELECT DATE_FORMAT(b.createTime,'%Y-%m-%d %h:%m:%s') as time,b.*, c.coursename FROM job b ,teachclass c WHERE b.teachclassid in (SELECT a.classID FROM studentclass a WHERE a.studentno=10170917) AND c.ID=b.teachclassid ORDER BY b.ID DESC 
2021-04-22 23:40:07.367 [http-nio-8080-exec-5] DEBUG com.submit.dao.jobMapper.gettaskdetail - ==> Parameters: 
2021-04-22 23:40:07.373 [http-nio-8080-exec-5] DEBUG com.submit.dao.jobMapper.gettaskdetail - <==      Total: 2
