2021-04-24 11:45:52.299 [restartedMain] DEBUG com.submit.WorkuploadApplication - Running with Spring Boot v2.1.4.RELEASE, Spring v5.1.6.RELEASE
2021-04-24 13:29:29.075 [http-nio-8080-exec-3] DEBUG com.submit.dao.studentMapper.selectByPrimaryKey - ==>  Preparing: select studentno, name, pinyin, password from student where studentno = ? 
2021-04-24 13:29:29.180 [http-nio-8080-exec-3] DEBUG com.submit.dao.studentMapper.selectByPrimaryKey - ==> Parameters: 10170917(String)
2021-04-24 13:29:29.221 [http-nio-8080-exec-3] DEBUG com.submit.dao.studentMapper.selectByPrimaryKey - <==      Total: 1
2021-04-24 13:29:29.635 [http-nio-8080-exec-4] DEBUG com.submit.dao.studentMapper.selectByPrimaryKey - ==>  Preparing: select studentno, name, pinyin, password from student where studentno = ? 
2021-04-24 13:29:29.635 [http-nio-8080-exec-4] DEBUG com.submit.dao.studentMapper.selectByPrimaryKey - ==> Parameters: 10170917(String)
2021-04-24 13:29:29.637 [http-nio-8080-exec-4] DEBUG com.submit.dao.studentMapper.selectByPrimaryKey - <==      Total: 1
2021-04-24 13:29:29.639 [http-nio-8080-exec-4] DEBUG c.s.dao.teachclassMapper.getteacherclassbystuid - ==>  Preparing: SELECT * from teachclass WHERE ID in (SELECT classID FROM studentclass WHERE studentno=?) GROUP BY coursename,ID ORDER BY coursesemester DESC 
2021-04-24 13:29:29.643 [http-nio-8080-exec-4] DEBUG c.s.dao.teachclassMapper.getteacherclassbystuid - ==> Parameters: 10170917(String)
2021-04-24 13:29:29.656 [http-nio-8080-exec-4] DEBUG c.s.dao.teachclassMapper.getteacherclassbystuid - <==      Total: 1
2021-04-24 13:29:42.561 [http-nio-8080-exec-5] DEBUG com.submit.dao.studentMapper.selectByPrimaryKey - ==>  Preparing: select studentno, name, pinyin, password from student where studentno = ? 
2021-04-24 13:29:42.561 [http-nio-8080-exec-5] DEBUG com.submit.dao.studentMapper.selectByPrimaryKey - ==> Parameters: 10170917(String)
2021-04-24 13:29:42.562 [http-nio-8080-exec-5] DEBUG com.submit.dao.studentMapper.selectByPrimaryKey - <==      Total: 1
2021-04-24 13:29:42.563 [http-nio-8080-exec-5] DEBUG com.submit.dao.jobMapper.getjobbyteachclassid - ==>  Preparing: select * from job where teachclassid=? order by createTime desc 
2021-04-24 13:29:42.564 [http-nio-8080-exec-5] DEBUG com.submit.dao.jobMapper.getjobbyteachclassid - ==> Parameters: 2(Integer)
2021-04-24 13:29:42.608 [http-nio-8080-exec-5] DEBUG com.submit.dao.jobMapper.getjobbyteachclassid - <==      Total: 2
2021-04-24 15:21:22.801 [http-nio-8080-exec-7] DEBUG com.submit.dao.studentMapper.selectByPrimaryKey - ==>  Preparing: select studentno, name, pinyin, password from student where studentno = ? 
2021-04-24 15:21:22.802 [http-nio-8080-exec-7] DEBUG com.submit.dao.studentMapper.selectByPrimaryKey - ==> Parameters: 10170917(String)
2021-04-24 15:21:22.803 [http-nio-8080-exec-7] DEBUG com.submit.dao.studentMapper.selectByPrimaryKey - <==      Total: 1
2021-04-24 15:21:23.495 [http-nio-8080-exec-8] DEBUG com.submit.dao.studentMapper.selectByPrimaryKey - ==>  Preparing: select studentno, name, pinyin, password from student where studentno = ? 
2021-04-24 15:21:23.495 [http-nio-8080-exec-8] DEBUG com.submit.dao.studentMapper.selectByPrimaryKey - ==> Parameters: 10170917(String)
2021-04-24 15:21:23.496 [http-nio-8080-exec-8] DEBUG com.submit.dao.studentMapper.selectByPrimaryKey - <==      Total: 1
2021-04-24 15:21:23.497 [http-nio-8080-exec-8] DEBUG c.s.dao.teachclassMapper.getteacherclassbystuid - ==>  Preparing: SELECT * from teachclass WHERE ID in (SELECT classID FROM studentclass WHERE studentno=?) GROUP BY coursename,ID ORDER BY coursesemester DESC 
2021-04-24 15:21:23.497 [http-nio-8080-exec-8] DEBUG c.s.dao.teachclassMapper.getteacherclassbystuid - ==> Parameters: 10170917(String)
2021-04-24 15:21:23.499 [http-nio-8080-exec-8] DEBUG c.s.dao.teachclassMapper.getteacherclassbystuid - <==      Total: 1
2021-04-24 15:21:30.671 [http-nio-8080-exec-9] DEBUG com.submit.dao.studentMapper.selectByPrimaryKey - ==>  Preparing: select studentno, name, pinyin, password from student where studentno = ? 
2021-04-24 15:21:30.672 [http-nio-8080-exec-9] DEBUG com.submit.dao.studentMapper.selectByPrimaryKey - ==> Parameters: 10170917(String)
2021-04-24 15:21:30.673 [http-nio-8080-exec-9] DEBUG com.submit.dao.studentMapper.selectByPrimaryKey - <==      Total: 1
2021-04-24 15:21:30.674 [http-nio-8080-exec-9] DEBUG com.submit.dao.jobMapper.getjobbyteachclassid - ==>  Preparing: select * from job where teachclassid=? order by createTime desc 
2021-04-24 15:21:30.675 [http-nio-8080-exec-9] DEBUG com.submit.dao.jobMapper.getjobbyteachclassid - ==> Parameters: 2(Integer)
2021-04-24 15:21:30.803 [http-nio-8080-exec-9] DEBUG com.submit.dao.jobMapper.getjobbyteachclassid - <==      Total: 2
2021-04-24 15:22:02.906 [http-nio-8080-exec-10] DEBUG com.submit.dao.studentMapper.selectByPrimaryKey - ==>  Preparing: select studentno, name, pinyin, password from student where studentno = ? 
2021-04-24 15:22:02.906 [http-nio-8080-exec-10] DEBUG com.submit.dao.studentMapper.selectByPrimaryKey - ==> Parameters: 10170917(String)
2021-04-24 15:22:02.908 [http-nio-8080-exec-10] DEBUG com.submit.dao.studentMapper.selectByPrimaryKey - <==      Total: 1
2021-04-24 15:22:02.909 [http-nio-8080-exec-10] DEBUG com.submit.dao.jobMapper.getjobbyteachclassid - ==>  Preparing: select * from job where teachclassid=? order by createTime desc 
2021-04-24 15:22:02.909 [http-nio-8080-exec-10] DEBUG com.submit.dao.jobMapper.getjobbyteachclassid - ==> Parameters: 2(Integer)
2021-04-24 15:22:02.910 [http-nio-8080-exec-10] DEBUG com.submit.dao.jobMapper.getjobbyteachclassid - <==      Total: 2
2021-04-24 16:10:52.231 [restartedMain] DEBUG com.submit.WorkuploadApplication - Running with Spring Boot v2.1.4.RELEASE, Spring v5.1.6.RELEASE
2021-04-24 16:12:42.146 [http-nio-8080-exec-3] DEBUG com.submit.dao.questionMapper.selectbyjobidandno - ==>  Preparing: SELECT * FROM question WHERE idjob = ? and no = ? 
2021-04-24 16:12:42.253 [http-nio-8080-exec-3] DEBUG com.submit.dao.questionMapper.selectbyjobidandno - ==> Parameters: 5(Integer), 1(Integer)
2021-04-24 16:12:42.283 [http-nio-8080-exec-3] DEBUG com.submit.dao.questionMapper.selectbyjobidandno - <==      Total: 1
2021-04-24 16:14:44.099 [restartedMain] DEBUG com.submit.WorkuploadApplication - Running with Spring Boot v2.1.4.RELEASE, Spring v5.1.6.RELEASE
2021-04-24 16:15:02.135 [http-nio-8080-exec-2] DEBUG com.submit.dao.questionMapper.selectbyjobidandno - ==>  Preparing: SELECT * FROM question WHERE idjob = ? and no = ? 
2021-04-24 16:15:02.249 [http-nio-8080-exec-2] DEBUG com.submit.dao.questionMapper.selectbyjobidandno - ==> Parameters: 5(Integer), 1(Integer)
2021-04-24 16:15:02.274 [http-nio-8080-exec-2] DEBUG com.submit.dao.questionMapper.selectbyjobidandno - <==      Total: 1
2021-04-24 16:15:49.228 [restartedMain] DEBUG com.submit.WorkuploadApplication - Running with Spring Boot v2.1.4.RELEASE, Spring v5.1.6.RELEASE
2021-04-24 16:15:57.178 [http-nio-8080-exec-2] DEBUG com.submit.dao.questionMapper.selectbyjobidandno - ==>  Preparing: SELECT * FROM question WHERE idjob = ? and no = ? 
2021-04-24 16:15:57.296 [http-nio-8080-exec-2] DEBUG com.submit.dao.questionMapper.selectbyjobidandno - ==> Parameters: 5(Integer), 1(Integer)
2021-04-24 16:15:57.324 [http-nio-8080-exec-2] DEBUG com.submit.dao.questionMapper.selectbyjobidandno - <==      Total: 1
2021-04-24 16:17:49.140 [restartedMain] DEBUG com.submit.WorkuploadApplication - Running with Spring Boot v2.1.4.RELEASE, Spring v5.1.6.RELEASE
2021-04-24 16:19:22.615 [http-nio-8080-exec-2] DEBUG com.submit.dao.questionMapper.selectbyjobidandno - ==>  Preparing: SELECT * FROM question WHERE idjob = ? and no = ? 
2021-04-24 16:19:22.714 [http-nio-8080-exec-2] DEBUG com.submit.dao.questionMapper.selectbyjobidandno - ==> Parameters: 5(Integer), 1(Integer)
2021-04-24 16:19:22.738 [http-nio-8080-exec-2] DEBUG com.submit.dao.questionMapper.selectbyjobidandno - <==      Total: 1
2021-04-24 16:22:47.175 [restartedMain] DEBUG com.submit.WorkuploadApplication - Running with Spring Boot v2.1.4.RELEASE, Spring v5.1.6.RELEASE
2021-04-24 17:25:09.961 [restartedMain] DEBUG com.submit.WorkuploadApplication - Running with Spring Boot v2.1.4.RELEASE, Spring v5.1.6.RELEASE
2021-04-24 17:50:10.264 [http-nio-8080-exec-2] DEBUG com.submit.dao.studentMapper.selectByPrimaryKey - ==>  Preparing: select studentno, name, pinyin, password from student where studentno = ? 
2021-04-24 17:50:10.388 [http-nio-8080-exec-2] DEBUG com.submit.dao.studentMapper.selectByPrimaryKey - ==> Parameters: 10170917(String)
2021-04-24 17:50:10.410 [http-nio-8080-exec-2] DEBUG com.submit.dao.studentMapper.selectByPrimaryKey - <==      Total: 1
2021-04-24 17:50:10.750 [http-nio-8080-exec-3] DEBUG com.submit.dao.studentMapper.selectByPrimaryKey - ==>  Preparing: select studentno, name, pinyin, password from student where studentno = ? 
2021-04-24 17:50:10.751 [http-nio-8080-exec-3] DEBUG com.submit.dao.studentMapper.selectByPrimaryKey - ==> Parameters: 10170917(String)
2021-04-24 17:50:10.752 [http-nio-8080-exec-3] DEBUG com.submit.dao.studentMapper.selectByPrimaryKey - <==      Total: 1
2021-04-24 17:50:10.755 [http-nio-8080-exec-3] DEBUG c.s.dao.teachclassMapper.getteacherclassbystuid - ==>  Preparing: SELECT * from teachclass WHERE ID in (SELECT classID FROM studentclass WHERE studentno=?) GROUP BY coursename,ID ORDER BY coursesemester DESC 
2021-04-24 17:50:10.758 [http-nio-8080-exec-3] DEBUG c.s.dao.teachclassMapper.getteacherclassbystuid - ==> Parameters: 10170917(String)
2021-04-24 17:50:10.779 [http-nio-8080-exec-3] DEBUG c.s.dao.teachclassMapper.getteacherclassbystuid - <==      Total: 1
2021-04-24 17:50:17.527 [http-nio-8080-exec-4] DEBUG com.submit.dao.studentMapper.selectByPrimaryKey - ==>  Preparing: select studentno, name, pinyin, password from student where studentno = ? 
2021-04-24 17:50:17.527 [http-nio-8080-exec-4] DEBUG com.submit.dao.studentMapper.selectByPrimaryKey - ==> Parameters: 10170917(String)
2021-04-24 17:50:17.528 [http-nio-8080-exec-4] DEBUG com.submit.dao.studentMapper.selectByPrimaryKey - <==      Total: 1
2021-04-24 17:50:17.529 [http-nio-8080-exec-4] DEBUG com.submit.dao.jobMapper.getjobbyteachclassid - ==>  Preparing: select * from job where teachclassid=? order by createTime desc 
2021-04-24 17:50:17.531 [http-nio-8080-exec-4] DEBUG com.submit.dao.jobMapper.getjobbyteachclassid - ==> Parameters: 2(Integer)
2021-04-24 17:50:17.579 [http-nio-8080-exec-4] DEBUG com.submit.dao.jobMapper.getjobbyteachclassid - <==      Total: 2
2021-04-24 17:50:23.447 [http-nio-8080-exec-6] DEBUG com.submit.dao.studentMapper.selectByPrimaryKey - ==>  Preparing: select studentno, name, pinyin, password from student where studentno = ? 
2021-04-24 17:50:23.447 [http-nio-8080-exec-6] DEBUG com.submit.dao.studentMapper.selectByPrimaryKey - ==> Parameters: 10170917(String)
2021-04-24 17:50:23.449 [http-nio-8080-exec-6] DEBUG com.submit.dao.studentMapper.selectByPrimaryKey - <==      Total: 1
2021-04-24 17:50:23.449 [http-nio-8080-exec-6] DEBUG c.s.dao.teachclassMapper.getteacherclassbystuid - ==>  Preparing: SELECT * from teachclass WHERE ID in (SELECT classID FROM studentclass WHERE studentno=?) GROUP BY coursename,ID ORDER BY coursesemester DESC 
2021-04-24 17:50:23.450 [http-nio-8080-exec-6] DEBUG c.s.dao.teachclassMapper.getteacherclassbystuid - ==> Parameters: 10170917(String)
2021-04-24 17:50:23.451 [http-nio-8080-exec-6] DEBUG c.s.dao.teachclassMapper.getteacherclassbystuid - <==      Total: 1
2021-04-24 19:19:58.330 [http-nio-8080-exec-10] DEBUG com.submit.dao.studentMapper.selectByPrimaryKey - ==>  Preparing: select studentno, name, pinyin, password from student where studentno = ? 
2021-04-24 19:19:58.331 [http-nio-8080-exec-10] DEBUG com.submit.dao.studentMapper.selectByPrimaryKey - ==> Parameters: 10170917(String)
2021-04-24 19:19:58.332 [http-nio-8080-exec-10] DEBUG com.submit.dao.studentMapper.selectByPrimaryKey - <==      Total: 1
2021-04-24 19:19:58.626 [http-nio-8080-exec-1] DEBUG com.submit.dao.studentMapper.selectByPrimaryKey - ==>  Preparing: select studentno, name, pinyin, password from student where studentno = ? 
2021-04-24 19:19:58.626 [http-nio-8080-exec-1] DEBUG com.submit.dao.studentMapper.selectByPrimaryKey - ==> Parameters: 10170917(String)
2021-04-24 19:19:58.627 [http-nio-8080-exec-1] DEBUG com.submit.dao.studentMapper.selectByPrimaryKey - <==      Total: 1
2021-04-24 19:19:58.628 [http-nio-8080-exec-1] DEBUG c.s.dao.teachclassMapper.getteacherclassbystuid - ==>  Preparing: SELECT * from teachclass WHERE ID in (SELECT classID FROM studentclass WHERE studentno=?) GROUP BY coursename,ID ORDER BY coursesemester DESC 
2021-04-24 19:19:58.629 [http-nio-8080-exec-1] DEBUG c.s.dao.teachclassMapper.getteacherclassbystuid - ==> Parameters: 10170917(String)
2021-04-24 19:19:58.633 [http-nio-8080-exec-1] DEBUG c.s.dao.teachclassMapper.getteacherclassbystuid - <==      Total: 1
2021-04-24 19:20:03.929 [http-nio-8080-exec-2] DEBUG com.submit.dao.studentMapper.selectByPrimaryKey - ==>  Preparing: select studentno, name, pinyin, password from student where studentno = ? 
2021-04-24 19:20:03.929 [http-nio-8080-exec-2] DEBUG com.submit.dao.studentMapper.selectByPrimaryKey - ==> Parameters: 10170917(String)
2021-04-24 19:20:03.931 [http-nio-8080-exec-2] DEBUG com.submit.dao.studentMapper.selectByPrimaryKey - <==      Total: 1
2021-04-24 19:20:03.931 [http-nio-8080-exec-2] DEBUG com.submit.dao.jobMapper.getjobbyteachclassid - ==>  Preparing: select * from job where teachclassid=? order by createTime desc 
2021-04-24 19:20:03.932 [http-nio-8080-exec-2] DEBUG com.submit.dao.jobMapper.getjobbyteachclassid - ==> Parameters: 2(Integer)
2021-04-24 19:20:03.935 [http-nio-8080-exec-2] DEBUG com.submit.dao.jobMapper.getjobbyteachclassid - <==      Total: 2
2021-04-24 19:27:07.821 [http-nio-8080-exec-4] DEBUG com.submit.dao.studentMapper.selectByPrimaryKey - ==>  Preparing: select studentno, name, pinyin, password from student where studentno = ? 
2021-04-24 19:27:07.822 [http-nio-8080-exec-4] DEBUG com.submit.dao.studentMapper.selectByPrimaryKey - ==> Parameters: 10170917(String)
2021-04-24 19:27:07.823 [http-nio-8080-exec-4] DEBUG com.submit.dao.studentMapper.selectByPrimaryKey - <==      Total: 1
2021-04-24 19:27:07.824 [http-nio-8080-exec-4] DEBUG c.s.dao.teachclassMapper.getteacherclassbystuid - ==>  Preparing: SELECT * from teachclass WHERE ID in (SELECT classID FROM studentclass WHERE studentno=?) GROUP BY coursename,ID ORDER BY coursesemester DESC 
2021-04-24 19:27:07.825 [http-nio-8080-exec-4] DEBUG c.s.dao.teachclassMapper.getteacherclassbystuid - ==> Parameters: 10170917(String)
2021-04-24 19:27:07.827 [http-nio-8080-exec-4] DEBUG c.s.dao.teachclassMapper.getteacherclassbystuid - <==      Total: 1
2021-04-24 19:27:13.315 [http-nio-8080-exec-5] DEBUG com.submit.dao.studentMapper.selectByPrimaryKey - ==>  Preparing: select studentno, name, pinyin, password from student where studentno = ? 
2021-04-24 19:27:13.315 [http-nio-8080-exec-5] DEBUG com.submit.dao.studentMapper.selectByPrimaryKey - ==> Parameters: 10170917(String)
2021-04-24 19:27:13.317 [http-nio-8080-exec-5] DEBUG com.submit.dao.studentMapper.selectByPrimaryKey - <==      Total: 1
2021-04-24 19:27:13.319 [http-nio-8080-exec-5] DEBUG com.submit.dao.jobMapper.getjobbyteachclassid - ==>  Preparing: select * from job where teachclassid=? order by createTime desc 
2021-04-24 19:27:13.319 [http-nio-8080-exec-5] DEBUG com.submit.dao.jobMapper.getjobbyteachclassid - ==> Parameters: 2(Integer)
2021-04-24 19:27:13.322 [http-nio-8080-exec-5] DEBUG com.submit.dao.jobMapper.getjobbyteachclassid - <==      Total: 2
2021-04-24 20:06:22.329 [http-nio-8080-exec-7] DEBUG com.submit.dao.studentMapper.selectByPrimaryKey - ==>  Preparing: select studentno, name, pinyin, password from student where studentno = ? 
2021-04-24 20:06:22.330 [http-nio-8080-exec-7] DEBUG com.submit.dao.studentMapper.selectByPrimaryKey - ==> Parameters: 10170917(String)
2021-04-24 20:06:22.333 [http-nio-8080-exec-7] DEBUG com.submit.dao.studentMapper.selectByPrimaryKey - <==      Total: 1
2021-04-24 20:06:22.335 [http-nio-8080-exec-7] DEBUG c.s.dao.teachclassMapper.getteacherclassbystuid - ==>  Preparing: SELECT * from teachclass WHERE ID in (SELECT classID FROM studentclass WHERE studentno=?) GROUP BY coursename,ID ORDER BY coursesemester DESC 
2021-04-24 20:06:22.335 [http-nio-8080-exec-7] DEBUG c.s.dao.teachclassMapper.getteacherclassbystuid - ==> Parameters: 10170917(String)
2021-04-24 20:06:22.338 [http-nio-8080-exec-7] DEBUG c.s.dao.teachclassMapper.getteacherclassbystuid - <==      Total: 1
2021-04-24 20:06:26.989 [http-nio-8080-exec-8] DEBUG com.submit.dao.studentMapper.selectByPrimaryKey - ==>  Preparing: select studentno, name, pinyin, password from student where studentno = ? 
2021-04-24 20:06:26.990 [http-nio-8080-exec-8] DEBUG com.submit.dao.studentMapper.selectByPrimaryKey - ==> Parameters: 10170917(String)
2021-04-24 20:06:26.992 [http-nio-8080-exec-8] DEBUG com.submit.dao.studentMapper.selectByPrimaryKey - <==      Total: 1
2021-04-24 20:06:26.993 [http-nio-8080-exec-8] DEBUG com.submit.dao.jobMapper.getjobbyteachclassid - ==>  Preparing: select * from job where teachclassid=? order by createTime desc 
2021-04-24 20:06:26.993 [http-nio-8080-exec-8] DEBUG com.submit.dao.jobMapper.getjobbyteachclassid - ==> Parameters: 2(Integer)
2021-04-24 20:06:26.995 [http-nio-8080-exec-8] DEBUG com.submit.dao.jobMapper.getjobbyteachclassid - <==      Total: 2
2021-04-24 20:07:12.164 [http-nio-8080-exec-10] DEBUG com.submit.dao.studentMapper.selectByPrimaryKey - ==>  Preparing: select studentno, name, pinyin, password from student where studentno = ? 
2021-04-24 20:07:12.166 [http-nio-8080-exec-10] DEBUG com.submit.dao.studentMapper.selectByPrimaryKey - ==> Parameters: 10170917(String)
2021-04-24 20:07:12.168 [http-nio-8080-exec-10] DEBUG com.submit.dao.studentMapper.selectByPrimaryKey - <==      Total: 1
2021-04-24 20:07:12.169 [http-nio-8080-exec-10] DEBUG c.s.dao.teachclassMapper.getteacherclassbystuid - ==>  Preparing: SELECT * from teachclass WHERE ID in (SELECT classID FROM studentclass WHERE studentno=?) GROUP BY coursename,ID ORDER BY coursesemester DESC 
2021-04-24 20:07:12.170 [http-nio-8080-exec-10] DEBUG c.s.dao.teachclassMapper.getteacherclassbystuid - ==> Parameters: 10170917(String)
2021-04-24 20:07:12.171 [http-nio-8080-exec-10] DEBUG c.s.dao.teachclassMapper.getteacherclassbystuid - <==      Total: 1
2021-04-24 20:08:23.705 [http-nio-8080-exec-2] DEBUG com.submit.dao.studentMapper.selectByPrimaryKey - ==>  Preparing: select studentno, name, pinyin, password from student where studentno = ? 
2021-04-24 20:08:23.705 [http-nio-8080-exec-2] DEBUG com.submit.dao.studentMapper.selectByPrimaryKey - ==> Parameters: 10170917(String)
2021-04-24 20:08:23.706 [http-nio-8080-exec-2] DEBUG com.submit.dao.studentMapper.selectByPrimaryKey - <==      Total: 1
2021-04-24 20:08:23.707 [http-nio-8080-exec-2] DEBUG com.submit.dao.jobMapper.getjobbyteachclassid - ==>  Preparing: select * from job where teachclassid=? order by createTime desc 
2021-04-24 20:08:23.707 [http-nio-8080-exec-2] DEBUG com.submit.dao.jobMapper.getjobbyteachclassid - ==> Parameters: 2(Integer)
2021-04-24 20:08:23.709 [http-nio-8080-exec-2] DEBUG com.submit.dao.jobMapper.getjobbyteachclassid - <==      Total: 2
2021-04-24 20:09:10.834 [http-nio-8080-exec-4] DEBUG com.submit.dao.studentMapper.selectByPrimaryKey - ==>  Preparing: select studentno, name, pinyin, password from student where studentno = ? 
2021-04-24 20:09:10.834 [http-nio-8080-exec-4] DEBUG com.submit.dao.studentMapper.selectByPrimaryKey - ==> Parameters: 10170917(String)
2021-04-24 20:09:10.835 [http-nio-8080-exec-4] DEBUG com.submit.dao.studentMapper.selectByPrimaryKey - <==      Total: 1
2021-04-24 20:09:10.836 [http-nio-8080-exec-4] DEBUG c.s.dao.teachclassMapper.getteacherclassbystuid - ==>  Preparing: SELECT * from teachclass WHERE ID in (SELECT classID FROM studentclass WHERE studentno=?) GROUP BY coursename,ID ORDER BY coursesemester DESC 
2021-04-24 20:09:10.836 [http-nio-8080-exec-4] DEBUG c.s.dao.teachclassMapper.getteacherclassbystuid - ==> Parameters: 10170917(String)
2021-04-24 20:09:10.840 [http-nio-8080-exec-4] DEBUG c.s.dao.teachclassMapper.getteacherclassbystuid - <==      Total: 1
2021-04-24 20:09:15.394 [http-nio-8080-exec-5] DEBUG com.submit.dao.studentMapper.selectByPrimaryKey - ==>  Preparing: select studentno, name, pinyin, password from student where studentno = ? 
2021-04-24 20:09:15.395 [http-nio-8080-exec-5] DEBUG com.submit.dao.studentMapper.selectByPrimaryKey - ==> Parameters: 10170917(String)
2021-04-24 20:09:15.400 [http-nio-8080-exec-5] DEBUG com.submit.dao.studentMapper.selectByPrimaryKey - <==      Total: 1
2021-04-24 20:09:15.401 [http-nio-8080-exec-5] DEBUG com.submit.dao.jobMapper.getjobbyteachclassid - ==>  Preparing: select * from job where teachclassid=? order by createTime desc 
2021-04-24 20:09:15.401 [http-nio-8080-exec-5] DEBUG com.submit.dao.jobMapper.getjobbyteachclassid - ==> Parameters: 2(Integer)
2021-04-24 20:09:15.402 [http-nio-8080-exec-5] DEBUG com.submit.dao.jobMapper.getjobbyteachclassid - <==      Total: 2
2021-04-24 20:10:49.217 [http-nio-8080-exec-7] DEBUG com.submit.dao.studentMapper.selectByPrimaryKey - ==>  Preparing: select studentno, name, pinyin, password from student where studentno = ? 
2021-04-24 20:10:49.218 [http-nio-8080-exec-7] DEBUG com.submit.dao.studentMapper.selectByPrimaryKey - ==> Parameters: 10170917(String)
2021-04-24 20:10:49.223 [http-nio-8080-exec-7] DEBUG com.submit.dao.studentMapper.selectByPrimaryKey - <==      Total: 1
2021-04-24 20:10:49.225 [http-nio-8080-exec-7] DEBUG c.s.dao.teachclassMapper.getteacherclassbystuid - ==>  Preparing: SELECT * from teachclass WHERE ID in (SELECT classID FROM studentclass WHERE studentno=?) GROUP BY coursename,ID ORDER BY coursesemester DESC 
2021-04-24 20:10:49.225 [http-nio-8080-exec-7] DEBUG c.s.dao.teachclassMapper.getteacherclassbystuid - ==> Parameters: 10170917(String)
2021-04-24 20:10:49.228 [http-nio-8080-exec-7] DEBUG c.s.dao.teachclassMapper.getteacherclassbystuid - <==      Total: 1
2021-04-24 20:11:14.520 [http-nio-8080-exec-9] DEBUG com.submit.dao.studentMapper.selectByPrimaryKey - ==>  Preparing: select studentno, name, pinyin, password from student where studentno = ? 
2021-04-24 20:11:14.520 [http-nio-8080-exec-9] DEBUG com.submit.dao.studentMapper.selectByPrimaryKey - ==> Parameters: 10170917(String)
2021-04-24 20:11:14.522 [http-nio-8080-exec-9] DEBUG com.submit.dao.studentMapper.selectByPrimaryKey - <==      Total: 1
2021-04-24 20:11:14.523 [http-nio-8080-exec-9] DEBUG c.s.dao.teachclassMapper.getteacherclassbystuid - ==>  Preparing: SELECT * from teachclass WHERE ID in (SELECT classID FROM studentclass WHERE studentno=?) GROUP BY coursename,ID ORDER BY coursesemester DESC 
2021-04-24 20:11:14.523 [http-nio-8080-exec-9] DEBUG c.s.dao.teachclassMapper.getteacherclassbystuid - ==> Parameters: 10170917(String)
2021-04-24 20:11:14.526 [http-nio-8080-exec-9] DEBUG c.s.dao.teachclassMapper.getteacherclassbystuid - <==      Total: 1
2021-04-24 20:11:22.800 [http-nio-8080-exec-10] DEBUG com.submit.dao.studentMapper.selectByPrimaryKey - ==>  Preparing: select studentno, name, pinyin, password from student where studentno = ? 
2021-04-24 20:11:22.800 [http-nio-8080-exec-10] DEBUG com.submit.dao.studentMapper.selectByPrimaryKey - ==> Parameters: 10170917(String)
2021-04-24 20:11:22.803 [http-nio-8080-exec-10] DEBUG com.submit.dao.studentMapper.selectByPrimaryKey - <==      Total: 1
2021-04-24 20:11:22.804 [http-nio-8080-exec-10] DEBUG com.submit.dao.jobMapper.getjobbyteachclassid - ==>  Preparing: select * from job where teachclassid=? order by createTime desc 
2021-04-24 20:11:22.804 [http-nio-8080-exec-10] DEBUG com.submit.dao.jobMapper.getjobbyteachclassid - ==> Parameters: 2(Integer)
2021-04-24 20:11:22.806 [http-nio-8080-exec-10] DEBUG com.submit.dao.jobMapper.getjobbyteachclassid - <==      Total: 2
2021-04-24 20:16:20.781 [http-nio-8080-exec-2] DEBUG com.submit.dao.studentMapper.selectByPrimaryKey - ==>  Preparing: select studentno, name, pinyin, password from student where studentno = ? 
2021-04-24 20:16:20.781 [http-nio-8080-exec-2] DEBUG com.submit.dao.studentMapper.selectByPrimaryKey - ==> Parameters: 10170917(String)
2021-04-24 20:16:20.783 [http-nio-8080-exec-2] DEBUG com.submit.dao.studentMapper.selectByPrimaryKey - <==      Total: 1
2021-04-24 20:16:20.786 [http-nio-8080-exec-2] DEBUG c.s.dao.teachclassMapper.getteacherclassbystuid - ==>  Preparing: SELECT * from teachclass WHERE ID in (SELECT classID FROM studentclass WHERE studentno=?) GROUP BY coursename,ID ORDER BY coursesemester DESC 
2021-04-24 20:16:20.787 [http-nio-8080-exec-2] DEBUG c.s.dao.teachclassMapper.getteacherclassbystuid - ==> Parameters: 10170917(String)
2021-04-24 20:16:20.789 [http-nio-8080-exec-2] DEBUG c.s.dao.teachclassMapper.getteacherclassbystuid - <==      Total: 1
2021-04-24 20:16:25.679 [http-nio-8080-exec-3] DEBUG com.submit.dao.studentMapper.selectByPrimaryKey - ==>  Preparing: select studentno, name, pinyin, password from student where studentno = ? 
2021-04-24 20:16:25.679 [http-nio-8080-exec-3] DEBUG com.submit.dao.studentMapper.selectByPrimaryKey - ==> Parameters: 10170917(String)
2021-04-24 20:16:25.684 [http-nio-8080-exec-3] DEBUG com.submit.dao.studentMapper.selectByPrimaryKey - <==      Total: 1
2021-04-24 20:16:25.685 [http-nio-8080-exec-3] DEBUG com.submit.dao.jobMapper.getjobbyteachclassid - ==>  Preparing: select * from job where teachclassid=? order by createTime desc 
2021-04-24 20:16:25.686 [http-nio-8080-exec-3] DEBUG com.submit.dao.jobMapper.getjobbyteachclassid - ==> Parameters: 2(Integer)
2021-04-24 20:16:25.694 [http-nio-8080-exec-3] DEBUG com.submit.dao.jobMapper.getjobbyteachclassid - <==      Total: 2
2021-04-24 20:19:33.427 [http-nio-8080-exec-5] DEBUG com.submit.dao.studentMapper.selectByPrimaryKey - ==>  Preparing: select studentno, name, pinyin, password from student where studentno = ? 
2021-04-24 20:19:33.428 [http-nio-8080-exec-5] DEBUG com.submit.dao.studentMapper.selectByPrimaryKey - ==> Parameters: 10170917(String)
2021-04-24 20:19:33.429 [http-nio-8080-exec-5] DEBUG com.submit.dao.studentMapper.selectByPrimaryKey - <==      Total: 1
2021-04-24 20:19:33.431 [http-nio-8080-exec-5] DEBUG c.s.dao.teachclassMapper.getteacherclassbystuid - ==>  Preparing: SELECT * from teachclass WHERE ID in (SELECT classID FROM studentclass WHERE studentno=?) GROUP BY coursename,ID ORDER BY coursesemester DESC 
2021-04-24 20:19:33.431 [http-nio-8080-exec-5] DEBUG c.s.dao.teachclassMapper.getteacherclassbystuid - ==> Parameters: 10170917(String)
2021-04-24 20:19:33.433 [http-nio-8080-exec-5] DEBUG c.s.dao.teachclassMapper.getteacherclassbystuid - <==      Total: 1
2021-04-24 20:19:38.757 [http-nio-8080-exec-6] DEBUG com.submit.dao.studentMapper.selectByPrimaryKey - ==>  Preparing: select studentno, name, pinyin, password from student where studentno = ? 
2021-04-24 20:19:38.757 [http-nio-8080-exec-6] DEBUG com.submit.dao.studentMapper.selectByPrimaryKey - ==> Parameters: 10170917(String)
2021-04-24 20:19:38.758 [http-nio-8080-exec-6] DEBUG com.submit.dao.studentMapper.selectByPrimaryKey - <==      Total: 1
2021-04-24 20:19:38.759 [http-nio-8080-exec-6] DEBUG com.submit.dao.jobMapper.getjobbyteachclassid - ==>  Preparing: select * from job where teachclassid=? order by createTime desc 
2021-04-24 20:19:38.759 [http-nio-8080-exec-6] DEBUG com.submit.dao.jobMapper.getjobbyteachclassid - ==> Parameters: 2(Integer)
2021-04-24 20:19:38.761 [http-nio-8080-exec-6] DEBUG com.submit.dao.jobMapper.getjobbyteachclassid - <==      Total: 2
2021-04-24 20:32:16.323 [http-nio-8080-exec-9] DEBUG com.submit.dao.studentMapper.selectByPrimaryKey - ==>  Preparing: select studentno, name, pinyin, password from student where studentno = ? 
2021-04-24 20:32:16.323 [http-nio-8080-exec-9] DEBUG com.submit.dao.studentMapper.selectByPrimaryKey - ==> Parameters: 10170917(String)
2021-04-24 20:32:16.324 [http-nio-8080-exec-9] DEBUG com.submit.dao.studentMapper.selectByPrimaryKey - <==      Total: 1
2021-04-24 20:32:16.651 [http-nio-8080-exec-10] DEBUG com.submit.dao.studentMapper.selectByPrimaryKey - ==>  Preparing: select studentno, name, pinyin, password from student where studentno = ? 
2021-04-24 20:32:16.651 [http-nio-8080-exec-10] DEBUG com.submit.dao.studentMapper.selectByPrimaryKey - ==> Parameters: 10170917(String)
2021-04-24 20:32:16.653 [http-nio-8080-exec-10] DEBUG com.submit.dao.studentMapper.selectByPrimaryKey - <==      Total: 1
2021-04-24 20:32:16.654 [http-nio-8080-exec-10] DEBUG c.s.dao.teachclassMapper.getteacherclassbystuid - ==>  Preparing: SELECT * from teachclass WHERE ID in (SELECT classID FROM studentclass WHERE studentno=?) GROUP BY coursename,ID ORDER BY coursesemester DESC 
2021-04-24 20:32:16.654 [http-nio-8080-exec-10] DEBUG c.s.dao.teachclassMapper.getteacherclassbystuid - ==> Parameters: 10170917(String)
2021-04-24 20:32:16.656 [http-nio-8080-exec-10] DEBUG c.s.dao.teachclassMapper.getteacherclassbystuid - <==      Total: 1
2021-04-24 20:32:21.805 [http-nio-8080-exec-1] DEBUG com.submit.dao.studentMapper.selectByPrimaryKey - ==>  Preparing: select studentno, name, pinyin, password from student where studentno = ? 
2021-04-24 20:32:21.806 [http-nio-8080-exec-1] DEBUG com.submit.dao.studentMapper.selectByPrimaryKey - ==> Parameters: 10170917(String)
2021-04-24 20:32:21.807 [http-nio-8080-exec-1] DEBUG com.submit.dao.studentMapper.selectByPrimaryKey - <==      Total: 1
2021-04-24 20:32:21.808 [http-nio-8080-exec-1] DEBUG com.submit.dao.jobMapper.getjobbyteachclassid - ==>  Preparing: select * from job where teachclassid=? order by createTime desc 
2021-04-24 20:32:21.808 [http-nio-8080-exec-1] DEBUG com.submit.dao.jobMapper.getjobbyteachclassid - ==> Parameters: 2(Integer)
2021-04-24 20:32:21.809 [http-nio-8080-exec-1] DEBUG com.submit.dao.jobMapper.getjobbyteachclassid - <==      Total: 2
2021-04-24 20:35:48.587 [http-nio-8080-exec-3] DEBUG com.submit.dao.studentMapper.selectByPrimaryKey - ==>  Preparing: select studentno, name, pinyin, password from student where studentno = ? 
2021-04-24 20:35:48.588 [http-nio-8080-exec-3] DEBUG com.submit.dao.studentMapper.selectByPrimaryKey - ==> Parameters: 10170917(String)
2021-04-24 20:35:48.591 [http-nio-8080-exec-3] DEBUG com.submit.dao.studentMapper.selectByPrimaryKey - <==      Total: 1
2021-04-24 20:35:48.592 [http-nio-8080-exec-3] DEBUG c.s.dao.teachclassMapper.getteacherclassbystuid - ==>  Preparing: SELECT * from teachclass WHERE ID in (SELECT classID FROM studentclass WHERE studentno=?) GROUP BY coursename,ID ORDER BY coursesemester DESC 
2021-04-24 20:35:48.592 [http-nio-8080-exec-3] DEBUG c.s.dao.teachclassMapper.getteacherclassbystuid - ==> Parameters: 10170917(String)
2021-04-24 20:35:48.595 [http-nio-8080-exec-3] DEBUG c.s.dao.teachclassMapper.getteacherclassbystuid - <==      Total: 1
2021-04-24 20:35:54.761 [http-nio-8080-exec-4] DEBUG com.submit.dao.studentMapper.selectByPrimaryKey - ==>  Preparing: select studentno, name, pinyin, password from student where studentno = ? 
2021-04-24 20:35:54.779 [http-nio-8080-exec-4] DEBUG com.submit.dao.studentMapper.selectByPrimaryKey - ==> Parameters: 10170917(String)
2021-04-24 20:35:54.781 [http-nio-8080-exec-4] DEBUG com.submit.dao.studentMapper.selectByPrimaryKey - <==      Total: 1
2021-04-24 20:35:54.781 [http-nio-8080-exec-4] DEBUG com.submit.dao.jobMapper.getjobbyteachclassid - ==>  Preparing: select * from job where teachclassid=? order by createTime desc 
2021-04-24 20:35:54.782 [http-nio-8080-exec-4] DEBUG com.submit.dao.jobMapper.getjobbyteachclassid - ==> Parameters: 2(Integer)
2021-04-24 20:35:54.783 [http-nio-8080-exec-4] DEBUG com.submit.dao.jobMapper.getjobbyteachclassid - <==      Total: 2
2021-04-24 20:59:18.368 [http-nio-8080-exec-6] DEBUG com.submit.dao.studentMapper.selectByPrimaryKey - ==>  Preparing: select studentno, name, pinyin, password from student where studentno = ? 
2021-04-24 20:59:18.368 [http-nio-8080-exec-6] DEBUG com.submit.dao.studentMapper.selectByPrimaryKey - ==> Parameters: 10170917(String)
2021-04-24 20:59:18.369 [http-nio-8080-exec-6] DEBUG com.submit.dao.studentMapper.selectByPrimaryKey - <==      Total: 1
2021-04-24 20:59:18.370 [http-nio-8080-exec-6] DEBUG c.s.dao.teachclassMapper.getteacherclassbystuid - ==>  Preparing: SELECT * from teachclass WHERE ID in (SELECT classID FROM studentclass WHERE studentno=?) GROUP BY coursename,ID ORDER BY coursesemester DESC 
2021-04-24 20:59:18.370 [http-nio-8080-exec-6] DEBUG c.s.dao.teachclassMapper.getteacherclassbystuid - ==> Parameters: 10170917(String)
2021-04-24 20:59:18.372 [http-nio-8080-exec-6] DEBUG c.s.dao.teachclassMapper.getteacherclassbystuid - <==      Total: 1
2021-04-24 21:17:27.046 [http-nio-8080-exec-8] DEBUG com.submit.dao.studentMapper.selectByPrimaryKey - ==>  Preparing: select studentno, name, pinyin, password from student where studentno = ? 
2021-04-24 21:17:27.046 [http-nio-8080-exec-8] DEBUG com.submit.dao.studentMapper.selectByPrimaryKey - ==> Parameters: 10170917(String)
2021-04-24 21:17:27.048 [http-nio-8080-exec-8] DEBUG com.submit.dao.studentMapper.selectByPrimaryKey - <==      Total: 1
2021-04-24 21:17:27.048 [http-nio-8080-exec-8] DEBUG c.s.dao.teachclassMapper.getteacherclassbystuid - ==>  Preparing: SELECT * from teachclass WHERE ID in (SELECT classID FROM studentclass WHERE studentno=?) GROUP BY coursename,ID ORDER BY coursesemester DESC 
2021-04-24 21:17:27.048 [http-nio-8080-exec-8] DEBUG c.s.dao.teachclassMapper.getteacherclassbystuid - ==> Parameters: 10170917(String)
2021-04-24 21:17:27.050 [http-nio-8080-exec-8] DEBUG c.s.dao.teachclassMapper.getteacherclassbystuid - <==      Total: 1
2021-04-24 21:17:35.827 [http-nio-8080-exec-9] DEBUG com.submit.dao.studentMapper.selectByPrimaryKey - ==>  Preparing: select studentno, name, pinyin, password from student where studentno = ? 
2021-04-24 21:17:35.827 [http-nio-8080-exec-9] DEBUG com.submit.dao.studentMapper.selectByPrimaryKey - ==> Parameters: 10170917(String)
2021-04-24 21:17:35.829 [http-nio-8080-exec-9] DEBUG com.submit.dao.studentMapper.selectByPrimaryKey - <==      Total: 1
2021-04-24 21:17:35.830 [http-nio-8080-exec-9] DEBUG com.submit.dao.jobMapper.getjobbyteachclassid - ==>  Preparing: select * from job where teachclassid=? order by createTime desc 
2021-04-24 21:17:35.830 [http-nio-8080-exec-9] DEBUG com.submit.dao.jobMapper.getjobbyteachclassid - ==> Parameters: 2(Integer)
2021-04-24 21:17:35.831 [http-nio-8080-exec-9] DEBUG com.submit.dao.jobMapper.getjobbyteachclassid - <==      Total: 2
2021-04-24 21:21:50.252 [http-nio-8080-exec-1] DEBUG com.submit.dao.studentMapper.selectByPrimaryKey - ==>  Preparing: select studentno, name, pinyin, password from student where studentno = ? 
2021-04-24 21:21:50.252 [http-nio-8080-exec-1] DEBUG com.submit.dao.studentMapper.selectByPrimaryKey - ==> Parameters: 10170917(String)
2021-04-24 21:21:50.254 [http-nio-8080-exec-1] DEBUG com.submit.dao.studentMapper.selectByPrimaryKey - <==      Total: 1
2021-04-24 21:21:50.258 [http-nio-8080-exec-1] DEBUG c.s.dao.teachclassMapper.getteacherclassbystuid - ==>  Preparing: SELECT * from teachclass WHERE ID in (SELECT classID FROM studentclass WHERE studentno=?) GROUP BY coursename,ID ORDER BY coursesemester DESC 
2021-04-24 21:21:50.258 [http-nio-8080-exec-1] DEBUG c.s.dao.teachclassMapper.getteacherclassbystuid - ==> Parameters: 10170917(String)
2021-04-24 21:21:50.279 [http-nio-8080-exec-1] DEBUG c.s.dao.teachclassMapper.getteacherclassbystuid - <==      Total: 1
2021-04-24 21:23:18.445 [http-nio-8080-exec-3] DEBUG com.submit.dao.studentMapper.selectByPrimaryKey - ==>  Preparing: select studentno, name, pinyin, password from student where studentno = ? 
2021-04-24 21:23:18.446 [http-nio-8080-exec-3] DEBUG com.submit.dao.studentMapper.selectByPrimaryKey - ==> Parameters: 10170917(String)
2021-04-24 21:23:18.447 [http-nio-8080-exec-3] DEBUG com.submit.dao.studentMapper.selectByPrimaryKey - <==      Total: 1
2021-04-24 21:23:18.448 [http-nio-8080-exec-3] DEBUG com.submit.dao.jobMapper.getjobbyteachclassid - ==>  Preparing: select * from job where teachclassid=? order by createTime desc 
2021-04-24 21:23:18.448 [http-nio-8080-exec-3] DEBUG com.submit.dao.jobMapper.getjobbyteachclassid - ==> Parameters: 2(Integer)
2021-04-24 21:23:18.450 [http-nio-8080-exec-3] DEBUG com.submit.dao.jobMapper.getjobbyteachclassid - <==      Total: 2
2021-04-24 21:52:07.910 [http-nio-8080-exec-7] DEBUG com.submit.dao.studentMapper.selectByPrimaryKey - ==>  Preparing: select studentno, name, pinyin, password from student where studentno = ? 
2021-04-24 21:52:07.910 [http-nio-8080-exec-7] DEBUG com.submit.dao.studentMapper.selectByPrimaryKey - ==> Parameters: 10170917(String)
2021-04-24 21:52:07.911 [http-nio-8080-exec-7] DEBUG com.submit.dao.studentMapper.selectByPrimaryKey - <==      Total: 1
2021-04-24 21:52:08.202 [http-nio-8080-exec-8] DEBUG com.submit.dao.studentMapper.selectByPrimaryKey - ==>  Preparing: select studentno, name, pinyin, password from student where studentno = ? 
2021-04-24 21:52:08.202 [http-nio-8080-exec-8] DEBUG com.submit.dao.studentMapper.selectByPrimaryKey - ==> Parameters: 10170917(String)
2021-04-24 21:52:08.203 [http-nio-8080-exec-8] DEBUG com.submit.dao.studentMapper.selectByPrimaryKey - <==      Total: 1
2021-04-24 21:52:08.205 [http-nio-8080-exec-8] DEBUG c.s.dao.teachclassMapper.getteacherclassbystuid - ==>  Preparing: SELECT * from teachclass WHERE ID in (SELECT classID FROM studentclass WHERE studentno=?) GROUP BY coursename,ID ORDER BY coursesemester DESC 
2021-04-24 21:52:08.205 [http-nio-8080-exec-8] DEBUG c.s.dao.teachclassMapper.getteacherclassbystuid - ==> Parameters: 10170917(String)
2021-04-24 21:52:08.207 [http-nio-8080-exec-8] DEBUG c.s.dao.teachclassMapper.getteacherclassbystuid - <==      Total: 1
2021-04-24 21:52:14.478 [http-nio-8080-exec-9] DEBUG com.submit.dao.studentMapper.selectByPrimaryKey - ==>  Preparing: select studentno, name, pinyin, password from student where studentno = ? 
2021-04-24 21:52:14.478 [http-nio-8080-exec-9] DEBUG com.submit.dao.studentMapper.selectByPrimaryKey - ==> Parameters: 10170917(String)
2021-04-24 21:52:14.479 [http-nio-8080-exec-9] DEBUG com.submit.dao.studentMapper.selectByPrimaryKey - <==      Total: 1
2021-04-24 21:52:14.480 [http-nio-8080-exec-9] DEBUG com.submit.dao.jobMapper.getjobbyteachclassid - ==>  Preparing: select * from job where teachclassid=? order by createTime desc 
2021-04-24 21:52:14.480 [http-nio-8080-exec-9] DEBUG com.submit.dao.jobMapper.getjobbyteachclassid - ==> Parameters: 2(Integer)
2021-04-24 21:52:14.482 [http-nio-8080-exec-9] DEBUG com.submit.dao.jobMapper.getjobbyteachclassid - <==      Total: 2
2021-04-24 21:52:18.254 [http-nio-8080-exec-1] DEBUG com.submit.dao.studentMapper.selectByPrimaryKey - ==>  Preparing: select studentno, name, pinyin, password from student where studentno = ? 
2021-04-24 21:52:18.254 [http-nio-8080-exec-1] DEBUG com.submit.dao.studentMapper.selectByPrimaryKey - ==> Parameters: 10170917(String)
2021-04-24 21:52:18.255 [http-nio-8080-exec-1] DEBUG com.submit.dao.studentMapper.selectByPrimaryKey - <==      Total: 1
2021-04-24 21:52:18.256 [http-nio-8080-exec-1] DEBUG c.s.dao.teachclassMapper.getteacherclassbystuid - ==>  Preparing: SELECT * from teachclass WHERE ID in (SELECT classID FROM studentclass WHERE studentno=?) GROUP BY coursename,ID ORDER BY coursesemester DESC 
2021-04-24 21:52:18.256 [http-nio-8080-exec-1] DEBUG c.s.dao.teachclassMapper.getteacherclassbystuid - ==> Parameters: 10170917(String)
2021-04-24 21:52:18.258 [http-nio-8080-exec-1] DEBUG c.s.dao.teachclassMapper.getteacherclassbystuid - <==      Total: 1
2021-04-24 21:53:00.464 [http-nio-8080-exec-2] DEBUG com.submit.dao.studentMapper.selectByPrimaryKey - ==>  Preparing: select studentno, name, pinyin, password from student where studentno = ? 
2021-04-24 21:53:00.465 [http-nio-8080-exec-2] DEBUG com.submit.dao.studentMapper.selectByPrimaryKey - ==> Parameters: 10170917(String)
2021-04-24 21:53:00.467 [http-nio-8080-exec-2] DEBUG com.submit.dao.studentMapper.selectByPrimaryKey - <==      Total: 1
2021-04-24 21:53:00.468 [http-nio-8080-exec-2] DEBUG com.submit.dao.jobMapper.getjobbyteachclassid - ==>  Preparing: select * from job where teachclassid=? order by createTime desc 
2021-04-24 21:53:00.468 [http-nio-8080-exec-2] DEBUG com.submit.dao.jobMapper.getjobbyteachclassid - ==> Parameters: 2(Integer)
2021-04-24 21:53:00.470 [http-nio-8080-exec-2] DEBUG com.submit.dao.jobMapper.getjobbyteachclassid - <==      Total: 2
2021-04-24 21:59:35.596 [http-nio-8080-exec-4] DEBUG com.submit.dao.studentMapper.selectByPrimaryKey - ==>  Preparing: select studentno, name, pinyin, password from student where studentno = ? 
2021-04-24 21:59:35.606 [http-nio-8080-exec-4] DEBUG com.submit.dao.studentMapper.selectByPrimaryKey - ==> Parameters: 10170917(String)
2021-04-24 21:59:35.610 [http-nio-8080-exec-4] DEBUG com.submit.dao.studentMapper.selectByPrimaryKey - <==      Total: 1
2021-04-24 21:59:35.610 [http-nio-8080-exec-4] DEBUG c.s.dao.teachclassMapper.getteacherclassbystuid - ==>  Preparing: SELECT * from teachclass WHERE ID in (SELECT classID FROM studentclass WHERE studentno=?) GROUP BY coursename,ID ORDER BY coursesemester DESC 
2021-04-24 21:59:35.610 [http-nio-8080-exec-4] DEBUG c.s.dao.teachclassMapper.getteacherclassbystuid - ==> Parameters: 10170917(String)
2021-04-24 21:59:35.612 [http-nio-8080-exec-4] DEBUG c.s.dao.teachclassMapper.getteacherclassbystuid - <==      Total: 1
2021-04-24 21:59:44.014 [http-nio-8080-exec-5] DEBUG com.submit.dao.studentMapper.selectByPrimaryKey - ==>  Preparing: select studentno, name, pinyin, password from student where studentno = ? 
2021-04-24 21:59:44.015 [http-nio-8080-exec-5] DEBUG com.submit.dao.studentMapper.selectByPrimaryKey - ==> Parameters: 10170917(String)
2021-04-24 21:59:44.016 [http-nio-8080-exec-5] DEBUG com.submit.dao.studentMapper.selectByPrimaryKey - <==      Total: 1
2021-04-24 21:59:44.019 [http-nio-8080-exec-5] DEBUG com.submit.dao.jobMapper.getjobbyteachclassid - ==>  Preparing: select * from job where teachclassid=? order by createTime desc 
2021-04-24 21:59:44.021 [http-nio-8080-exec-5] DEBUG com.submit.dao.jobMapper.getjobbyteachclassid - ==> Parameters: 2(Integer)
2021-04-24 21:59:44.022 [http-nio-8080-exec-5] DEBUG com.submit.dao.jobMapper.getjobbyteachclassid - <==      Total: 2
2021-04-24 22:15:06.551 [http-nio-8080-exec-7] DEBUG com.submit.dao.studentMapper.selectByPrimaryKey - ==>  Preparing: select studentno, name, pinyin, password from student where studentno = ? 
2021-04-24 22:15:06.551 [http-nio-8080-exec-7] DEBUG com.submit.dao.studentMapper.selectByPrimaryKey - ==> Parameters: 10170917(String)
2021-04-24 22:15:06.552 [http-nio-8080-exec-7] DEBUG com.submit.dao.studentMapper.selectByPrimaryKey - <==      Total: 1
2021-04-24 22:15:06.553 [http-nio-8080-exec-7] DEBUG c.s.dao.teachclassMapper.getteacherclassbystuid - ==>  Preparing: SELECT * from teachclass WHERE ID in (SELECT classID FROM studentclass WHERE studentno=?) GROUP BY coursename,ID ORDER BY coursesemester DESC 
2021-04-24 22:15:06.553 [http-nio-8080-exec-7] DEBUG c.s.dao.teachclassMapper.getteacherclassbystuid - ==> Parameters: 10170917(String)
2021-04-24 22:15:06.556 [http-nio-8080-exec-7] DEBUG c.s.dao.teachclassMapper.getteacherclassbystuid - <==      Total: 1
2021-04-24 22:26:55.137 [http-nio-8080-exec-9] DEBUG com.submit.dao.studentMapper.selectByPrimaryKey - ==>  Preparing: select studentno, name, pinyin, password from student where studentno = ? 
2021-04-24 22:26:55.138 [http-nio-8080-exec-9] DEBUG com.submit.dao.studentMapper.selectByPrimaryKey - ==> Parameters: 10170917(String)
2021-04-24 22:26:55.139 [http-nio-8080-exec-9] DEBUG com.submit.dao.studentMapper.selectByPrimaryKey - <==      Total: 1
2021-04-24 22:26:55.140 [http-nio-8080-exec-9] DEBUG c.s.dao.teachclassMapper.getteacherclassbystuid - ==>  Preparing: SELECT * from teachclass WHERE ID in (SELECT classID FROM studentclass WHERE studentno=?) GROUP BY coursename,ID ORDER BY coursesemester DESC 
2021-04-24 22:26:55.140 [http-nio-8080-exec-9] DEBUG c.s.dao.teachclassMapper.getteacherclassbystuid - ==> Parameters: 10170917(String)
2021-04-24 22:26:55.142 [http-nio-8080-exec-9] DEBUG c.s.dao.teachclassMapper.getteacherclassbystuid - <==      Total: 1
2021-04-24 22:26:59.782 [http-nio-8080-exec-10] DEBUG com.submit.dao.studentMapper.selectByPrimaryKey - ==>  Preparing: select studentno, name, pinyin, password from student where studentno = ? 
2021-04-24 22:26:59.783 [http-nio-8080-exec-10] DEBUG com.submit.dao.studentMapper.selectByPrimaryKey - ==> Parameters: 10170917(String)
2021-04-24 22:26:59.784 [http-nio-8080-exec-10] DEBUG com.submit.dao.studentMapper.selectByPrimaryKey - <==      Total: 1
2021-04-24 22:26:59.785 [http-nio-8080-exec-10] DEBUG com.submit.dao.jobMapper.getjobbyteachclassid - ==>  Preparing: select * from job where teachclassid=? order by createTime desc 
2021-04-24 22:26:59.786 [http-nio-8080-exec-10] DEBUG com.submit.dao.jobMapper.getjobbyteachclassid - ==> Parameters: 2(Integer)
2021-04-24 22:26:59.787 [http-nio-8080-exec-10] DEBUG com.submit.dao.jobMapper.getjobbyteachclassid - <==      Total: 2
2021-04-24 23:03:48.868 [http-nio-8080-exec-3] DEBUG com.submit.dao.studentMapper.selectByPrimaryKey - ==>  Preparing: select studentno, name, pinyin, password from student where studentno = ? 
2021-04-24 23:03:48.869 [http-nio-8080-exec-3] DEBUG com.submit.dao.studentMapper.selectByPrimaryKey - ==> Parameters: 10170917(String)
2021-04-24 23:03:48.871 [http-nio-8080-exec-3] DEBUG com.submit.dao.studentMapper.selectByPrimaryKey - <==      Total: 1
2021-04-24 23:03:49.200 [http-nio-8080-exec-4] DEBUG com.submit.dao.studentMapper.selectByPrimaryKey - ==>  Preparing: select studentno, name, pinyin, password from student where studentno = ? 
2021-04-24 23:03:49.200 [http-nio-8080-exec-4] DEBUG com.submit.dao.studentMapper.selectByPrimaryKey - ==> Parameters: 10170917(String)
2021-04-24 23:03:49.203 [http-nio-8080-exec-4] DEBUG com.submit.dao.studentMapper.selectByPrimaryKey - <==      Total: 1
2021-04-24 23:03:49.204 [http-nio-8080-exec-4] DEBUG c.s.dao.teachclassMapper.getteacherclassbystuid - ==>  Preparing: SELECT * from teachclass WHERE ID in (SELECT classID FROM studentclass WHERE studentno=?) GROUP BY coursename,ID ORDER BY coursesemester DESC 
2021-04-24 23:03:49.204 [http-nio-8080-exec-4] DEBUG c.s.dao.teachclassMapper.getteacherclassbystuid - ==> Parameters: 10170917(String)
2021-04-24 23:03:49.205 [http-nio-8080-exec-4] DEBUG c.s.dao.teachclassMapper.getteacherclassbystuid - <==      Total: 1
2021-04-24 23:03:57.227 [http-nio-8080-exec-5] DEBUG com.submit.dao.studentMapper.selectByPrimaryKey - ==>  Preparing: select studentno, name, pinyin, password from student where studentno = ? 
2021-04-24 23:03:57.227 [http-nio-8080-exec-5] DEBUG com.submit.dao.studentMapper.selectByPrimaryKey - ==> Parameters: 10170917(String)
2021-04-24 23:03:57.228 [http-nio-8080-exec-5] DEBUG com.submit.dao.studentMapper.selectByPrimaryKey - <==      Total: 1
2021-04-24 23:03:57.229 [http-nio-8080-exec-5] DEBUG com.submit.dao.jobMapper.getjobbyteachclassid - ==>  Preparing: select * from job where teachclassid=? order by createTime desc 
2021-04-24 23:03:57.229 [http-nio-8080-exec-5] DEBUG com.submit.dao.jobMapper.getjobbyteachclassid - ==> Parameters: 2(Integer)
2021-04-24 23:03:57.230 [http-nio-8080-exec-5] DEBUG com.submit.dao.jobMapper.getjobbyteachclassid - <==      Total: 2
2021-04-24 23:06:45.797 [http-nio-8080-exec-7] DEBUG com.submit.dao.studentMapper.selectByPrimaryKey - ==>  Preparing: select studentno, name, pinyin, password from student where studentno = ? 
2021-04-24 23:06:45.797 [http-nio-8080-exec-7] DEBUG com.submit.dao.studentMapper.selectByPrimaryKey - ==> Parameters: 10170917(String)
2021-04-24 23:06:45.798 [http-nio-8080-exec-7] DEBUG com.submit.dao.studentMapper.selectByPrimaryKey - <==      Total: 1
2021-04-24 23:06:45.798 [http-nio-8080-exec-7] DEBUG c.s.dao.teachclassMapper.getteacherclassbystuid - ==>  Preparing: SELECT * from teachclass WHERE ID in (SELECT classID FROM studentclass WHERE studentno=?) GROUP BY coursename,ID ORDER BY coursesemester DESC 
2021-04-24 23:06:45.798 [http-nio-8080-exec-7] DEBUG c.s.dao.teachclassMapper.getteacherclassbystuid - ==> Parameters: 10170917(String)
2021-04-24 23:06:45.799 [http-nio-8080-exec-7] DEBUG c.s.dao.teachclassMapper.getteacherclassbystuid - <==      Total: 1
2021-04-24 23:06:46.110 [http-nio-8080-exec-8] DEBUG com.submit.dao.studentMapper.selectByPrimaryKey - ==>  Preparing: select studentno, name, pinyin, password from student where studentno = ? 
2021-04-24 23:06:46.111 [http-nio-8080-exec-8] DEBUG com.submit.dao.studentMapper.selectByPrimaryKey - ==> Parameters: 10170917(String)
2021-04-24 23:06:46.112 [http-nio-8080-exec-8] DEBUG com.submit.dao.studentMapper.selectByPrimaryKey - <==      Total: 1
2021-04-24 23:06:46.116 [http-nio-8080-exec-8] DEBUG c.s.dao.teachclassMapper.getteacherclassbystuid - ==>  Preparing: SELECT * from teachclass WHERE ID in (SELECT classID FROM studentclass WHERE studentno=?) GROUP BY coursename,ID ORDER BY coursesemester DESC 
2021-04-24 23:06:46.116 [http-nio-8080-exec-8] DEBUG c.s.dao.teachclassMapper.getteacherclassbystuid - ==> Parameters: 10170917(String)
2021-04-24 23:06:46.118 [http-nio-8080-exec-8] DEBUG c.s.dao.teachclassMapper.getteacherclassbystuid - <==      Total: 1
2021-04-24 23:07:00.903 [http-nio-8080-exec-9] DEBUG com.submit.dao.studentMapper.selectByPrimaryKey - ==>  Preparing: select studentno, name, pinyin, password from student where studentno = ? 
2021-04-24 23:07:00.903 [http-nio-8080-exec-9] DEBUG com.submit.dao.studentMapper.selectByPrimaryKey - ==> Parameters: 10170917(String)
2021-04-24 23:07:00.904 [http-nio-8080-exec-9] DEBUG com.submit.dao.studentMapper.selectByPrimaryKey - <==      Total: 1
2021-04-24 23:07:00.905 [http-nio-8080-exec-9] DEBUG com.submit.dao.jobMapper.getjobbyteachclassid - ==>  Preparing: select * from job where teachclassid=? order by createTime desc 
2021-04-24 23:07:00.905 [http-nio-8080-exec-9] DEBUG com.submit.dao.jobMapper.getjobbyteachclassid - ==> Parameters: 2(Integer)
2021-04-24 23:07:00.906 [http-nio-8080-exec-9] DEBUG com.submit.dao.jobMapper.getjobbyteachclassid - <==      Total: 2
2021-04-24 23:15:36.865 [http-nio-8080-exec-1] DEBUG com.submit.dao.studentMapper.selectByPrimaryKey - ==>  Preparing: select studentno, name, pinyin, password from student where studentno = ? 
2021-04-24 23:15:36.865 [http-nio-8080-exec-1] DEBUG com.submit.dao.studentMapper.selectByPrimaryKey - ==> Parameters: 10170917(String)
2021-04-24 23:15:36.866 [http-nio-8080-exec-1] DEBUG com.submit.dao.studentMapper.selectByPrimaryKey - <==      Total: 1
2021-04-24 23:15:36.867 [http-nio-8080-exec-1] DEBUG c.s.dao.teachclassMapper.getteacherclassbystuid - ==>  Preparing: SELECT * from teachclass WHERE ID in (SELECT classID FROM studentclass WHERE studentno=?) GROUP BY coursename,ID ORDER BY coursesemester DESC 
2021-04-24 23:15:36.867 [http-nio-8080-exec-1] DEBUG c.s.dao.teachclassMapper.getteacherclassbystuid - ==> Parameters: 10170917(String)
2021-04-24 23:15:36.868 [http-nio-8080-exec-1] DEBUG c.s.dao.teachclassMapper.getteacherclassbystuid - <==      Total: 1
2021-04-24 23:15:37.366 [http-nio-8080-exec-2] DEBUG com.submit.dao.studentMapper.selectByPrimaryKey - ==>  Preparing: select studentno, name, pinyin, password from student where studentno = ? 
2021-04-24 23:15:37.366 [http-nio-8080-exec-2] DEBUG com.submit.dao.studentMapper.selectByPrimaryKey - ==> Parameters: 10170917(String)
2021-04-24 23:15:37.367 [http-nio-8080-exec-2] DEBUG com.submit.dao.studentMapper.selectByPrimaryKey - <==      Total: 1
2021-04-24 23:15:37.368 [http-nio-8080-exec-2] DEBUG c.s.dao.teachclassMapper.getteacherclassbystuid - ==>  Preparing: SELECT * from teachclass WHERE ID in (SELECT classID FROM studentclass WHERE studentno=?) GROUP BY coursename,ID ORDER BY coursesemester DESC 
2021-04-24 23:15:37.368 [http-nio-8080-exec-2] DEBUG c.s.dao.teachclassMapper.getteacherclassbystuid - ==> Parameters: 10170917(String)
2021-04-24 23:15:37.370 [http-nio-8080-exec-2] DEBUG c.s.dao.teachclassMapper.getteacherclassbystuid - <==      Total: 1
2021-04-24 23:15:46.503 [http-nio-8080-exec-3] DEBUG com.submit.dao.studentMapper.selectByPrimaryKey - ==>  Preparing: select studentno, name, pinyin, password from student where studentno = ? 
2021-04-24 23:15:46.503 [http-nio-8080-exec-3] DEBUG com.submit.dao.studentMapper.selectByPrimaryKey - ==> Parameters: 10170917(String)
2021-04-24 23:15:46.504 [http-nio-8080-exec-3] DEBUG com.submit.dao.studentMapper.selectByPrimaryKey - <==      Total: 1
2021-04-24 23:15:46.505 [http-nio-8080-exec-3] DEBUG com.submit.dao.jobMapper.getjobbyteachclassid - ==>  Preparing: select * from job where teachclassid=? order by createTime desc 
2021-04-24 23:15:46.505 [http-nio-8080-exec-3] DEBUG com.submit.dao.jobMapper.getjobbyteachclassid - ==> Parameters: 2(Integer)
2021-04-24 23:15:46.506 [http-nio-8080-exec-3] DEBUG com.submit.dao.jobMapper.getjobbyteachclassid - <==      Total: 2
2021-04-24 23:15:49.472 [http-nio-8080-exec-5] DEBUG com.submit.dao.studentMapper.selectByPrimaryKey - ==>  Preparing: select studentno, name, pinyin, password from student where studentno = ? 
2021-04-24 23:15:49.474 [http-nio-8080-exec-5] DEBUG com.submit.dao.studentMapper.selectByPrimaryKey - ==> Parameters: 10170917(String)
2021-04-24 23:15:49.475 [http-nio-8080-exec-5] DEBUG com.submit.dao.studentMapper.selectByPrimaryKey - <==      Total: 1
2021-04-24 23:15:49.476 [http-nio-8080-exec-5] DEBUG c.s.dao.teachclassMapper.getteacherclassbystuid - ==>  Preparing: SELECT * from teachclass WHERE ID in (SELECT classID FROM studentclass WHERE studentno=?) GROUP BY coursename,ID ORDER BY coursesemester DESC 
2021-04-24 23:15:49.476 [http-nio-8080-exec-5] DEBUG c.s.dao.teachclassMapper.getteacherclassbystuid - ==> Parameters: 10170917(String)
2021-04-24 23:15:49.477 [http-nio-8080-exec-5] DEBUG c.s.dao.teachclassMapper.getteacherclassbystuid - <==      Total: 1
2021-04-24 23:16:01.161 [http-nio-8080-exec-6] DEBUG com.submit.dao.studentMapper.selectByPrimaryKey - ==>  Preparing: select studentno, name, pinyin, password from student where studentno = ? 
2021-04-24 23:16:01.161 [http-nio-8080-exec-6] DEBUG com.submit.dao.studentMapper.selectByPrimaryKey - ==> Parameters: 10170917(String)
2021-04-24 23:16:01.162 [http-nio-8080-exec-6] DEBUG com.submit.dao.studentMapper.selectByPrimaryKey - <==      Total: 1
2021-04-24 23:16:01.163 [http-nio-8080-exec-6] DEBUG com.submit.dao.jobMapper.getjobbyteachclassid - ==>  Preparing: select * from job where teachclassid=? order by createTime desc 
2021-04-24 23:16:01.163 [http-nio-8080-exec-6] DEBUG com.submit.dao.jobMapper.getjobbyteachclassid - ==> Parameters: 2(Integer)
2021-04-24 23:16:01.164 [http-nio-8080-exec-6] DEBUG com.submit.dao.jobMapper.getjobbyteachclassid - <==      Total: 2
2021-04-24 23:31:36.717 [http-nio-8080-exec-8] DEBUG com.submit.dao.studentMapper.selectByPrimaryKey - ==>  Preparing: select studentno, name, pinyin, password from student where studentno = ? 
2021-04-24 23:31:36.720 [http-nio-8080-exec-8] DEBUG com.submit.dao.studentMapper.selectByPrimaryKey - ==> Parameters: 10170917(String)
2021-04-24 23:31:36.721 [http-nio-8080-exec-8] DEBUG com.submit.dao.studentMapper.selectByPrimaryKey - <==      Total: 1
2021-04-24 23:31:36.722 [http-nio-8080-exec-8] DEBUG c.s.dao.teachclassMapper.getteacherclassbystuid - ==>  Preparing: SELECT * from teachclass WHERE ID in (SELECT classID FROM studentclass WHERE studentno=?) GROUP BY coursename,ID ORDER BY coursesemester DESC 
2021-04-24 23:31:36.722 [http-nio-8080-exec-8] DEBUG c.s.dao.teachclassMapper.getteacherclassbystuid - ==> Parameters: 10170917(String)
2021-04-24 23:31:36.724 [http-nio-8080-exec-8] DEBUG c.s.dao.teachclassMapper.getteacherclassbystuid - <==      Total: 1
2021-04-24 23:31:42.783 [http-nio-8080-exec-9] DEBUG com.submit.dao.studentMapper.selectByPrimaryKey - ==>  Preparing: select studentno, name, pinyin, password from student where studentno = ? 
2021-04-24 23:31:42.783 [http-nio-8080-exec-9] DEBUG com.submit.dao.studentMapper.selectByPrimaryKey - ==> Parameters: 10170917(String)
2021-04-24 23:31:42.784 [http-nio-8080-exec-9] DEBUG com.submit.dao.studentMapper.selectByPrimaryKey - <==      Total: 1
2021-04-24 23:31:42.785 [http-nio-8080-exec-9] DEBUG com.submit.dao.jobMapper.getjobbyteachclassid - ==>  Preparing: select * from job where teachclassid=? order by createTime desc 
2021-04-24 23:31:42.785 [http-nio-8080-exec-9] DEBUG com.submit.dao.jobMapper.getjobbyteachclassid - ==> Parameters: 2(Integer)
2021-04-24 23:31:42.786 [http-nio-8080-exec-9] DEBUG com.submit.dao.jobMapper.getjobbyteachclassid - <==      Total: 2
2021-04-24 23:37:16.666 [http-nio-8080-exec-1] DEBUG com.submit.dao.studentMapper.selectByPrimaryKey - ==>  Preparing: select studentno, name, pinyin, password from student where studentno = ? 
2021-04-24 23:37:16.666 [http-nio-8080-exec-1] DEBUG com.submit.dao.studentMapper.selectByPrimaryKey - ==> Parameters: 10170917(String)
2021-04-24 23:37:16.668 [http-nio-8080-exec-1] DEBUG com.submit.dao.studentMapper.selectByPrimaryKey - <==      Total: 1
2021-04-24 23:37:16.668 [http-nio-8080-exec-1] DEBUG c.s.dao.teachclassMapper.getteacherclassbystuid - ==>  Preparing: SELECT * from teachclass WHERE ID in (SELECT classID FROM studentclass WHERE studentno=?) GROUP BY coursename,ID ORDER BY coursesemester DESC 
2021-04-24 23:37:16.668 [http-nio-8080-exec-1] DEBUG c.s.dao.teachclassMapper.getteacherclassbystuid - ==> Parameters: 10170917(String)
2021-04-24 23:37:16.670 [http-nio-8080-exec-1] DEBUG c.s.dao.teachclassMapper.getteacherclassbystuid - <==      Total: 1
2021-04-24 23:37:29.699 [http-nio-8080-exec-2] DEBUG com.submit.dao.studentMapper.selectByPrimaryKey - ==>  Preparing: select studentno, name, pinyin, password from student where studentno = ? 
2021-04-24 23:37:29.700 [http-nio-8080-exec-2] DEBUG com.submit.dao.studentMapper.selectByPrimaryKey - ==> Parameters: 10170917(String)
2021-04-24 23:37:29.701 [http-nio-8080-exec-2] DEBUG com.submit.dao.studentMapper.selectByPrimaryKey - <==      Total: 1
2021-04-24 23:37:29.702 [http-nio-8080-exec-2] DEBUG com.submit.dao.jobMapper.getjobbyteachclassid - ==>  Preparing: select * from job where teachclassid=? order by createTime desc 
2021-04-24 23:37:29.702 [http-nio-8080-exec-2] DEBUG com.submit.dao.jobMapper.getjobbyteachclassid - ==> Parameters: 2(Integer)
2021-04-24 23:37:29.703 [http-nio-8080-exec-2] DEBUG com.submit.dao.jobMapper.getjobbyteachclassid - <==      Total: 2
