2021-04-15 15:46:06.506 [restartedMain] DEBUG com.submit.WorkuploadApplication - Running with Spring Boot v2.1.4.RELEASE, Spring v5.1.6.RELEASE
2021-04-15 15:47:24.302 [http-nio-8080-exec-5] DEBUG com.submit.dao.studentMapper.selectByPrimaryKey - ==>  Preparing: select studentno, name, pinyin, password from student where studentno = ? 
2021-04-15 15:47:24.399 [http-nio-8080-exec-5] DEBUG com.submit.dao.studentMapper.selectByPrimaryKey - ==> Parameters: 1100888(String)
2021-04-15 15:47:24.420 [http-nio-8080-exec-5] DEBUG com.submit.dao.studentMapper.selectByPrimaryKey - <==      Total: 1
2021-04-15 15:47:28.782 [http-nio-8080-exec-9] DEBUG com.submit.dao.jobMapper.gettaskdetail - ==>  Preparing: SELECT DATE_FORMAT(b.createTime,'%Y-%m-%d %h:%m:%s') as time,b.*, c.coursename FROM job b ,teachclass c WHERE b.teachclassid in (SELECT a.classID FROM studentclass a WHERE a.studentno=162210702234) AND c.ID=b.teachclassid ORDER BY b.ID DESC 
2021-04-15 15:47:28.788 [http-nio-8080-exec-9] DEBUG com.submit.dao.jobMapper.gettaskdetail - ==> Parameters: 
2021-04-15 15:47:28.793 [http-nio-8080-exec-9] DEBUG com.submit.dao.jobMapper.gettaskdetail - <==      Total: 0
2021-04-15 15:47:29.987 [http-nio-8080-exec-2] DEBUG c.s.dao.teachclassMapper.getteacherclassbystuid - ==>  Preparing: SELECT * from teachclass WHERE ID in (SELECT classID FROM studentclass WHERE studentno=?) GROUP BY coursename,ID ORDER BY coursesemester DESC 
2021-04-15 15:47:29.988 [http-nio-8080-exec-2] DEBUG c.s.dao.teachclassMapper.getteacherclassbystuid - ==> Parameters: 1100888(String)
2021-04-15 15:47:29.990 [http-nio-8080-exec-2] DEBUG c.s.dao.teachclassMapper.getteacherclassbystuid - <==      Total: 0
2021-04-15 15:47:35.670 [http-nio-8080-exec-4] DEBUG com.submit.dao.scoreMapper.getscoreupload - ==>  Preparing: SELECT d.studentno,d.score,d.`name` ,DATE_FORMAT(d.time,'%Y-%m-%d %h:%m:%s') as time,f.coursename,e.title FROM teachclass f, (SELECT a.studentno,a.jobID,a.time,IFNULL(a.score,0) as score,b.`name` FROM score a LEFT JOIN student b on a.studentno=b.studentno where a.studentno=?)d LEFT JOIN job e on d.jobID=e.ID WHERE e.teachclassid=f.ID ORDER BY e.ID DESC 
2021-04-15 15:47:35.672 [http-nio-8080-exec-4] DEBUG com.submit.dao.scoreMapper.getscoreupload - ==> Parameters: 1100888(String)
2021-04-15 15:47:35.674 [http-nio-8080-exec-4] DEBUG com.submit.dao.scoreMapper.getscoreupload - <==      Total: 0
2021-04-15 15:47:37.310 [http-nio-8080-exec-7] DEBUG c.s.dao.teachclassMapper.getteacherclassbystuid2 - ==>  Preparing: select a.*,b.name from teachclass a,teacher b where ID in (SELECT classID FROM studentclass WHERE studentno=?) and a.teacherno=b.teacherno GROUP BY a.coursename,a.ID ORDER BY a.coursesemester DESC 
2021-04-15 15:47:37.311 [http-nio-8080-exec-7] DEBUG c.s.dao.teachclassMapper.getteacherclassbystuid2 - ==> Parameters: 1100888(String)
2021-04-15 15:47:37.313 [http-nio-8080-exec-7] DEBUG c.s.dao.teachclassMapper.getteacherclassbystuid2 - <==      Total: 0
2021-04-15 15:47:37.314 [http-nio-8080-exec-7] DEBUG com.submit.dao.teachclassMapper.getallclasslesson - ==>  Preparing: select a.*,b.name from teachclass a,teacher b where a.teacherno=b.teacherno GROUP BY a.coursename,a.ID ORDER BY a.coursesemester DESC 
2021-04-15 15:47:37.315 [http-nio-8080-exec-7] DEBUG com.submit.dao.teachclassMapper.getallclasslesson - ==> Parameters: 
2021-04-15 15:47:37.319 [http-nio-8080-exec-7] DEBUG com.submit.dao.teachclassMapper.getallclasslesson - <==      Total: 4
2021-04-15 15:47:38.486 [http-nio-8080-exec-8] DEBUG com.submit.dao.scoreMapper.getscoreupload - ==>  Preparing: SELECT d.studentno,d.score,d.`name` ,DATE_FORMAT(d.time,'%Y-%m-%d %h:%m:%s') as time,f.coursename,e.title FROM teachclass f, (SELECT a.studentno,a.jobID,a.time,IFNULL(a.score,0) as score,b.`name` FROM score a LEFT JOIN student b on a.studentno=b.studentno where a.studentno=?)d LEFT JOIN job e on d.jobID=e.ID WHERE e.teachclassid=f.ID ORDER BY e.ID DESC 
2021-04-15 15:47:38.486 [http-nio-8080-exec-8] DEBUG com.submit.dao.scoreMapper.getscoreupload - ==> Parameters: 1100888(String)
2021-04-15 15:47:38.488 [http-nio-8080-exec-8] DEBUG com.submit.dao.scoreMapper.getscoreupload - <==      Total: 0
2021-04-15 15:47:49.934 [http-nio-8080-exec-2] DEBUG com.submit.dao.jobMapper.gettaskdetail - ==>  Preparing: SELECT DATE_FORMAT(b.createTime,'%Y-%m-%d %h:%m:%s') as time,b.*, c.coursename FROM job b ,teachclass c WHERE b.teachclassid in (SELECT a.classID FROM studentclass a WHERE a.studentno=162210702234) AND c.ID=b.teachclassid ORDER BY b.ID DESC 
2021-04-15 15:47:49.935 [http-nio-8080-exec-2] DEBUG com.submit.dao.jobMapper.gettaskdetail - ==> Parameters: 
2021-04-15 15:47:49.937 [http-nio-8080-exec-2] DEBUG com.submit.dao.jobMapper.gettaskdetail - <==      Total: 0
2021-04-15 15:47:50.569 [http-nio-8080-exec-3] DEBUG com.submit.dao.studentMapper.selectByPrimaryKey - ==>  Preparing: select studentno, name, pinyin, password from student where studentno = ? 
2021-04-15 15:47:50.570 [http-nio-8080-exec-3] DEBUG com.submit.dao.studentMapper.selectByPrimaryKey - ==> Parameters: 1100888(String)
2021-04-15 15:47:50.571 [http-nio-8080-exec-3] DEBUG com.submit.dao.studentMapper.selectByPrimaryKey - <==      Total: 1
2021-04-15 15:47:54.353 [http-nio-8080-exec-1] DEBUG com.submit.dao.jobMapper.gettaskdetail - ==>  Preparing: SELECT DATE_FORMAT(b.createTime,'%Y-%m-%d %h:%m:%s') as time,b.*, c.coursename FROM job b ,teachclass c WHERE b.teachclassid in (SELECT a.classID FROM studentclass a WHERE a.studentno=162210702234) AND c.ID=b.teachclassid ORDER BY b.ID DESC 
2021-04-15 15:47:54.353 [http-nio-8080-exec-1] DEBUG com.submit.dao.jobMapper.gettaskdetail - ==> Parameters: 
2021-04-15 15:47:54.355 [http-nio-8080-exec-1] DEBUG com.submit.dao.jobMapper.gettaskdetail - <==      Total: 0
2021-04-15 15:47:54.864 [http-nio-8080-exec-2] DEBUG c.s.dao.teachclassMapper.getteacherclassbystuid - ==>  Preparing: SELECT * from teachclass WHERE ID in (SELECT classID FROM studentclass WHERE studentno=?) GROUP BY coursename,ID ORDER BY coursesemester DESC 
2021-04-15 15:47:54.865 [http-nio-8080-exec-2] DEBUG c.s.dao.teachclassMapper.getteacherclassbystuid - ==> Parameters: 1100888(String)
2021-04-15 15:47:54.866 [http-nio-8080-exec-2] DEBUG c.s.dao.teachclassMapper.getteacherclassbystuid - <==      Total: 0
2021-04-15 15:47:55.218 [http-nio-8080-exec-3] DEBUG com.submit.dao.scoreMapper.getscoreupload - ==>  Preparing: SELECT d.studentno,d.score,d.`name` ,DATE_FORMAT(d.time,'%Y-%m-%d %h:%m:%s') as time,f.coursename,e.title FROM teachclass f, (SELECT a.studentno,a.jobID,a.time,IFNULL(a.score,0) as score,b.`name` FROM score a LEFT JOIN student b on a.studentno=b.studentno where a.studentno=?)d LEFT JOIN job e on d.jobID=e.ID WHERE e.teachclassid=f.ID ORDER BY e.ID DESC 
2021-04-15 15:47:55.218 [http-nio-8080-exec-3] DEBUG com.submit.dao.scoreMapper.getscoreupload - ==> Parameters: 1100888(String)
2021-04-15 15:47:55.219 [http-nio-8080-exec-3] DEBUG com.submit.dao.scoreMapper.getscoreupload - <==      Total: 0
2021-04-15 22:14:37.925 [restartedMain] DEBUG com.submit.WorkuploadApplication - Running with Spring Boot v2.1.4.RELEASE, Spring v5.1.6.RELEASE
2021-04-15 22:19:30.482 [http-nio-8080-exec-7] DEBUG com.submit.dao.teacherMapper.selectByPrimaryKey - ==>  Preparing: select teacherno, name, password, level from teacher where teacherno = ? 
2021-04-15 22:19:30.593 [http-nio-8080-exec-7] DEBUG com.submit.dao.teacherMapper.selectByPrimaryKey - ==> Parameters: 123456(String)
2021-04-15 22:19:30.619 [http-nio-8080-exec-7] DEBUG com.submit.dao.teacherMapper.selectByPrimaryKey - <==      Total: 1
2021-04-15 22:19:30.643 [http-nio-8080-exec-8] DEBUG com.submit.dao.teacherMapper.selectByPrimaryKey - ==>  Preparing: select teacherno, name, password, level from teacher where teacherno = ? 
2021-04-15 22:19:30.643 [http-nio-8080-exec-8] DEBUG com.submit.dao.teacherMapper.selectByPrimaryKey - ==> Parameters: 123456(String)
2021-04-15 22:19:30.645 [http-nio-8080-exec-8] DEBUG com.submit.dao.teacherMapper.selectByPrimaryKey - <==      Total: 1
2021-04-15 22:19:50.523 [http-nio-8080-exec-8] DEBUG com.submit.dao.studentMapper.getallstudent - ==>  Preparing: select * from student where studentno like CONCAT('%',?,'%') and name like CONCAT('%',?,'%') 
2021-04-15 22:19:50.527 [http-nio-8080-exec-8] DEBUG com.submit.dao.studentMapper.getallstudent - ==> Parameters: (String), (String)
2021-04-15 22:19:50.530 [http-nio-8080-exec-8] DEBUG com.submit.dao.studentMapper.getallstudent - <==      Total: 6
2021-04-15 22:20:36.972 [http-nio-8080-exec-6] DEBUG c.s.dao.teachclassMapper.getteacherclassbyteachid - ==>  Preparing: select * from teachclass where teacherno=? ORDER BY coursesemester DESC 
2021-04-15 22:20:36.975 [http-nio-8080-exec-6] DEBUG c.s.dao.teachclassMapper.getteacherclassbyteachid - ==> Parameters: 123456(String)
2021-04-15 22:20:36.976 [http-nio-8080-exec-6] DEBUG c.s.dao.teachclassMapper.getteacherclassbyteachid - <==      Total: 0
2021-04-15 22:20:37.046 [http-nio-8080-exec-6] DEBUG c.submit.dao.studentclassMapper.getstudentbyclaid - ==>  Preparing: select a.id, a.no,s.name,s.pinyin,a.classid, a.studentno,a.note from studentclass a left join student s on a.studentno = s.studentno where a.classID=? order by a.no asc 
2021-04-15 22:20:37.048 [http-nio-8080-exec-6] DEBUG c.submit.dao.studentclassMapper.getstudentbyclaid - ==> Parameters: (String)
2021-04-15 22:20:37.049 [http-nio-8080-exec-6] DEBUG c.submit.dao.studentclassMapper.getstudentbyclaid - <==      Total: 0
2021-04-15 22:20:39.759 [http-nio-8080-exec-2] DEBUG c.s.dao.teachclassMapper.getteacherclassbyteachid - ==>  Preparing: select * from teachclass where teacherno=? ORDER BY coursesemester DESC 
2021-04-15 22:20:39.760 [http-nio-8080-exec-2] DEBUG c.s.dao.teachclassMapper.getteacherclassbyteachid - ==> Parameters: 123456(String)
2021-04-15 22:20:39.761 [http-nio-8080-exec-2] DEBUG c.s.dao.teachclassMapper.getteacherclassbyteachid - <==      Total: 0
2021-04-15 22:20:42.100 [http-nio-8080-exec-9] DEBUG c.s.dao.teachclassMapper.getteacherclassbyteachid - ==>  Preparing: select * from teachclass where teacherno=? ORDER BY coursesemester DESC 
2021-04-15 22:20:42.100 [http-nio-8080-exec-9] DEBUG c.s.dao.teachclassMapper.getteacherclassbyteachid - ==> Parameters: 123456(String)
2021-04-15 22:20:42.101 [http-nio-8080-exec-9] DEBUG c.s.dao.teachclassMapper.getteacherclassbyteachid - <==      Total: 0
2021-04-15 22:20:43.094 [http-nio-8080-exec-10] DEBUG c.s.dao.teachclassMapper.getteacherclassbyteachid - ==>  Preparing: select * from teachclass where teacherno=? ORDER BY coursesemester DESC 
2021-04-15 22:20:43.095 [http-nio-8080-exec-10] DEBUG c.s.dao.teachclassMapper.getteacherclassbyteachid - ==> Parameters: 123456(String)
2021-04-15 22:20:43.096 [http-nio-8080-exec-10] DEBUG c.s.dao.teachclassMapper.getteacherclassbyteachid - <==      Total: 0
2021-04-15 22:20:43.571 [http-nio-8080-exec-2] DEBUG c.s.dao.teachclassMapper.getteacherclassbyteachid - ==>  Preparing: select * from teachclass where teacherno=? ORDER BY coursesemester DESC 
2021-04-15 22:20:43.572 [http-nio-8080-exec-2] DEBUG c.s.dao.teachclassMapper.getteacherclassbyteachid - ==> Parameters: 123456(String)
2021-04-15 22:20:43.573 [http-nio-8080-exec-2] DEBUG c.s.dao.teachclassMapper.getteacherclassbyteachid - <==      Total: 0
2021-04-15 22:20:43.991 [http-nio-8080-exec-10] DEBUG com.submit.dao.teacherMapper.selectByPrimaryKey - ==>  Preparing: select teacherno, name, password, level from teacher where teacherno = ? 
2021-04-15 22:20:43.992 [http-nio-8080-exec-10] DEBUG com.submit.dao.teacherMapper.selectByPrimaryKey - ==> Parameters: 123456(String)
2021-04-15 22:20:43.994 [http-nio-8080-exec-10] DEBUG com.submit.dao.teacherMapper.selectByPrimaryKey - <==      Total: 1
2021-04-15 22:20:44.991 [http-nio-8080-exec-4] DEBUG c.s.dao.teachclassMapper.getteacherclassbyteachid - ==>  Preparing: select * from teachclass where teacherno=? ORDER BY coursesemester DESC 
2021-04-15 22:20:44.991 [http-nio-8080-exec-4] DEBUG c.s.dao.teachclassMapper.getteacherclassbyteachid - ==> Parameters: 123456(String)
2021-04-15 22:20:44.992 [http-nio-8080-exec-4] DEBUG c.s.dao.teachclassMapper.getteacherclassbyteachid - <==      Total: 0
2021-04-15 22:20:46.169 [http-nio-8080-exec-9] DEBUG c.s.dao.teachclassMapper.getteacherclassbyteachid - ==>  Preparing: select * from teachclass where teacherno=? ORDER BY coursesemester DESC 
2021-04-15 22:20:46.169 [http-nio-8080-exec-9] DEBUG c.s.dao.teachclassMapper.getteacherclassbyteachid - ==> Parameters: 123456(String)
2021-04-15 22:20:46.170 [http-nio-8080-exec-9] DEBUG c.s.dao.teachclassMapper.getteacherclassbyteachid - <==      Total: 0
2021-04-15 22:20:50.679 [http-nio-8080-exec-9] DEBUG c.s.dao.teachclassMapper.getteacherclassbyteachid - ==>  Preparing: select * from teachclass where teacherno=? ORDER BY coursesemester DESC 
2021-04-15 22:20:50.680 [http-nio-8080-exec-9] DEBUG c.s.dao.teachclassMapper.getteacherclassbyteachid - ==> Parameters: 123456(String)
2021-04-15 22:20:50.681 [http-nio-8080-exec-9] DEBUG c.s.dao.teachclassMapper.getteacherclassbyteachid - <==      Total: 0
2021-04-15 22:20:52.133 [http-nio-8080-exec-8] DEBUG c.s.dao.teachclassMapper.getteacherclassbyteachid - ==>  Preparing: select * from teachclass where teacherno=? ORDER BY coursesemester DESC 
2021-04-15 22:20:52.133 [http-nio-8080-exec-8] DEBUG c.s.dao.teachclassMapper.getteacherclassbyteachid - ==> Parameters: 123456(String)
2021-04-15 22:20:52.134 [http-nio-8080-exec-8] DEBUG c.s.dao.teachclassMapper.getteacherclassbyteachid - <==      Total: 0
2021-04-15 22:20:53.075 [http-nio-8080-exec-5] DEBUG c.s.dao.teachclassMapper.getteacherclassbyteachid - ==>  Preparing: select * from teachclass where teacherno=? ORDER BY coursesemester DESC 
2021-04-15 22:20:53.075 [http-nio-8080-exec-5] DEBUG c.s.dao.teachclassMapper.getteacherclassbyteachid - ==> Parameters: 123456(String)
2021-04-15 22:20:53.076 [http-nio-8080-exec-5] DEBUG c.s.dao.teachclassMapper.getteacherclassbyteachid - <==      Total: 0
2021-04-15 22:21:31.881 [http-nio-8080-exec-10] DEBUG c.s.dao.teachclassMapper.getteacherclassbyteachid - ==>  Preparing: select * from teachclass where teacherno=? ORDER BY coursesemester DESC 
2021-04-15 22:21:31.881 [http-nio-8080-exec-10] DEBUG c.s.dao.teachclassMapper.getteacherclassbyteachid - ==> Parameters: 123456(String)
2021-04-15 22:21:31.883 [http-nio-8080-exec-10] DEBUG c.s.dao.teachclassMapper.getteacherclassbyteachid - <==      Total: 0
2021-04-15 22:22:49.455 [http-nio-8080-exec-9] DEBUG com.submit.dao.teacherMapper.selectByPrimaryKey - ==>  Preparing: select teacherno, name, password, level from teacher where teacherno = ? 
2021-04-15 22:22:49.455 [http-nio-8080-exec-9] DEBUG com.submit.dao.teacherMapper.selectByPrimaryKey - ==> Parameters: 1998000011(String)
2021-04-15 22:22:49.457 [http-nio-8080-exec-9] DEBUG com.submit.dao.teacherMapper.selectByPrimaryKey - <==      Total: 1
2021-04-15 22:23:05.776 [http-nio-8080-exec-4] DEBUG com.submit.dao.teacherMapper.selectByPrimaryKey - ==>  Preparing: select teacherno, name, password, level from teacher where teacherno = ? 
2021-04-15 22:23:05.776 [http-nio-8080-exec-4] DEBUG com.submit.dao.teacherMapper.selectByPrimaryKey - ==> Parameters: 1998000011(String)
2021-04-15 22:23:05.779 [http-nio-8080-exec-4] DEBUG com.submit.dao.teacherMapper.selectByPrimaryKey - <==      Total: 1
2021-04-15 22:23:05.785 [http-nio-8080-exec-2] DEBUG com.submit.dao.teacherMapper.selectByPrimaryKey - ==>  Preparing: select teacherno, name, password, level from teacher where teacherno = ? 
2021-04-15 22:23:05.785 [http-nio-8080-exec-2] DEBUG com.submit.dao.teacherMapper.selectByPrimaryKey - ==> Parameters: 1998000011(String)
2021-04-15 22:23:05.787 [http-nio-8080-exec-2] DEBUG com.submit.dao.teacherMapper.selectByPrimaryKey - <==      Total: 1
2021-04-15 22:23:07.342 [http-nio-8080-exec-1] DEBUG c.s.dao.teachclassMapper.getteacherclassbyteachid - ==>  Preparing: select * from teachclass where teacherno=? ORDER BY coursesemester DESC 
2021-04-15 22:23:07.342 [http-nio-8080-exec-1] DEBUG c.s.dao.teachclassMapper.getteacherclassbyteachid - ==> Parameters: 1998000011(String)
2021-04-15 22:23:07.345 [http-nio-8080-exec-1] DEBUG c.s.dao.teachclassMapper.getteacherclassbyteachid - <==      Total: 4
2021-04-15 22:23:18.654 [http-nio-8080-exec-6] DEBUG c.s.dao.teachclassMapper.getteacherclassbyteachid - ==>  Preparing: select * from teachclass where teacherno=? ORDER BY coursesemester DESC 
2021-04-15 22:23:18.654 [http-nio-8080-exec-6] DEBUG c.s.dao.teachclassMapper.getteacherclassbyteachid - ==> Parameters: 1998000011(String)
2021-04-15 22:23:18.656 [http-nio-8080-exec-6] DEBUG c.s.dao.teachclassMapper.getteacherclassbyteachid - <==      Total: 4
2021-04-15 22:23:18.729 [http-nio-8080-exec-7] DEBUG c.submit.dao.studentclassMapper.getstudentbyclaid - ==>  Preparing: select a.id, a.no,s.name,s.pinyin,a.classid, a.studentno,a.note from studentclass a left join student s on a.studentno = s.studentno where a.classID=? order by a.no asc 
2021-04-15 22:23:18.729 [http-nio-8080-exec-7] DEBUG c.submit.dao.studentclassMapper.getstudentbyclaid - ==> Parameters: (String)
2021-04-15 22:23:18.730 [http-nio-8080-exec-7] DEBUG c.submit.dao.studentclassMapper.getstudentbyclaid - <==      Total: 0
2021-04-15 22:23:31.444 [http-nio-8080-exec-1] DEBUG c.s.dao.teachclassMapper.getteacherclassbyteachid - ==>  Preparing: select * from teachclass where teacherno=? ORDER BY coursesemester DESC 
2021-04-15 22:23:31.444 [http-nio-8080-exec-1] DEBUG c.s.dao.teachclassMapper.getteacherclassbyteachid - ==> Parameters: 1998000011(String)
2021-04-15 22:23:31.446 [http-nio-8080-exec-1] DEBUG c.s.dao.teachclassMapper.getteacherclassbyteachid - <==      Total: 4
2021-04-15 22:23:31.506 [http-nio-8080-exec-1] DEBUG c.submit.dao.studentclassMapper.getstudentbyclaid - ==>  Preparing: select a.id, a.no,s.name,s.pinyin,a.classid, a.studentno,a.note from studentclass a left join student s on a.studentno = s.studentno where a.classID=? order by a.no asc 
2021-04-15 22:23:31.506 [http-nio-8080-exec-1] DEBUG c.submit.dao.studentclassMapper.getstudentbyclaid - ==> Parameters: (String)
2021-04-15 22:23:31.507 [http-nio-8080-exec-1] DEBUG c.submit.dao.studentclassMapper.getstudentbyclaid - <==      Total: 0
2021-04-15 22:23:32.107 [http-nio-8080-exec-5] DEBUG c.s.dao.teachclassMapper.getteacherclassbyteachid - ==>  Preparing: select * from teachclass where teacherno=? ORDER BY coursesemester DESC 
2021-04-15 22:23:32.107 [http-nio-8080-exec-5] DEBUG c.s.dao.teachclassMapper.getteacherclassbyteachid - ==> Parameters: 1998000011(String)
2021-04-15 22:23:32.111 [http-nio-8080-exec-5] DEBUG c.s.dao.teachclassMapper.getteacherclassbyteachid - <==      Total: 4
2021-04-15 22:23:32.799 [http-nio-8080-exec-9] DEBUG c.s.dao.teachclassMapper.getteacherclassbyteachid - ==>  Preparing: select * from teachclass where teacherno=? ORDER BY coursesemester DESC 
2021-04-15 22:23:32.800 [http-nio-8080-exec-9] DEBUG c.s.dao.teachclassMapper.getteacherclassbyteachid - ==> Parameters: 1998000011(String)
2021-04-15 22:23:32.802 [http-nio-8080-exec-9] DEBUG c.s.dao.teachclassMapper.getteacherclassbyteachid - <==      Total: 4
2021-04-15 22:23:33.274 [http-nio-8080-exec-2] DEBUG c.s.dao.teachclassMapper.getteacherclassbyteachid - ==>  Preparing: select * from teachclass where teacherno=? ORDER BY coursesemester DESC 
2021-04-15 22:23:33.274 [http-nio-8080-exec-2] DEBUG c.s.dao.teachclassMapper.getteacherclassbyteachid - ==> Parameters: 1998000011(String)
2021-04-15 22:23:33.275 [http-nio-8080-exec-2] DEBUG c.s.dao.teachclassMapper.getteacherclassbyteachid - <==      Total: 4
2021-04-15 22:23:33.943 [http-nio-8080-exec-3] DEBUG c.s.dao.teachclassMapper.getteacherclassbyteachid - ==>  Preparing: select * from teachclass where teacherno=? ORDER BY coursesemester DESC 
2021-04-15 22:23:33.943 [http-nio-8080-exec-3] DEBUG c.s.dao.teachclassMapper.getteacherclassbyteachid - ==> Parameters: 1998000011(String)
2021-04-15 22:23:33.945 [http-nio-8080-exec-3] DEBUG c.s.dao.teachclassMapper.getteacherclassbyteachid - <==      Total: 4
2021-04-15 22:23:34.168 [http-nio-8080-exec-2] DEBUG c.s.dao.teachclassMapper.getteacherclassbyteachid - ==>  Preparing: select * from teachclass where teacherno=? ORDER BY coursesemester DESC 
2021-04-15 22:23:34.169 [http-nio-8080-exec-2] DEBUG c.s.dao.teachclassMapper.getteacherclassbyteachid - ==> Parameters: 1998000011(String)
2021-04-15 22:23:34.171 [http-nio-8080-exec-2] DEBUG c.s.dao.teachclassMapper.getteacherclassbyteachid - <==      Total: 4
2021-04-15 22:23:34.338 [http-nio-8080-exec-3] DEBUG c.s.dao.teachclassMapper.getteacherclassbyteachid - ==>  Preparing: select * from teachclass where teacherno=? ORDER BY coursesemester DESC 
2021-04-15 22:23:34.338 [http-nio-8080-exec-3] DEBUG c.s.dao.teachclassMapper.getteacherclassbyteachid - ==> Parameters: 1998000011(String)
2021-04-15 22:23:34.339 [http-nio-8080-exec-3] DEBUG c.s.dao.teachclassMapper.getteacherclassbyteachid - <==      Total: 4
2021-04-15 22:23:34.524 [http-nio-8080-exec-3] DEBUG c.s.dao.teachclassMapper.getteacherclassbyteachid - ==>  Preparing: select * from teachclass where teacherno=? ORDER BY coursesemester DESC 
2021-04-15 22:23:34.524 [http-nio-8080-exec-3] DEBUG c.s.dao.teachclassMapper.getteacherclassbyteachid - ==> Parameters: 1998000011(String)
2021-04-15 22:23:34.526 [http-nio-8080-exec-3] DEBUG c.s.dao.teachclassMapper.getteacherclassbyteachid - <==      Total: 4
2021-04-15 22:23:34.708 [http-nio-8080-exec-2] DEBUG c.s.dao.teachclassMapper.getteacherclassbyteachid - ==>  Preparing: select * from teachclass where teacherno=? ORDER BY coursesemester DESC 
2021-04-15 22:23:34.708 [http-nio-8080-exec-2] DEBUG c.s.dao.teachclassMapper.getteacherclassbyteachid - ==> Parameters: 1998000011(String)
2021-04-15 22:23:34.710 [http-nio-8080-exec-2] DEBUG c.s.dao.teachclassMapper.getteacherclassbyteachid - <==      Total: 4
2021-04-15 22:23:35.049 [http-nio-8080-exec-3] DEBUG c.s.dao.teachclassMapper.getteacherclassbyteachid - ==>  Preparing: select * from teachclass where teacherno=? ORDER BY coursesemester DESC 
2021-04-15 22:23:35.050 [http-nio-8080-exec-3] DEBUG c.s.dao.teachclassMapper.getteacherclassbyteachid - ==> Parameters: 1998000011(String)
2021-04-15 22:23:35.052 [http-nio-8080-exec-3] DEBUG c.s.dao.teachclassMapper.getteacherclassbyteachid - <==      Total: 4
2021-04-15 22:23:35.273 [http-nio-8080-exec-2] DEBUG c.s.dao.teachclassMapper.getteacherclassbyteachid - ==>  Preparing: select * from teachclass where teacherno=? ORDER BY coursesemester DESC 
2021-04-15 22:23:35.273 [http-nio-8080-exec-2] DEBUG c.s.dao.teachclassMapper.getteacherclassbyteachid - ==> Parameters: 1998000011(String)
2021-04-15 22:23:35.275 [http-nio-8080-exec-2] DEBUG c.s.dao.teachclassMapper.getteacherclassbyteachid - <==      Total: 4
2021-04-15 22:23:35.491 [http-nio-8080-exec-8] DEBUG c.s.dao.teachclassMapper.getteacherclassbyteachid - ==>  Preparing: select * from teachclass where teacherno=? ORDER BY coursesemester DESC 
2021-04-15 22:23:35.492 [http-nio-8080-exec-8] DEBUG c.s.dao.teachclassMapper.getteacherclassbyteachid - ==> Parameters: 1998000011(String)
2021-04-15 22:23:35.493 [http-nio-8080-exec-8] DEBUG c.s.dao.teachclassMapper.getteacherclassbyteachid - <==      Total: 4
2021-04-15 22:23:35.691 [http-nio-8080-exec-5] DEBUG c.s.dao.teachclassMapper.getteacherclassbyteachid - ==>  Preparing: select * from teachclass where teacherno=? ORDER BY coursesemester DESC 
2021-04-15 22:23:35.691 [http-nio-8080-exec-5] DEBUG c.s.dao.teachclassMapper.getteacherclassbyteachid - ==> Parameters: 1998000011(String)
2021-04-15 22:23:35.692 [http-nio-8080-exec-5] DEBUG c.s.dao.teachclassMapper.getteacherclassbyteachid - <==      Total: 4
2021-04-15 22:23:36.333 [http-nio-8080-exec-4] DEBUG c.s.dao.teachclassMapper.getteacherclassbyteachid - ==>  Preparing: select * from teachclass where teacherno=? ORDER BY coursesemester DESC 
2021-04-15 22:23:36.333 [http-nio-8080-exec-4] DEBUG c.s.dao.teachclassMapper.getteacherclassbyteachid - ==> Parameters: 1998000011(String)
2021-04-15 22:23:36.335 [http-nio-8080-exec-4] DEBUG c.s.dao.teachclassMapper.getteacherclassbyteachid - <==      Total: 4
2021-04-15 22:23:36.550 [http-nio-8080-exec-10] DEBUG c.s.dao.teachclassMapper.getteacherclassbyteachid - ==>  Preparing: select * from teachclass where teacherno=? ORDER BY coursesemester DESC 
2021-04-15 22:23:36.551 [http-nio-8080-exec-10] DEBUG c.s.dao.teachclassMapper.getteacherclassbyteachid - ==> Parameters: 1998000011(String)
2021-04-15 22:23:36.553 [http-nio-8080-exec-10] DEBUG c.s.dao.teachclassMapper.getteacherclassbyteachid - <==      Total: 4
2021-04-15 22:23:36.724 [http-nio-8080-exec-8] DEBUG c.s.dao.teachclassMapper.getteacherclassbyteachid - ==>  Preparing: select * from teachclass where teacherno=? ORDER BY coursesemester DESC 
2021-04-15 22:23:36.724 [http-nio-8080-exec-8] DEBUG c.s.dao.teachclassMapper.getteacherclassbyteachid - ==> Parameters: 1998000011(String)
2021-04-15 22:23:36.726 [http-nio-8080-exec-8] DEBUG c.s.dao.teachclassMapper.getteacherclassbyteachid - <==      Total: 4
2021-04-15 22:23:36.943 [http-nio-8080-exec-5] DEBUG c.s.dao.teachclassMapper.getteacherclassbyteachid - ==>  Preparing: select * from teachclass where teacherno=? ORDER BY coursesemester DESC 
2021-04-15 22:23:36.943 [http-nio-8080-exec-5] DEBUG c.s.dao.teachclassMapper.getteacherclassbyteachid - ==> Parameters: 1998000011(String)
2021-04-15 22:23:36.945 [http-nio-8080-exec-5] DEBUG c.s.dao.teachclassMapper.getteacherclassbyteachid - <==      Total: 4
2021-04-15 22:23:37.126 [http-nio-8080-exec-9] DEBUG c.s.dao.teachclassMapper.getteacherclassbyteachid - ==>  Preparing: select * from teachclass where teacherno=? ORDER BY coursesemester DESC 
2021-04-15 22:23:37.126 [http-nio-8080-exec-9] DEBUG c.s.dao.teachclassMapper.getteacherclassbyteachid - ==> Parameters: 1998000011(String)
2021-04-15 22:23:37.128 [http-nio-8080-exec-9] DEBUG c.s.dao.teachclassMapper.getteacherclassbyteachid - <==      Total: 4
2021-04-15 22:23:37.735 [http-nio-8080-exec-1] DEBUG com.submit.dao.teacherMapper.selectByPrimaryKey - ==>  Preparing: select teacherno, name, password, level from teacher where teacherno = ? 
2021-04-15 22:23:37.735 [http-nio-8080-exec-1] DEBUG com.submit.dao.teacherMapper.selectByPrimaryKey - ==> Parameters: 1998000011(String)
2021-04-15 22:23:37.737 [http-nio-8080-exec-1] DEBUG com.submit.dao.teacherMapper.selectByPrimaryKey - <==      Total: 1
2021-04-15 22:23:38.540 [http-nio-8080-exec-3] DEBUG c.s.dao.teachclassMapper.getteacherclassbyteachid - ==>  Preparing: select * from teachclass where teacherno=? ORDER BY coursesemester DESC 
2021-04-15 22:23:38.541 [http-nio-8080-exec-3] DEBUG c.s.dao.teachclassMapper.getteacherclassbyteachid - ==> Parameters: 1998000011(String)
2021-04-15 22:23:38.542 [http-nio-8080-exec-3] DEBUG c.s.dao.teachclassMapper.getteacherclassbyteachid - <==      Total: 4
2021-04-15 22:23:39.145 [http-nio-8080-exec-7] DEBUG com.submit.dao.studentMapper.getallstudent - ==>  Preparing: select * from student where studentno like CONCAT('%',?,'%') and name like CONCAT('%',?,'%') 
2021-04-15 22:23:39.145 [http-nio-8080-exec-7] DEBUG com.submit.dao.studentMapper.getallstudent - ==> Parameters: (String), (String)
2021-04-15 22:23:39.147 [http-nio-8080-exec-7] DEBUG com.submit.dao.studentMapper.getallstudent - <==      Total: 6
2021-04-15 22:23:39.591 [http-nio-8080-exec-5] DEBUG com.submit.dao.teacherMapper.getAllTeacher - ==>  Preparing: select * from teacher 
2021-04-15 22:23:39.592 [http-nio-8080-exec-5] DEBUG com.submit.dao.teacherMapper.getAllTeacher - ==> Parameters: 
2021-04-15 22:23:39.593 [http-nio-8080-exec-5] DEBUG com.submit.dao.teacherMapper.getAllTeacher - <==      Total: 2
2021-04-15 22:23:44.173 [http-nio-8080-exec-6] DEBUG com.submit.dao.studentMapper.getallstudent - ==>  Preparing: select * from student where studentno like CONCAT('%',?,'%') and name like CONCAT('%',?,'%') 
2021-04-15 22:23:44.173 [http-nio-8080-exec-6] DEBUG com.submit.dao.studentMapper.getallstudent - ==> Parameters: (String), (String)
2021-04-15 22:23:44.176 [http-nio-8080-exec-6] DEBUG com.submit.dao.studentMapper.getallstudent - <==      Total: 6
2021-04-15 22:23:46.017 [http-nio-8080-exec-9] DEBUG com.submit.dao.teacherMapper.selectByPrimaryKey - ==>  Preparing: select teacherno, name, password, level from teacher where teacherno = ? 
2021-04-15 22:23:46.017 [http-nio-8080-exec-9] DEBUG com.submit.dao.teacherMapper.selectByPrimaryKey - ==> Parameters: 1998000011(String)
2021-04-15 22:23:46.018 [http-nio-8080-exec-9] DEBUG com.submit.dao.teacherMapper.selectByPrimaryKey - <==      Total: 1
2021-04-15 22:23:46.603 [http-nio-8080-exec-2] DEBUG com.submit.dao.studentMapper.getallstudent - ==>  Preparing: select * from student where studentno like CONCAT('%',?,'%') and name like CONCAT('%',?,'%') 
2021-04-15 22:23:46.603 [http-nio-8080-exec-2] DEBUG com.submit.dao.studentMapper.getallstudent - ==> Parameters: (String), (String)
2021-04-15 22:23:46.604 [http-nio-8080-exec-2] DEBUG com.submit.dao.studentMapper.getallstudent - <==      Total: 6
2021-04-15 22:23:47.420 [http-nio-8080-exec-5] DEBUG com.submit.dao.teacherMapper.selectByPrimaryKey - ==>  Preparing: select teacherno, name, password, level from teacher where teacherno = ? 
2021-04-15 22:23:47.420 [http-nio-8080-exec-5] DEBUG com.submit.dao.teacherMapper.selectByPrimaryKey - ==> Parameters: 1998000011(String)
2021-04-15 22:23:47.421 [http-nio-8080-exec-5] DEBUG com.submit.dao.teacherMapper.selectByPrimaryKey - <==      Total: 1
2021-04-15 22:23:56.562 [http-nio-8080-exec-3] DEBUG com.submit.dao.studentMapper.getallstudent - ==>  Preparing: select * from student where studentno like CONCAT('%',?,'%') and name like CONCAT('%',?,'%') 
2021-04-15 22:23:56.562 [http-nio-8080-exec-3] DEBUG com.submit.dao.studentMapper.getallstudent - ==> Parameters: (String), (String)
2021-04-15 22:23:56.563 [http-nio-8080-exec-3] DEBUG com.submit.dao.studentMapper.getallstudent - <==      Total: 6
2021-04-15 22:23:57.389 [http-nio-8080-exec-9] DEBUG com.submit.dao.teacherMapper.getAllTeacher - ==>  Preparing: select * from teacher 
2021-04-15 22:23:57.389 [http-nio-8080-exec-9] DEBUG com.submit.dao.teacherMapper.getAllTeacher - ==> Parameters: 
2021-04-15 22:23:57.390 [http-nio-8080-exec-9] DEBUG com.submit.dao.teacherMapper.getAllTeacher - <==      Total: 2
2021-04-15 22:23:58.343 [http-nio-8080-exec-3] DEBUG com.submit.dao.studentMapper.getallstudent - ==>  Preparing: select * from student where studentno like CONCAT('%',?,'%') and name like CONCAT('%',?,'%') 
2021-04-15 22:23:58.343 [http-nio-8080-exec-3] DEBUG com.submit.dao.studentMapper.getallstudent - ==> Parameters: (String), (String)
2021-04-15 22:23:58.345 [http-nio-8080-exec-3] DEBUG com.submit.dao.studentMapper.getallstudent - <==      Total: 6
2021-04-15 22:24:30.283 [http-nio-8080-exec-4] DEBUG com.submit.dao.teacherMapper.selectByPrimaryKey - ==>  Preparing: select teacherno, name, password, level from teacher where teacherno = ? 
2021-04-15 22:24:30.283 [http-nio-8080-exec-4] DEBUG com.submit.dao.teacherMapper.selectByPrimaryKey - ==> Parameters: 1998000011(String)
2021-04-15 22:24:30.285 [http-nio-8080-exec-4] DEBUG com.submit.dao.teacherMapper.selectByPrimaryKey - <==      Total: 1
2021-04-15 22:24:31.592 [http-nio-8080-exec-4] DEBUG com.submit.dao.teacherMapper.selectByPrimaryKey - ==>  Preparing: select teacherno, name, password, level from teacher where teacherno = ? 
2021-04-15 22:24:31.593 [http-nio-8080-exec-4] DEBUG com.submit.dao.teacherMapper.selectByPrimaryKey - ==> Parameters: 1998000011(String)
2021-04-15 22:24:31.595 [http-nio-8080-exec-4] DEBUG com.submit.dao.teacherMapper.selectByPrimaryKey - <==      Total: 1
2021-04-15 22:24:33.600 [http-nio-8080-exec-8] DEBUG com.submit.dao.teacherMapper.selectByPrimaryKey - ==>  Preparing: select teacherno, name, password, level from teacher where teacherno = ? 
2021-04-15 22:24:33.600 [http-nio-8080-exec-8] DEBUG com.submit.dao.teacherMapper.selectByPrimaryKey - ==> Parameters: 1998000011(String)
2021-04-15 22:24:33.603 [http-nio-8080-exec-8] DEBUG com.submit.dao.teacherMapper.selectByPrimaryKey - <==      Total: 1
2021-04-15 22:24:34.831 [http-nio-8080-exec-7] DEBUG com.submit.dao.teacherMapper.selectByPrimaryKey - ==>  Preparing: select teacherno, name, password, level from teacher where teacherno = ? 
2021-04-15 22:24:34.832 [http-nio-8080-exec-7] DEBUG com.submit.dao.teacherMapper.selectByPrimaryKey - ==> Parameters: 1998000011(String)
2021-04-15 22:24:34.834 [http-nio-8080-exec-7] DEBUG com.submit.dao.teacherMapper.selectByPrimaryKey - <==      Total: 1
2021-04-15 22:24:35.083 [http-nio-8080-exec-6] DEBUG com.submit.dao.teacherMapper.selectByPrimaryKey - ==>  Preparing: select teacherno, name, password, level from teacher where teacherno = ? 
2021-04-15 22:24:35.083 [http-nio-8080-exec-6] DEBUG com.submit.dao.teacherMapper.selectByPrimaryKey - ==> Parameters: 1998000011(String)
2021-04-15 22:24:35.085 [http-nio-8080-exec-6] DEBUG com.submit.dao.teacherMapper.selectByPrimaryKey - <==      Total: 1
2021-04-15 22:24:35.292 [http-nio-8080-exec-3] DEBUG com.submit.dao.teacherMapper.selectByPrimaryKey - ==>  Preparing: select teacherno, name, password, level from teacher where teacherno = ? 
2021-04-15 22:24:35.292 [http-nio-8080-exec-3] DEBUG com.submit.dao.teacherMapper.selectByPrimaryKey - ==> Parameters: 1998000011(String)
2021-04-15 22:24:35.294 [http-nio-8080-exec-3] DEBUG com.submit.dao.teacherMapper.selectByPrimaryKey - <==      Total: 1
2021-04-15 22:24:35.493 [http-nio-8080-exec-2] DEBUG com.submit.dao.teacherMapper.selectByPrimaryKey - ==>  Preparing: select teacherno, name, password, level from teacher where teacherno = ? 
2021-04-15 22:24:35.493 [http-nio-8080-exec-2] DEBUG com.submit.dao.teacherMapper.selectByPrimaryKey - ==> Parameters: 1998000011(String)
2021-04-15 22:24:35.494 [http-nio-8080-exec-2] DEBUG com.submit.dao.teacherMapper.selectByPrimaryKey - <==      Total: 1
2021-04-15 22:26:26.968 [http-nio-8080-exec-1] DEBUG com.submit.dao.studentMapper.selectByPrimaryKey - ==>  Preparing: select studentno, name, pinyin, password from student where studentno = ? 
2021-04-15 22:26:26.968 [http-nio-8080-exec-1] DEBUG com.submit.dao.studentMapper.selectByPrimaryKey - ==> Parameters: 1100888(String)
2021-04-15 22:26:26.969 [http-nio-8080-exec-1] DEBUG com.submit.dao.studentMapper.selectByPrimaryKey - <==      Total: 1
2021-04-15 22:26:29.197 [http-nio-8080-exec-5] DEBUG com.submit.dao.jobMapper.gettaskdetail - ==>  Preparing: SELECT DATE_FORMAT(b.createTime,'%Y-%m-%d %h:%m:%s') as time,b.*, c.coursename FROM job b ,teachclass c WHERE b.teachclassid in (SELECT a.classID FROM studentclass a WHERE a.studentno=162210702234) AND c.ID=b.teachclassid ORDER BY b.ID DESC 
2021-04-15 22:26:29.199 [http-nio-8080-exec-5] DEBUG com.submit.dao.jobMapper.gettaskdetail - ==> Parameters: 
2021-04-15 22:26:29.200 [http-nio-8080-exec-5] DEBUG com.submit.dao.jobMapper.gettaskdetail - <==      Total: 0
2021-04-15 22:26:30.135 [http-nio-8080-exec-3] DEBUG c.s.dao.teachclassMapper.getteacherclassbystuid - ==>  Preparing: SELECT * from teachclass WHERE ID in (SELECT classID FROM studentclass WHERE studentno=?) GROUP BY coursename,ID ORDER BY coursesemester DESC 
2021-04-15 22:26:30.137 [http-nio-8080-exec-3] DEBUG c.s.dao.teachclassMapper.getteacherclassbystuid - ==> Parameters: 1100888(String)
2021-04-15 22:26:30.138 [http-nio-8080-exec-3] DEBUG c.s.dao.teachclassMapper.getteacherclassbystuid - <==      Total: 0
2021-04-15 22:29:24.525 [http-nio-8080-exec-1] DEBUG c.s.dao.teachclassMapper.getteacherclassbystuid2 - ==>  Preparing: select a.*,b.name from teachclass a,teacher b where ID in (SELECT classID FROM studentclass WHERE studentno=?) and a.teacherno=b.teacherno GROUP BY a.coursename,a.ID ORDER BY a.coursesemester DESC 
2021-04-15 22:29:24.526 [http-nio-8080-exec-1] DEBUG c.s.dao.teachclassMapper.getteacherclassbystuid2 - ==> Parameters: 1100888(String)
2021-04-15 22:29:24.529 [http-nio-8080-exec-1] DEBUG c.s.dao.teachclassMapper.getteacherclassbystuid2 - <==      Total: 0
2021-04-15 22:29:24.530 [http-nio-8080-exec-1] DEBUG com.submit.dao.teachclassMapper.getallclasslesson - ==>  Preparing: select a.*,b.name from teachclass a,teacher b where a.teacherno=b.teacherno GROUP BY a.coursename,a.ID ORDER BY a.coursesemester DESC 
2021-04-15 22:29:24.531 [http-nio-8080-exec-1] DEBUG com.submit.dao.teachclassMapper.getallclasslesson - ==> Parameters: 
2021-04-15 22:29:24.534 [http-nio-8080-exec-1] DEBUG com.submit.dao.teachclassMapper.getallclasslesson - <==      Total: 4
2021-04-15 22:29:26.542 [http-nio-8080-exec-1] DEBUG com.submit.dao.scoreMapper.getscoreupload - ==>  Preparing: SELECT d.studentno,d.score,d.`name` ,DATE_FORMAT(d.time,'%Y-%m-%d %h:%m:%s') as time,f.coursename,e.title FROM teachclass f, (SELECT a.studentno,a.jobID,a.time,IFNULL(a.score,0) as score,b.`name` FROM score a LEFT JOIN student b on a.studentno=b.studentno where a.studentno=?)d LEFT JOIN job e on d.jobID=e.ID WHERE e.teachclassid=f.ID ORDER BY e.ID DESC 
2021-04-15 22:29:26.545 [http-nio-8080-exec-1] DEBUG com.submit.dao.scoreMapper.getscoreupload - ==> Parameters: 1100888(String)
2021-04-15 22:29:26.547 [http-nio-8080-exec-1] DEBUG com.submit.dao.scoreMapper.getscoreupload - <==      Total: 0
2021-04-15 22:29:28.135 [http-nio-8080-exec-8] DEBUG c.s.dao.teachclassMapper.getteacherclassbystuid2 - ==>  Preparing: select a.*,b.name from teachclass a,teacher b where ID in (SELECT classID FROM studentclass WHERE studentno=?) and a.teacherno=b.teacherno GROUP BY a.coursename,a.ID ORDER BY a.coursesemester DESC 
2021-04-15 22:29:28.135 [http-nio-8080-exec-8] DEBUG c.s.dao.teachclassMapper.getteacherclassbystuid2 - ==> Parameters: 1100888(String)
2021-04-15 22:29:28.136 [http-nio-8080-exec-8] DEBUG c.s.dao.teachclassMapper.getteacherclassbystuid2 - <==      Total: 0
2021-04-15 22:29:28.137 [http-nio-8080-exec-8] DEBUG com.submit.dao.teachclassMapper.getallclasslesson - ==>  Preparing: select a.*,b.name from teachclass a,teacher b where a.teacherno=b.teacherno GROUP BY a.coursename,a.ID ORDER BY a.coursesemester DESC 
2021-04-15 22:29:28.137 [http-nio-8080-exec-8] DEBUG com.submit.dao.teachclassMapper.getallclasslesson - ==> Parameters: 
2021-04-15 22:29:28.139 [http-nio-8080-exec-8] DEBUG com.submit.dao.teachclassMapper.getallclasslesson - <==      Total: 4
2021-04-15 22:29:30.455 [http-nio-8080-exec-8] DEBUG c.s.dao.teachclassMapper.getteacherclassbystuid2 - ==>  Preparing: select a.*,b.name from teachclass a,teacher b where ID in (SELECT classID FROM studentclass WHERE studentno=?) and a.teacherno=b.teacherno GROUP BY a.coursename,a.ID ORDER BY a.coursesemester DESC 
2021-04-15 22:29:30.455 [http-nio-8080-exec-8] DEBUG c.s.dao.teachclassMapper.getteacherclassbystuid2 - ==> Parameters: 1100888(String)
2021-04-15 22:29:30.456 [http-nio-8080-exec-8] DEBUG c.s.dao.teachclassMapper.getteacherclassbystuid2 - <==      Total: 0
2021-04-15 22:29:30.457 [http-nio-8080-exec-8] DEBUG com.submit.dao.teachclassMapper.getallclasslesson - ==>  Preparing: select a.*,b.name from teachclass a,teacher b where a.teacherno=b.teacherno GROUP BY a.coursename,a.ID ORDER BY a.coursesemester DESC 
2021-04-15 22:29:30.457 [http-nio-8080-exec-8] DEBUG com.submit.dao.teachclassMapper.getallclasslesson - ==> Parameters: 
2021-04-15 22:29:30.459 [http-nio-8080-exec-8] DEBUG com.submit.dao.teachclassMapper.getallclasslesson - <==      Total: 4
2021-04-15 22:30:33.261 [http-nio-8080-exec-2] DEBUG com.submit.dao.studentMapper.selectByPrimaryKey - ==>  Preparing: select studentno, name, pinyin, password from student where studentno = ? 
2021-04-15 22:30:33.261 [http-nio-8080-exec-2] DEBUG com.submit.dao.studentMapper.selectByPrimaryKey - ==> Parameters: 1441904116(String)
2021-04-15 22:30:33.263 [http-nio-8080-exec-2] DEBUG com.submit.dao.studentMapper.selectByPrimaryKey - <==      Total: 1
2021-04-15 22:30:35.307 [http-nio-8080-exec-2] DEBUG c.s.dao.teachclassMapper.getteacherclassbystuid2 - ==>  Preparing: select a.*,b.name from teachclass a,teacher b where ID in (SELECT classID FROM studentclass WHERE studentno=?) and a.teacherno=b.teacherno GROUP BY a.coursename,a.ID ORDER BY a.coursesemester DESC 
2021-04-15 22:30:35.308 [http-nio-8080-exec-2] DEBUG c.s.dao.teachclassMapper.getteacherclassbystuid2 - ==> Parameters: 1441904116(String)
2021-04-15 22:30:35.309 [http-nio-8080-exec-2] DEBUG c.s.dao.teachclassMapper.getteacherclassbystuid2 - <==      Total: 1
2021-04-15 22:30:35.310 [http-nio-8080-exec-2] DEBUG com.submit.dao.teachclassMapper.getallclasslesson - ==>  Preparing: select a.*,b.name from teachclass a,teacher b where a.teacherno=b.teacherno GROUP BY a.coursename,a.ID ORDER BY a.coursesemester DESC 
2021-04-15 22:30:35.310 [http-nio-8080-exec-2] DEBUG com.submit.dao.teachclassMapper.getallclasslesson - ==> Parameters: 
2021-04-15 22:30:35.312 [http-nio-8080-exec-2] DEBUG com.submit.dao.teachclassMapper.getallclasslesson - <==      Total: 4
2021-04-15 22:30:38.016 [http-nio-8080-exec-9] DEBUG c.s.dao.teachclassMapper.getteacherclassbystuid - ==>  Preparing: SELECT * from teachclass WHERE ID in (SELECT classID FROM studentclass WHERE studentno=?) GROUP BY coursename,ID ORDER BY coursesemester DESC 
2021-04-15 22:30:38.016 [http-nio-8080-exec-9] DEBUG c.s.dao.teachclassMapper.getteacherclassbystuid - ==> Parameters: 1441904116(String)
2021-04-15 22:30:38.017 [http-nio-8080-exec-9] DEBUG c.s.dao.teachclassMapper.getteacherclassbystuid - <==      Total: 1
2021-04-15 22:30:38.085 [http-nio-8080-exec-6] DEBUG com.submit.dao.jobMapper.getjobbyteachclassid - ==>  Preparing: select * from job where teachclassid=? order by createTime desc 
2021-04-15 22:30:38.087 [http-nio-8080-exec-6] DEBUG com.submit.dao.jobMapper.getjobbyteachclassid - ==> Parameters: 2(Integer)
2021-04-15 22:30:38.370 [http-nio-8080-exec-6] DEBUG com.submit.dao.jobMapper.getjobbyteachclassid - <==      Total: 2
2021-04-15 22:31:19.362 [http-nio-8080-exec-3] DEBUG com.submit.dao.jobMapper.selectByPrimaryKey - ==>  Preparing: select ID, teachclassid, no, title, duedate, type, note, createTime from job where ID = ? 
2021-04-15 22:31:19.363 [http-nio-8080-exec-3] DEBUG com.submit.dao.jobMapper.selectByPrimaryKey - ==> Parameters: 5(Integer)
2021-04-15 22:31:19.364 [http-nio-8080-exec-3] DEBUG com.submit.dao.jobMapper.selectByPrimaryKey - <==      Total: 1
2021-04-15 22:31:19.365 [http-nio-8080-exec-3] DEBUG com.submit.dao.teachclassMapper.selectByPrimaryKey - ==>  Preparing: select ID, teachclassno, coursename, coursesemester, credit, evalmethod, teacherno from teachclass where ID = ? 
2021-04-15 22:31:19.365 [http-nio-8080-exec-3] DEBUG com.submit.dao.teachclassMapper.selectByPrimaryKey - ==> Parameters: 2(Integer)
2021-04-15 22:31:19.366 [http-nio-8080-exec-3] DEBUG com.submit.dao.teachclassMapper.selectByPrimaryKey - <==      Total: 1
2021-04-15 22:31:19.367 [http-nio-8080-exec-3] DEBUG com.submit.dao.scoreMapper.uniqueindex - ==>  Preparing: select * from score where jobID=? and studentno=? 
2021-04-15 22:31:19.368 [http-nio-8080-exec-3] DEBUG com.submit.dao.scoreMapper.uniqueindex - ==> Parameters: 5(Integer), 1441904116(String)
2021-04-15 22:31:19.369 [http-nio-8080-exec-3] DEBUG com.submit.dao.scoreMapper.uniqueindex - <==      Total: 0
2021-04-15 22:31:19.376 [http-nio-8080-exec-3] DEBUG com.submit.dao.scoreMapper.insert - ==>  Preparing: insert into score (ID, jobID, studentno, score, time, note ) values (?, ?, ?, ?, ?, ? ) 
2021-04-15 22:31:19.384 [http-nio-8080-exec-3] DEBUG com.submit.dao.scoreMapper.insert - ==> Parameters: null, 5(Integer), 1441904116(String), null, 2021-04-15 22:31:19.376(Timestamp), null
2021-04-15 22:31:19.390 [http-nio-8080-exec-3] DEBUG com.submit.dao.scoreMapper.insert - <==    Updates: 1
2021-04-15 22:40:43.833 [http-nio-8080-exec-2] DEBUG com.submit.dao.studentMapper.selectByPrimaryKey - ==>  Preparing: select studentno, name, pinyin, password from student where studentno = ? 
2021-04-15 22:40:43.833 [http-nio-8080-exec-2] DEBUG com.submit.dao.studentMapper.selectByPrimaryKey - ==> Parameters: 1441904116(String)
2021-04-15 22:40:43.835 [http-nio-8080-exec-2] DEBUG com.submit.dao.studentMapper.selectByPrimaryKey - <==      Total: 1
2021-04-15 22:40:46.594 [http-nio-8080-exec-2] DEBUG c.s.dao.teachclassMapper.getteacherclassbystuid - ==>  Preparing: SELECT * from teachclass WHERE ID in (SELECT classID FROM studentclass WHERE studentno=?) GROUP BY coursename,ID ORDER BY coursesemester DESC 
2021-04-15 22:40:46.594 [http-nio-8080-exec-2] DEBUG c.s.dao.teachclassMapper.getteacherclassbystuid - ==> Parameters: 1441904116(String)
2021-04-15 22:40:46.595 [http-nio-8080-exec-2] DEBUG c.s.dao.teachclassMapper.getteacherclassbystuid - <==      Total: 1
2021-04-15 22:40:46.692 [http-nio-8080-exec-10] DEBUG com.submit.dao.jobMapper.getjobbyteachclassid - ==>  Preparing: select * from job where teachclassid=? order by createTime desc 
2021-04-15 22:40:46.692 [http-nio-8080-exec-10] DEBUG com.submit.dao.jobMapper.getjobbyteachclassid - ==> Parameters: 2(Integer)
2021-04-15 22:40:46.693 [http-nio-8080-exec-10] DEBUG com.submit.dao.jobMapper.getjobbyteachclassid - <==      Total: 2
2021-04-15 22:41:02.185 [http-nio-8080-exec-9] DEBUG com.submit.dao.jobMapper.selectByPrimaryKey - ==>  Preparing: select ID, teachclassid, no, title, duedate, type, note, createTime from job where ID = ? 
2021-04-15 22:41:02.185 [http-nio-8080-exec-9] DEBUG com.submit.dao.jobMapper.selectByPrimaryKey - ==> Parameters: 6(Integer)
2021-04-15 22:41:02.186 [http-nio-8080-exec-9] DEBUG com.submit.dao.jobMapper.selectByPrimaryKey - <==      Total: 1
2021-04-15 22:41:02.187 [http-nio-8080-exec-9] DEBUG com.submit.dao.teachclassMapper.selectByPrimaryKey - ==>  Preparing: select ID, teachclassno, coursename, coursesemester, credit, evalmethod, teacherno from teachclass where ID = ? 
2021-04-15 22:41:02.187 [http-nio-8080-exec-9] DEBUG com.submit.dao.teachclassMapper.selectByPrimaryKey - ==> Parameters: 2(Integer)
2021-04-15 22:41:02.189 [http-nio-8080-exec-9] DEBUG com.submit.dao.teachclassMapper.selectByPrimaryKey - <==      Total: 1
2021-04-15 22:41:02.189 [http-nio-8080-exec-9] DEBUG com.submit.dao.scoreMapper.uniqueindex - ==>  Preparing: select * from score where jobID=? and studentno=? 
2021-04-15 22:41:02.189 [http-nio-8080-exec-9] DEBUG com.submit.dao.scoreMapper.uniqueindex - ==> Parameters: 6(Integer), 1441904116(String)
2021-04-15 22:41:02.190 [http-nio-8080-exec-9] DEBUG com.submit.dao.scoreMapper.uniqueindex - <==      Total: 0
2021-04-15 22:41:02.197 [http-nio-8080-exec-9] DEBUG com.submit.dao.scoreMapper.insert - ==>  Preparing: insert into score (ID, jobID, studentno, score, time, note ) values (?, ?, ?, ?, ?, ? ) 
2021-04-15 22:41:02.197 [http-nio-8080-exec-9] DEBUG com.submit.dao.scoreMapper.insert - ==> Parameters: null, 6(Integer), 1441904116(String), null, 2021-04-15 22:41:02.197(Timestamp), null
2021-04-15 22:41:02.202 [http-nio-8080-exec-9] DEBUG com.submit.dao.scoreMapper.insert - <==    Updates: 1
2021-04-15 22:42:45.371 [restartedMain] DEBUG com.submit.WorkuploadApplication - Running with Spring Boot v2.1.4.RELEASE, Spring v5.1.6.RELEASE
2021-04-15 22:43:05.531 [http-nio-8080-exec-4] DEBUG com.submit.dao.studentMapper.selectByPrimaryKey - ==>  Preparing: select studentno, name, pinyin, password from student where studentno = ? 
2021-04-15 22:43:05.628 [http-nio-8080-exec-4] DEBUG com.submit.dao.studentMapper.selectByPrimaryKey - ==> Parameters: 1441904116(String)
2021-04-15 22:43:05.658 [http-nio-8080-exec-4] DEBUG com.submit.dao.studentMapper.selectByPrimaryKey - <==      Total: 1
2021-04-15 22:43:07.696 [http-nio-8080-exec-6] DEBUG com.submit.dao.scoreMapper.getscoreupload - ==>  Preparing: SELECT d.studentno,d.score,d.`name` ,DATE_FORMAT(d.time,'%Y-%m-%d %h:%m:%s') as time,f.coursename,e.title FROM teachclass f, (SELECT a.studentno,a.jobID,a.time,IFNULL(a.score,0) as score,b.`name` FROM score a LEFT JOIN student b on a.studentno=b.studentno where a.studentno=?)d LEFT JOIN job e on d.jobID=e.ID WHERE e.teachclassid=f.ID ORDER BY e.ID DESC 
2021-04-15 22:43:07.707 [http-nio-8080-exec-6] DEBUG com.submit.dao.scoreMapper.getscoreupload - ==> Parameters: 1441904116(String)
2021-04-15 22:43:07.711 [http-nio-8080-exec-6] DEBUG com.submit.dao.scoreMapper.getscoreupload - <==      Total: 2
2021-04-15 22:43:08.112 [http-nio-8080-exec-7] DEBUG c.s.dao.teachclassMapper.getteacherclassbystuid - ==>  Preparing: SELECT * from teachclass WHERE ID in (SELECT classID FROM studentclass WHERE studentno=?) GROUP BY coursename,ID ORDER BY coursesemester DESC 
2021-04-15 22:43:08.115 [http-nio-8080-exec-7] DEBUG c.s.dao.teachclassMapper.getteacherclassbystuid - ==> Parameters: 1441904116(String)
2021-04-15 22:43:08.118 [http-nio-8080-exec-7] DEBUG c.s.dao.teachclassMapper.getteacherclassbystuid - <==      Total: 1
2021-04-15 22:43:08.211 [http-nio-8080-exec-3] DEBUG com.submit.dao.jobMapper.getjobbyteachclassid - ==>  Preparing: select * from job where teachclassid=? order by createTime desc 
2021-04-15 22:43:08.212 [http-nio-8080-exec-3] DEBUG com.submit.dao.jobMapper.getjobbyteachclassid - ==> Parameters: 2(Integer)
2021-04-15 22:43:08.215 [http-nio-8080-exec-3] DEBUG com.submit.dao.jobMapper.getjobbyteachclassid - <==      Total: 2
2021-04-15 22:43:09.334 [http-nio-8080-exec-2] DEBUG com.submit.dao.scoreMapper.getscoreupload - ==>  Preparing: SELECT d.studentno,d.score,d.`name` ,DATE_FORMAT(d.time,'%Y-%m-%d %h:%m:%s') as time,f.coursename,e.title FROM teachclass f, (SELECT a.studentno,a.jobID,a.time,IFNULL(a.score,0) as score,b.`name` FROM score a LEFT JOIN student b on a.studentno=b.studentno where a.studentno=?)d LEFT JOIN job e on d.jobID=e.ID WHERE e.teachclassid=f.ID ORDER BY e.ID DESC 
2021-04-15 22:43:09.335 [http-nio-8080-exec-2] DEBUG com.submit.dao.scoreMapper.getscoreupload - ==> Parameters: 1441904116(String)
2021-04-15 22:43:09.338 [http-nio-8080-exec-2] DEBUG com.submit.dao.scoreMapper.getscoreupload - <==      Total: 2
2021-04-15 22:43:15.799 [http-nio-8080-exec-8] DEBUG com.submit.dao.jobMapper.gettaskdetail - ==>  Preparing: SELECT DATE_FORMAT(b.createTime,'%Y-%m-%d %h:%m:%s') as time,b.*, c.coursename FROM job b ,teachclass c WHERE b.teachclassid in (SELECT a.classID FROM studentclass a WHERE a.studentno=162210702234) AND c.ID=b.teachclassid ORDER BY b.ID DESC 
2021-04-15 22:43:15.801 [http-nio-8080-exec-8] DEBUG com.submit.dao.jobMapper.gettaskdetail - ==> Parameters: 
2021-04-15 22:43:15.803 [http-nio-8080-exec-8] DEBUG com.submit.dao.jobMapper.gettaskdetail - <==      Total: 0
2021-04-15 22:43:16.769 [http-nio-8080-exec-10] DEBUG c.s.dao.teachclassMapper.getteacherclassbystuid - ==>  Preparing: SELECT * from teachclass WHERE ID in (SELECT classID FROM studentclass WHERE studentno=?) GROUP BY coursename,ID ORDER BY coursesemester DESC 
2021-04-15 22:43:16.770 [http-nio-8080-exec-10] DEBUG c.s.dao.teachclassMapper.getteacherclassbystuid - ==> Parameters: 1441904116(String)
2021-04-15 22:43:16.773 [http-nio-8080-exec-10] DEBUG c.s.dao.teachclassMapper.getteacherclassbystuid - <==      Total: 1
2021-04-15 22:43:16.855 [http-nio-8080-exec-6] DEBUG com.submit.dao.jobMapper.getjobbyteachclassid - ==>  Preparing: select * from job where teachclassid=? order by createTime desc 
2021-04-15 22:43:16.855 [http-nio-8080-exec-6] DEBUG com.submit.dao.jobMapper.getjobbyteachclassid - ==> Parameters: 2(Integer)
2021-04-15 22:43:16.858 [http-nio-8080-exec-6] DEBUG com.submit.dao.jobMapper.getjobbyteachclassid - <==      Total: 2
2021-04-15 22:43:24.989 [http-nio-8080-exec-3] DEBUG com.submit.dao.jobMapper.selectByPrimaryKey - ==>  Preparing: select ID, teachclassid, no, title, duedate, type, note, createTime from job where ID = ? 
2021-04-15 22:43:24.990 [http-nio-8080-exec-3] DEBUG com.submit.dao.jobMapper.selectByPrimaryKey - ==> Parameters: 6(Integer)
2021-04-15 22:43:24.992 [http-nio-8080-exec-3] DEBUG com.submit.dao.jobMapper.selectByPrimaryKey - <==      Total: 1
2021-04-15 22:43:24.993 [http-nio-8080-exec-3] DEBUG com.submit.dao.teachclassMapper.selectByPrimaryKey - ==>  Preparing: select ID, teachclassno, coursename, coursesemester, credit, evalmethod, teacherno from teachclass where ID = ? 
2021-04-15 22:43:24.994 [http-nio-8080-exec-3] DEBUG com.submit.dao.teachclassMapper.selectByPrimaryKey - ==> Parameters: 2(Integer)
2021-04-15 22:43:24.995 [http-nio-8080-exec-3] DEBUG com.submit.dao.teachclassMapper.selectByPrimaryKey - <==      Total: 1
2021-04-15 22:43:24.999 [http-nio-8080-exec-3] DEBUG com.submit.dao.scoreMapper.uniqueindex - ==>  Preparing: select * from score where jobID=? and studentno=? 
2021-04-15 22:43:25.000 [http-nio-8080-exec-3] DEBUG com.submit.dao.scoreMapper.uniqueindex - ==> Parameters: 6(Integer), 1441904116(String)
2021-04-15 22:43:25.001 [http-nio-8080-exec-3] DEBUG com.submit.dao.scoreMapper.uniqueindex - <==      Total: 1
2021-04-15 22:43:25.020 [http-nio-8080-exec-3] DEBUG c.s.dao.scoreMapper.updateByPrimaryKeySelective - ==>  Preparing: update score SET jobID = ?, studentno = ?, time = ? where ID = ? 
2021-04-15 22:43:25.024 [http-nio-8080-exec-3] DEBUG c.s.dao.scoreMapper.updateByPrimaryKeySelective - ==> Parameters: 6(Integer), 1441904116(String), 2021-04-15 22:43:25.007(Timestamp), 100(Long)
2021-04-15 22:43:25.030 [http-nio-8080-exec-3] DEBUG c.s.dao.scoreMapper.updateByPrimaryKeySelective - <==    Updates: 1
2021-04-15 22:53:44.110 [restartedMain] DEBUG com.submit.WorkuploadApplication - Running with Spring Boot v2.1.4.RELEASE, Spring v5.1.6.RELEASE
2021-04-15 22:54:05.119 [http-nio-8080-exec-4] DEBUG com.submit.dao.studentMapper.selectByPrimaryKey - ==>  Preparing: select studentno, name, pinyin, password from student where studentno = ? 
2021-04-15 22:54:05.220 [http-nio-8080-exec-4] DEBUG com.submit.dao.studentMapper.selectByPrimaryKey - ==> Parameters: 1441904116(String)
2021-04-15 22:54:05.246 [http-nio-8080-exec-4] DEBUG com.submit.dao.studentMapper.selectByPrimaryKey - <==      Total: 1
2021-04-15 22:54:07.169 [http-nio-8080-exec-4] DEBUG c.s.dao.teachclassMapper.getteacherclassbystuid - ==>  Preparing: SELECT * from teachclass WHERE ID in (SELECT classID FROM studentclass WHERE studentno=?) GROUP BY coursename,ID ORDER BY coursesemester DESC 
2021-04-15 22:54:07.173 [http-nio-8080-exec-4] DEBUG c.s.dao.teachclassMapper.getteacherclassbystuid - ==> Parameters: 1441904116(String)
2021-04-15 22:54:07.178 [http-nio-8080-exec-4] DEBUG c.s.dao.teachclassMapper.getteacherclassbystuid - <==      Total: 1
2021-04-15 22:54:07.269 [http-nio-8080-exec-10] DEBUG com.submit.dao.jobMapper.getjobbyteachclassid - ==>  Preparing: select * from job where teachclassid=? order by createTime desc 
2021-04-15 22:54:07.271 [http-nio-8080-exec-10] DEBUG com.submit.dao.jobMapper.getjobbyteachclassid - ==> Parameters: 2(Integer)
2021-04-15 22:54:07.275 [http-nio-8080-exec-10] DEBUG com.submit.dao.jobMapper.getjobbyteachclassid - <==      Total: 2
2021-04-15 22:54:17.186 [http-nio-8080-exec-8] DEBUG com.submit.dao.jobMapper.selectByPrimaryKey - ==>  Preparing: select ID, teachclassid, no, title, duedate, type, note, createTime from job where ID = ? 
2021-04-15 22:54:17.187 [http-nio-8080-exec-8] DEBUG com.submit.dao.jobMapper.selectByPrimaryKey - ==> Parameters: 5(Integer)
2021-04-15 22:54:17.190 [http-nio-8080-exec-8] DEBUG com.submit.dao.jobMapper.selectByPrimaryKey - <==      Total: 1
2021-04-15 22:54:17.190 [http-nio-8080-exec-8] DEBUG com.submit.dao.teachclassMapper.selectByPrimaryKey - ==>  Preparing: select ID, teachclassno, coursename, coursesemester, credit, evalmethod, teacherno from teachclass where ID = ? 
2021-04-15 22:54:17.191 [http-nio-8080-exec-8] DEBUG com.submit.dao.teachclassMapper.selectByPrimaryKey - ==> Parameters: 2(Integer)
2021-04-15 22:54:17.192 [http-nio-8080-exec-8] DEBUG com.submit.dao.teachclassMapper.selectByPrimaryKey - <==      Total: 1
2021-04-15 22:54:17.193 [http-nio-8080-exec-8] DEBUG com.submit.dao.scoreMapper.uniqueindex - ==>  Preparing: select * from score where jobID=? and studentno=? 
2021-04-15 22:54:17.194 [http-nio-8080-exec-8] DEBUG com.submit.dao.scoreMapper.uniqueindex - ==> Parameters: 5(Integer), 1441904116(String)
2021-04-15 22:54:17.196 [http-nio-8080-exec-8] DEBUG com.submit.dao.scoreMapper.uniqueindex - <==      Total: 1
2021-04-15 22:54:17.217 [http-nio-8080-exec-8] DEBUG c.s.dao.scoreMapper.updateByPrimaryKeySelective - ==>  Preparing: update score SET jobID = ?, studentno = ?, time = ? where ID = ? 
2021-04-15 22:54:17.222 [http-nio-8080-exec-8] DEBUG c.s.dao.scoreMapper.updateByPrimaryKeySelective - ==> Parameters: 5(Integer), 1441904116(String), 2021-04-15 22:54:17.204(Timestamp), 99(Long)
2021-04-15 22:54:17.228 [http-nio-8080-exec-8] DEBUG c.s.dao.scoreMapper.updateByPrimaryKeySelective - <==    Updates: 1
2021-04-15 22:57:35.355 [restartedMain] DEBUG com.submit.WorkuploadApplication - Running with Spring Boot v2.1.4.RELEASE, Spring v5.1.6.RELEASE
2021-04-15 22:58:06.484 [http-nio-8080-exec-4] DEBUG com.submit.dao.studentMapper.selectByPrimaryKey - ==>  Preparing: select studentno, name, pinyin, password from student where studentno = ? 
2021-04-15 22:58:06.591 [http-nio-8080-exec-4] DEBUG com.submit.dao.studentMapper.selectByPrimaryKey - ==> Parameters: 1441904116(String)
2021-04-15 22:58:06.619 [http-nio-8080-exec-4] DEBUG com.submit.dao.studentMapper.selectByPrimaryKey - <==      Total: 1
2021-04-15 22:58:08.347 [http-nio-8080-exec-4] DEBUG c.s.dao.teachclassMapper.getteacherclassbystuid - ==>  Preparing: SELECT * from teachclass WHERE ID in (SELECT classID FROM studentclass WHERE studentno=?) GROUP BY coursename,ID ORDER BY coursesemester DESC 
2021-04-15 22:58:08.351 [http-nio-8080-exec-4] DEBUG c.s.dao.teachclassMapper.getteacherclassbystuid - ==> Parameters: 1441904116(String)
2021-04-15 22:58:08.355 [http-nio-8080-exec-4] DEBUG c.s.dao.teachclassMapper.getteacherclassbystuid - <==      Total: 1
2021-04-15 22:58:08.440 [http-nio-8080-exec-10] DEBUG com.submit.dao.jobMapper.getjobbyteachclassid - ==>  Preparing: select * from job where teachclassid=? order by createTime desc 
2021-04-15 22:58:08.442 [http-nio-8080-exec-10] DEBUG com.submit.dao.jobMapper.getjobbyteachclassid - ==> Parameters: 2(Integer)
2021-04-15 22:58:08.444 [http-nio-8080-exec-10] DEBUG com.submit.dao.jobMapper.getjobbyteachclassid - <==      Total: 2
2021-04-15 22:58:16.163 [http-nio-8080-exec-8] DEBUG com.submit.dao.jobMapper.selectByPrimaryKey - ==>  Preparing: select ID, teachclassid, no, title, duedate, type, note, createTime from job where ID = ? 
2021-04-15 22:58:16.164 [http-nio-8080-exec-8] DEBUG com.submit.dao.jobMapper.selectByPrimaryKey - ==> Parameters: 6(Integer)
2021-04-15 22:58:16.167 [http-nio-8080-exec-8] DEBUG com.submit.dao.jobMapper.selectByPrimaryKey - <==      Total: 1
2021-04-15 22:58:16.168 [http-nio-8080-exec-8] DEBUG com.submit.dao.teachclassMapper.selectByPrimaryKey - ==>  Preparing: select ID, teachclassno, coursename, coursesemester, credit, evalmethod, teacherno from teachclass where ID = ? 
2021-04-15 22:58:16.168 [http-nio-8080-exec-8] DEBUG com.submit.dao.teachclassMapper.selectByPrimaryKey - ==> Parameters: 2(Integer)
2021-04-15 22:58:16.170 [http-nio-8080-exec-8] DEBUG com.submit.dao.teachclassMapper.selectByPrimaryKey - <==      Total: 1
2021-04-15 22:58:16.171 [http-nio-8080-exec-8] DEBUG com.submit.dao.scoreMapper.uniqueindex - ==>  Preparing: select * from score where jobID=? and studentno=? 
2021-04-15 22:58:16.172 [http-nio-8080-exec-8] DEBUG com.submit.dao.scoreMapper.uniqueindex - ==> Parameters: 6(Integer), 1441904116(String)
2021-04-15 22:58:16.174 [http-nio-8080-exec-8] DEBUG com.submit.dao.scoreMapper.uniqueindex - <==      Total: 1
2021-04-15 22:58:16.196 [http-nio-8080-exec-8] DEBUG c.s.dao.scoreMapper.updateByPrimaryKeySelective - ==>  Preparing: update score SET jobID = ?, studentno = ?, time = ? where ID = ? 
2021-04-15 22:58:16.200 [http-nio-8080-exec-8] DEBUG c.s.dao.scoreMapper.updateByPrimaryKeySelective - ==> Parameters: 6(Integer), 1441904116(String), 2021-04-15 22:58:16.183(Timestamp), 100(Long)
2021-04-15 22:58:16.207 [http-nio-8080-exec-8] DEBUG c.s.dao.scoreMapper.updateByPrimaryKeySelective - <==    Updates: 1
2021-04-15 23:00:16.100 [http-nio-8080-exec-4] DEBUG com.submit.dao.jobMapper.selectByPrimaryKey - ==>  Preparing: select ID, teachclassid, no, title, duedate, type, note, createTime from job where ID = ? 
2021-04-15 23:00:16.101 [http-nio-8080-exec-4] DEBUG com.submit.dao.jobMapper.selectByPrimaryKey - ==> Parameters: 6(Integer)
2021-04-15 23:00:16.102 [http-nio-8080-exec-4] DEBUG com.submit.dao.jobMapper.selectByPrimaryKey - <==      Total: 1
2021-04-15 23:00:16.103 [http-nio-8080-exec-4] DEBUG com.submit.dao.teachclassMapper.selectByPrimaryKey - ==>  Preparing: select ID, teachclassno, coursename, coursesemester, credit, evalmethod, teacherno from teachclass where ID = ? 
2021-04-15 23:00:16.103 [http-nio-8080-exec-4] DEBUG com.submit.dao.teachclassMapper.selectByPrimaryKey - ==> Parameters: 2(Integer)
2021-04-15 23:00:16.106 [http-nio-8080-exec-4] DEBUG com.submit.dao.teachclassMapper.selectByPrimaryKey - <==      Total: 1
2021-04-15 23:00:16.106 [http-nio-8080-exec-4] DEBUG com.submit.dao.scoreMapper.uniqueindex - ==>  Preparing: select * from score where jobID=? and studentno=? 
2021-04-15 23:00:16.107 [http-nio-8080-exec-4] DEBUG com.submit.dao.scoreMapper.uniqueindex - ==> Parameters: 6(Integer), 1441904116(String)
2021-04-15 23:00:16.109 [http-nio-8080-exec-4] DEBUG com.submit.dao.scoreMapper.uniqueindex - <==      Total: 1
2021-04-15 23:00:16.117 [http-nio-8080-exec-4] DEBUG c.s.dao.scoreMapper.updateByPrimaryKeySelective - ==>  Preparing: update score SET jobID = ?, studentno = ?, time = ? where ID = ? 
2021-04-15 23:00:16.117 [http-nio-8080-exec-4] DEBUG c.s.dao.scoreMapper.updateByPrimaryKeySelective - ==> Parameters: 6(Integer), 1441904116(String), 2021-04-15 23:00:16.116(Timestamp), 100(Long)
2021-04-15 23:00:16.126 [http-nio-8080-exec-4] DEBUG c.s.dao.scoreMapper.updateByPrimaryKeySelective - <==    Updates: 1
2021-04-15 23:00:29.761 [restartedMain] DEBUG com.submit.WorkuploadApplication - Running with Spring Boot v2.1.4.RELEASE, Spring v5.1.6.RELEASE
2021-04-15 23:00:57.442 [http-nio-8080-exec-10] DEBUG com.submit.dao.studentMapper.selectByPrimaryKey - ==>  Preparing: select studentno, name, pinyin, password from student where studentno = ? 
2021-04-15 23:00:57.538 [http-nio-8080-exec-10] DEBUG com.submit.dao.studentMapper.selectByPrimaryKey - ==> Parameters: 1441904116(String)
2021-04-15 23:00:57.560 [http-nio-8080-exec-10] DEBUG com.submit.dao.studentMapper.selectByPrimaryKey - <==      Total: 1
2021-04-15 23:00:59.554 [http-nio-8080-exec-1] DEBUG c.s.dao.teachclassMapper.getteacherclassbystuid - ==>  Preparing: SELECT * from teachclass WHERE ID in (SELECT classID FROM studentclass WHERE studentno=?) GROUP BY coursename,ID ORDER BY coursesemester DESC 
2021-04-15 23:00:59.558 [http-nio-8080-exec-1] DEBUG c.s.dao.teachclassMapper.getteacherclassbystuid - ==> Parameters: 1441904116(String)
2021-04-15 23:00:59.562 [http-nio-8080-exec-1] DEBUG c.s.dao.teachclassMapper.getteacherclassbystuid - <==      Total: 1
2021-04-15 23:00:59.694 [http-nio-8080-exec-8] DEBUG com.submit.dao.jobMapper.getjobbyteachclassid - ==>  Preparing: select * from job where teachclassid=? order by createTime desc 
2021-04-15 23:00:59.696 [http-nio-8080-exec-8] DEBUG com.submit.dao.jobMapper.getjobbyteachclassid - ==> Parameters: 2(Integer)
2021-04-15 23:00:59.699 [http-nio-8080-exec-8] DEBUG com.submit.dao.jobMapper.getjobbyteachclassid - <==      Total: 2
2021-04-15 23:01:00.328 [http-nio-8080-exec-6] DEBUG com.submit.dao.scoreMapper.getscoreupload - ==>  Preparing: SELECT d.studentno,d.score,d.`name` ,DATE_FORMAT(d.time,'%Y-%m-%d %h:%m:%s') as time,f.coursename,e.title FROM teachclass f, (SELECT a.studentno,a.jobID,a.time,IFNULL(a.score,0) as score,b.`name` FROM score a LEFT JOIN student b on a.studentno=b.studentno where a.studentno=?)d LEFT JOIN job e on d.jobID=e.ID WHERE e.teachclassid=f.ID ORDER BY e.ID DESC 
2021-04-15 23:01:00.336 [http-nio-8080-exec-6] DEBUG com.submit.dao.scoreMapper.getscoreupload - ==> Parameters: 1441904116(String)
2021-04-15 23:01:00.339 [http-nio-8080-exec-6] DEBUG com.submit.dao.scoreMapper.getscoreupload - <==      Total: 2
2021-04-15 23:01:01.473 [http-nio-8080-exec-9] DEBUG c.s.dao.teachclassMapper.getteacherclassbystuid - ==>  Preparing: SELECT * from teachclass WHERE ID in (SELECT classID FROM studentclass WHERE studentno=?) GROUP BY coursename,ID ORDER BY coursesemester DESC 
2021-04-15 23:01:01.473 [http-nio-8080-exec-9] DEBUG c.s.dao.teachclassMapper.getteacherclassbystuid - ==> Parameters: 1441904116(String)
2021-04-15 23:01:01.475 [http-nio-8080-exec-9] DEBUG c.s.dao.teachclassMapper.getteacherclassbystuid - <==      Total: 1
2021-04-15 23:01:01.562 [http-nio-8080-exec-4] DEBUG com.submit.dao.jobMapper.getjobbyteachclassid - ==>  Preparing: select * from job where teachclassid=? order by createTime desc 
2021-04-15 23:01:01.563 [http-nio-8080-exec-4] DEBUG com.submit.dao.jobMapper.getjobbyteachclassid - ==> Parameters: 2(Integer)
2021-04-15 23:01:01.566 [http-nio-8080-exec-4] DEBUG com.submit.dao.jobMapper.getjobbyteachclassid - <==      Total: 2
2021-04-15 23:01:08.559 [http-nio-8080-exec-7] DEBUG com.submit.dao.jobMapper.selectByPrimaryKey - ==>  Preparing: select ID, teachclassid, no, title, duedate, type, note, createTime from job where ID = ? 
2021-04-15 23:01:08.561 [http-nio-8080-exec-7] DEBUG com.submit.dao.jobMapper.selectByPrimaryKey - ==> Parameters: 5(Integer)
2021-04-15 23:01:08.563 [http-nio-8080-exec-7] DEBUG com.submit.dao.jobMapper.selectByPrimaryKey - <==      Total: 1
2021-04-15 23:01:08.564 [http-nio-8080-exec-7] DEBUG com.submit.dao.teachclassMapper.selectByPrimaryKey - ==>  Preparing: select ID, teachclassno, coursename, coursesemester, credit, evalmethod, teacherno from teachclass where ID = ? 
2021-04-15 23:01:08.566 [http-nio-8080-exec-7] DEBUG com.submit.dao.teachclassMapper.selectByPrimaryKey - ==> Parameters: 2(Integer)
2021-04-15 23:01:08.568 [http-nio-8080-exec-7] DEBUG com.submit.dao.teachclassMapper.selectByPrimaryKey - <==      Total: 1
2021-04-15 23:01:08.570 [http-nio-8080-exec-7] DEBUG com.submit.dao.scoreMapper.uniqueindex - ==>  Preparing: select * from score where jobID=? and studentno=? 
2021-04-15 23:01:08.571 [http-nio-8080-exec-7] DEBUG com.submit.dao.scoreMapper.uniqueindex - ==> Parameters: 5(Integer), 1441904116(String)
2021-04-15 23:01:08.573 [http-nio-8080-exec-7] DEBUG com.submit.dao.scoreMapper.uniqueindex - <==      Total: 1
2021-04-15 23:01:08.595 [http-nio-8080-exec-7] DEBUG c.s.dao.scoreMapper.updateByPrimaryKeySelective - ==>  Preparing: update score SET jobID = ?, studentno = ?, time = ? where ID = ? 
2021-04-15 23:01:08.606 [http-nio-8080-exec-7] DEBUG c.s.dao.scoreMapper.updateByPrimaryKeySelective - ==> Parameters: 5(Integer), 1441904116(String), 2021-04-15 23:01:08.578(Timestamp), 99(Long)
2021-04-15 23:01:08.612 [http-nio-8080-exec-7] DEBUG c.s.dao.scoreMapper.updateByPrimaryKeySelective - <==    Updates: 1
